---(PID) NODE 1 PID 29695 
---(PID) NODE 2 PID 31616 
---(PID) NODE 0 PID 32534 
MasterLocale: bwlf31   

(COMM_LAYER) 0 In AM_timeout : setting timeout flag ******
 pi = 3.14173 ----------on locale 0
(COMM_LAYER) 0 In AM_timeout : setting timeout flag ******
 pi = 3.14173 ----------on locale 0
(fork_wrapper_nb_with_extras)0   ********** ALL GOOD  
 (*******) 0 FORK_NB_with_extras 0 -> 2 :: Timeout from child - recover - END -- should delete here 
(*******) 0 FORK_NB_with_extras 0 -> 1 :: Timeout from child - recover - END -- should delete here 
PROGRAM END ============= Time elapsed:123.523 

 pi = 3.14173 ----------on locale 0
(COMM LAYER) 0 chpl_comm_exit ******************************* NBFORK ********************  
(COMM LAYER) 0 :: FAILED NODES=========================-- 
-- ID: 0  -- ALIVE 0 -- 
-- ID: 1  -- ALIVE 1 -- 
-- ID: 2  -- ALIVE 1 -- 
--------------(SIGUSR2_handler) 2 RECEIVED SIGNAL SIGUSR2 - setting amIalive var 
(fork_wrapper_nb_with_extras)2   ********** I AM  DEAD 
 --------------(SIGUSR2_handler) 1 RECEIVED SIGNAL SIGUSR2 - setting amIalive var 
(fork_wrapper_nb_with_extras)1   ********** I AM  DEAD 
 ---(PID) NODE 1 PID 29746 
---(PID) NODE 2 PID 31668 
---(PID) NODE 0 PID 32584 
MasterLocale: bwlf31   

(COMM_LAYER) 0 In AM_timeout : setting timeout flag ******
 pi = 3.14173 ----------on locale 0
(COMM_LAYER) 0 In AM_timeout : setting timeout flag ******
 pi = 3.14173 ----------on locale 0
(fork_wrapper_nb_with_extras)0   ********** ALL GOOD  
 (*******) 0 FORK_NB_with_extras 0 -> 2 :: Timeout from child - recover - END -- should delete here 
(*******) 0 FORK_NB_with_extras 0 -> 1 :: Timeout from child - recover - END -- should delete here 
PROGRAM END ============= Time elapsed:123.224 

 pi = 3.14173 ----------on locale 0
--------------(SIGUSR2_handler) 2 RECEIVED SIGNAL SIGUSR2 - setting amIalive var 
(fork_wrapper_nb_with_extras)2   ********** I AM  DEAD 
 (COMM LAYER) 0 chpl_comm_exit ******************************* NBFORK ********************  
(COMM LAYER) 0 :: FAILED NODES=========================-- 
-- ID: 0  -- ALIVE 0 -- 
-- ID: 1  -- ALIVE 1 -- 
-- ID: 2  -- ALIVE 1 -- 
--------------(SIGUSR2_handler) 1 RECEIVED SIGNAL SIGUSR2 - setting amIalive var 
(fork_wrapper_nb_with_extras)1   ********** I AM  DEAD 
 ---(PID) NODE 1 PID 29797 
---(PID) NODE 2 PID 31720 
---(PID) NODE 0 PID 32635 
MasterLocale: bwlf31   

(COMM_LAYER) 0 In AM_timeout : setting timeout flag ******
 pi = 3.14173 ----------on locale 0
(COMM_LAYER) 0 In AM_timeout : setting timeout flag ******
 pi = 3.14173 ----------on locale 0
(fork_wrapper_nb_with_extras)0   ********** ALL GOOD  
 (*******) 0 FORK_NB_with_extras 0 -> 2 :: Timeout from child - recover - END -- should delete here 
(*******) 0 FORK_NB_with_extras 0 -> 1 :: Timeout from child - recover - END -- should delete here 
PROGRAM END ============= Time elapsed:124.4 

 pi = 3.14173 ----------on locale 0
--------------(SIGUSR2_handler) 1 RECEIVED SIGNAL SIGUSR2 - setting amIalive var 
(fork_wrapper_nb_with_extras)1   ********** I AM  DEAD 
 (COMM LAYER) 0 chpl_comm_exit ******************************* NBFORK ********************  
(COMM LAYER) 0 :: FAILED NODES=========================-- 
-- ID: 0  -- ALIVE 0 -- 
-- ID: 1  -- ALIVE 1 -- 
-- ID: 2  -- ALIVE 1 -- 
--------------(SIGUSR2_handler) 2 RECEIVED SIGNAL SIGUSR2 - setting amIalive var 
(fork_wrapper_nb_with_extras)2   ********** I AM  DEAD 
 ---(PID) NODE 2 PID 32690 
---(PID) NODE 1 PID 29852 
---(PID) NODE 0 PID 31776 
MasterLocale: bwlf32   

(COMM_LAYER) 0 In AM_timeout : setting timeout flag ******
 pi = 3.14173 ----------on locale 0
(COMM_LAYER) 0 In AM_timeout : setting timeout flag ******
 pi = 3.14173 ----------on locale 0
(fork_wrapper_nb_with_extras)0   ********** ALL GOOD  
 (*******) 0 FORK_NB_with_extras 0 -> 2 :: Timeout from child - recover - END -- should delete here 
(*******) 0 FORK_NB_with_extras 0 -> 1 :: Timeout from child - recover - END -- should delete here 
PROGRAM END ============= Time elapsed:123.463 

 pi = 3.14173 ----------on locale 0
--------------(SIGUSR2_handler) 2 RECEIVED SIGNAL SIGUSR2 - setting amIalive var 
(fork_wrapper_nb_with_extras)2   ********** I AM  DEAD 
 --------------(SIGUSR2_handler) 1 RECEIVED SIGNAL SIGUSR2 - setting amIalive var 
(fork_wrapper_nb_with_extras)1   ********** I AM  DEAD 
 (COMM LAYER) 0 chpl_comm_exit ******************************* NBFORK ********************  
(COMM LAYER) 0 :: FAILED NODES=========================-- 
-- ID: 0  -- ALIVE 0 -- 
-- ID: 1  -- ALIVE 1 -- 
-- ID: 2  -- ALIVE 1 -- 
---(PID) NODE 1 PID 29904 
---(PID) NODE 2 PID 31826 
---(PID) NODE 0 PID 32737 
MasterLocale: bwlf31   

(COMM_LAYER) 0 In AM_timeout : setting timeout flag ******
 pi = 3.14173 ----------on locale 0
(COMM_LAYER) 0 In AM_timeout : setting timeout flag ******
 pi = 3.14173 ----------on locale 0
(fork_wrapper_nb_with_extras)0   ********** ALL GOOD  
 (*******) 0 FORK_NB_with_extras 0 -> 2 :: Timeout from child - recover - END -- should delete here 
(*******) 0 FORK_NB_with_extras 0 -> 1 :: Timeout from child - recover - END -- should delete here 
PROGRAM END ============= Time elapsed:123.494 

 pi = 3.14173 ----------on locale 0
(COMM LAYER) 0 chpl_comm_exit ******************************* NBFORK ********************  
(COMM LAYER) 0 :: FAILED NODES=========================-- 
-- ID: 0  -- ALIVE 0 -- 
-- ID: 1  -- ALIVE 1 -- 
-- ID: 2  -- ALIVE 1 -- 
--------------(SIGUSR2_handler) 1 RECEIVED SIGNAL SIGUSR2 - setting amIalive var 
(fork_wrapper_nb_with_extras)1   ********** I AM  DEAD 
 --------------(SIGUSR2_handler) 2 RECEIVED SIGNAL SIGUSR2 - setting amIalive var 
(fork_wrapper_nb_with_extras)2   ********** I AM  DEAD 
 ---(PID) NODE 1 PID 31880 
---(PID) NODE 2 PID 29955 
---(PID) NODE 0 PID 320 
MasterLocale: bwlf31   

(COMM_LAYER) 0 In AM_timeout : setting timeout flag ******
 pi = 3.14173 ----------on locale 0
(COMM_LAYER) 0 In AM_timeout : setting timeout flag ******
 pi = 3.14173 ----------on locale 0
(fork_wrapper_nb_with_extras)0   ********** ALL GOOD  
 (*******) 0 FORK_NB_with_extras 0 -> 2 :: Timeout from child - recover - END -- should delete here 
(*******) 0 FORK_NB_with_extras 0 -> 1 :: Timeout from child - recover - END -- should delete here 
PROGRAM END ============= Time elapsed:123.454 

 pi = 3.14173 ----------on locale 0
--------------(SIGUSR2_handler) 1 RECEIVED SIGNAL SIGUSR2 - setting amIalive var 
(fork_wrapper_nb_with_extras)1   ********** I AM  DEAD 
 --------------(SIGUSR2_handler) 2 RECEIVED SIGNAL SIGUSR2 - setting amIalive var 
(fork_wrapper_nb_with_extras)2   ********** I AM  DEAD 
 (COMM LAYER) 0 chpl_comm_exit ******************************* NBFORK ********************  
(COMM LAYER) 0 :: FAILED NODES=========================-- 
-- ID: 0  -- ALIVE 0 -- 
-- ID: 1  -- ALIVE 1 -- 
-- ID: 2  -- ALIVE 1 -- 
---(PID) NODE 1 PID 31936 
---(PID) NODE 2 PID 30011 
---(PID) NODE 0 PID 401 
MasterLocale: bwlf31   

(COMM_LAYER) 0 In AM_timeout : setting timeout flag ******
 pi = 3.14173 ----------on locale 0
(COMM_LAYER) 0 In AM_timeout : setting timeout flag ******
 pi = 3.14173 ----------on locale 0
(fork_wrapper_nb_with_extras)0   ********** ALL GOOD  
 (*******) 0 FORK_NB_with_extras 0 -> 2 :: Timeout from child - recover - END -- should delete here 
(*******) 0 FORK_NB_with_extras 0 -> 1 :: Timeout from child - recover - END -- should delete here 
PROGRAM END ============= Time elapsed:123.29 

 pi = 3.14173 ----------on locale 0
--------------(SIGUSR2_handler) 2 RECEIVED SIGNAL SIGUSR2 - setting amIalive var 
(fork_wrapper_nb_with_extras)2   ********** I AM  DEAD 
 --------------(SIGUSR2_handler) 1 RECEIVED SIGNAL SIGUSR2 - setting amIalive var 
(fork_wrapper_nb_with_extras)1   ********** I AM  DEAD 
 (COMM LAYER) 0 chpl_comm_exit ******************************* NBFORK ********************  
(COMM LAYER) 0 :: FAILED NODES=========================-- 
-- ID: 0  -- ALIVE 0 -- 
-- ID: 1  -- ALIVE 1 -- 
-- ID: 2  -- ALIVE 1 -- 
---(PID) NODE 1 PID 32003 
---(PID) NODE 2 PID 30081 
---(PID) NODE 0 PID 452 
MasterLocale: bwlf31   

(COMM_LAYER) 0 In AM_timeout : setting timeout flag ******
 pi = 3.14173 ----------on locale 0
(COMM_LAYER) 0 In AM_timeout : setting timeout flag ******
 pi = 3.14173 ----------on locale 0
(fork_wrapper_nb_with_extras)0   ********** ALL GOOD  
 (*******) 0 FORK_NB_with_extras 0 -> 2 :: Timeout from child - recover - END -- should delete here 
(*******) 0 FORK_NB_with_extras 0 -> 1 :: Timeout from child - recover - END -- should delete here 
PROGRAM END ============= Time elapsed:123.602 

 pi = 3.14173 ----------on locale 0
--------------(SIGUSR2_handler) 2 RECEIVED SIGNAL SIGUSR2 - setting amIalive var 
(fork_wrapper_nb_with_extras)2   ********** I AM  DEAD 
 --------------(SIGUSR2_handler) 1 RECEIVED SIGNAL SIGUSR2 - setting amIalive var 
(fork_wrapper_nb_with_extras)1   ********** I AM  DEAD 
 (COMM LAYER) 0 chpl_comm_exit ******************************* NBFORK ********************  
(COMM LAYER) 0 :: FAILED NODES=========================-- 
-- ID: 0  -- ALIVE 0 -- 
-- ID: 1  -- ALIVE 1 -- 
-- ID: 2  -- ALIVE 1 -- 
---(PID) NODE 1 PID 30130 
---(PID) NODE 2 PID 32054 
---(PID) NODE 0 PID 502 
MasterLocale: bwlf31   

(COMM_LAYER) 0 In AM_timeout : setting timeout flag ******
 pi = 3.14173 ----------on locale 0
(COMM_LAYER) 0 In AM_timeout : setting timeout flag ******
 pi = 3.14173 ----------on locale 0
(fork_wrapper_nb_with_extras)0   ********** ALL GOOD  
 (*******) 0 FORK_NB_with_extras 0 -> 2 :: Timeout from child - recover - END -- should delete here 
(*******) 0 FORK_NB_with_extras 0 -> 1 :: Timeout from child - recover - END -- should delete here 
PROGRAM END ============= Time elapsed:123.298 

 pi = 3.14173 ----------on locale 0
--------------(SIGUSR2_handler) 2 RECEIVED SIGNAL SIGUSR2 - setting amIalive var 
(fork_wrapper_nb_with_extras)2   ********** I AM  DEAD 
 (COMM LAYER) 0 chpl_comm_exit ******************************* NBFORK ********************  
(COMM LAYER) 0 :: FAILED NODES=========================-- 
-- ID: 0  -- ALIVE 0 -- 
-- ID: 1  -- ALIVE 1 -- 
-- ID: 2  -- ALIVE 1 -- 
--------------(SIGUSR2_handler) 1 RECEIVED SIGNAL SIGUSR2 - setting amIalive var 
(fork_wrapper_nb_with_extras)1   ********** I AM  DEAD 
 ---(PID) NODE 1 PID 32108 
---(PID) NODE 2 PID 30183 
---(PID) NODE 0 PID 557 
MasterLocale: bwlf31   

(COMM_LAYER) 0 In AM_timeout : setting timeout flag ******
 pi = 3.14173 ----------on locale 0
(COMM_LAYER) 0 In AM_timeout : setting timeout flag ******
 pi = 3.14173 ----------on locale 0
(fork_wrapper_nb_with_extras)0   ********** ALL GOOD  
 (*******) 0 FORK_NB_with_extras 0 -> 2 :: Timeout from child - recover - END -- should delete here 
(*******) 0 FORK_NB_with_extras 0 -> 1 :: Timeout from child - recover - END -- should delete here 
PROGRAM END ============= Time elapsed:124.266 

 pi = 3.14173 ----------on locale 0
--------------(SIGUSR2_handler) 2 RECEIVED SIGNAL SIGUSR2 - setting amIalive var 
(fork_wrapper_nb_with_extras)2   ********** I AM  DEAD 
 --------------(SIGUSR2_handler) 1 RECEIVED SIGNAL SIGUSR2 - setting amIalive var 
(fork_wrapper_nb_with_extras)1   ********** I AM  DEAD 
 (COMM LAYER) 0 chpl_comm_exit ******************************* NBFORK ********************  
(COMM LAYER) 0 :: FAILED NODES=========================-- 
-- ID: 0  -- ALIVE 0 -- 
-- ID: 1  -- ALIVE 1 -- 
-- ID: 2  -- ALIVE 1 -- 
---(PID) NODE 1 PID 30237 
---(PID) NODE 2 PID 610 
---(PID) NODE 0 PID 32161 
MasterLocale: bwlf32   

(COMM_LAYER) 0 In AM_timeout : setting timeout flag ******
 pi = 3.14173 ----------on locale 0
(COMM_LAYER) 0 In AM_timeout : setting timeout flag ******
 pi = 3.14173 ----------on locale 0
(fork_wrapper_nb_with_extras)0   ********** ALL GOOD  
 (*******) 0 FORK_NB_with_extras 0 -> 2 :: Timeout from child - recover - END -- should delete here 
(*******) 0 FORK_NB_with_extras 0 -> 1 :: Timeout from child - recover - END -- should delete here 
PROGRAM END ============= Time elapsed:123.68 

 pi = 3.14173 ----------on locale 0
--------------(SIGUSR2_handler) 2 RECEIVED SIGNAL SIGUSR2 - setting amIalive var 
(fork_wrapper_nb_with_extras)2   ********** I AM  DEAD 
 (COMM LAYER) 0 chpl_comm_exit ******************************* NBFORK ********************  
(COMM LAYER) 0 :: FAILED NODES=========================-- 
-- ID: 0  -- ALIVE 0 -- 
-- ID: 1  -- ALIVE 1 -- 
-- ID: 2  -- ALIVE 1 -- 
--------------(SIGUSR2_handler) 1 RECEIVED SIGNAL SIGUSR2 - setting amIalive var 
(fork_wrapper_nb_with_extras)1   ********** I AM  DEAD 
 ---(PID) NODE 1 PID 32231 
---(PID) NODE 2 PID 30290 
---(PID) NODE 0 PID 659 
MasterLocale: bwlf31   

(COMM_LAYER) 0 In AM_timeout : setting timeout flag ******
 pi = 3.14173 ----------on locale 0
(COMM_LAYER) 0 In AM_timeout : setting timeout flag ******
 pi = 3.14173 ----------on locale 0
(fork_wrapper_nb_with_extras)0   ********** ALL GOOD  
 (*******) 0 FORK_NB_with_extras 0 -> 2 :: Timeout from child - recover - END -- should delete here 
(*******) 0 FORK_NB_with_extras 0 -> 1 :: Timeout from child - recover - END -- should delete here 
PROGRAM END ============= Time elapsed:123.387 

 pi = 3.14173 ----------on locale 0
--------------(SIGUSR2_handler) 1 RECEIVED SIGNAL SIGUSR2 - setting amIalive var 
(fork_wrapper_nb_with_extras)1   ********** I AM  DEAD 
 --------------(SIGUSR2_handler) 2 RECEIVED SIGNAL SIGUSR2 - setting amIalive var 
(fork_wrapper_nb_with_extras)2   ********** I AM  DEAD 
 (COMM LAYER) 0 chpl_comm_exit ******************************* NBFORK ********************  
(COMM LAYER) 0 :: FAILED NODES=========================-- 
-- ID: 0  -- ALIVE 0 -- 
-- ID: 1  -- ALIVE 1 -- 
-- ID: 2  -- ALIVE 1 -- 
---(PID) NODE 2 PID 32301 
---(PID) NODE 1 PID 30340 
---(PID) NODE 0 PID 708 
MasterLocale: bwlf31   

(COMM_LAYER) 0 In AM_timeout : setting timeout flag ******
 pi = 3.14173 ----------on locale 0
(COMM_LAYER) 0 In AM_timeout : setting timeout flag ******
 pi = 3.14173 ----------on locale 0
(fork_wrapper_nb_with_extras)0   ********** ALL GOOD  
 (*******) 0 FORK_NB_with_extras 0 -> 2 :: Timeout from child - recover - END -- should delete here 
(*******) 0 FORK_NB_with_extras 0 -> 1 :: Timeout from child - recover - END -- should delete here 
PROGRAM END ============= Time elapsed:124.268 

 pi = 3.14173 ----------on locale 0
(COMM LAYER) 0 chpl_comm_exit ******************************* NBFORK ********************  
(COMM LAYER) 0 :: FAILED NODES=========================-- 
-- ID: 0  -- ALIVE 0 -- 
-- ID: 1  -- ALIVE 1 -- 
-- ID: 2  -- ALIVE 1 -- 
--------------(SIGUSR2_handler) 1 RECEIVED SIGNAL SIGUSR2 - setting amIalive var 
(fork_wrapper_nb_with_extras)1   ********** I AM  DEAD 
 --------------(SIGUSR2_handler) 2 RECEIVED SIGNAL SIGUSR2 - setting amIalive var 
(fork_wrapper_nb_with_extras)2   ********** I AM  DEAD 
 ---(PID) NODE 1 PID 32374 
---(PID) NODE 2 PID 30396 
---(PID) NODE 0 PID 764 
MasterLocale: bwlf31   

(COMM_LAYER) 0 In AM_timeout : setting timeout flag ******
 pi = 3.14173 ----------on locale 0
(COMM_LAYER) 0 In AM_timeout : setting timeout flag ******
 pi = 3.14173 ----------on locale 0
(fork_wrapper_nb_with_extras)0   ********** ALL GOOD  
 (*******) 0 FORK_NB_with_extras 0 -> 2 :: Timeout from child - recover - END -- should delete here 
(*******) 0 FORK_NB_with_extras 0 -> 1 :: Timeout from child - recover - END -- should delete here 
PROGRAM END ============= Time elapsed:123.275 

 pi = 3.14173 ----------on locale 0
--------------(SIGUSR2_handler) 2 RECEIVED SIGNAL SIGUSR2 - setting amIalive var 
(fork_wrapper_nb_with_extras)2   ********** I AM  DEAD 
 --------------(SIGUSR2_handler) 1 RECEIVED SIGNAL SIGUSR2 - setting amIalive var 
(fork_wrapper_nb_with_extras)1   ********** I AM  DEAD 
 (COMM LAYER) 0 chpl_comm_exit ******************************* NBFORK ********************  
(COMM LAYER) 0 :: FAILED NODES=========================-- 
-- ID: 0  -- ALIVE 0 -- 
-- ID: 1  -- ALIVE 1 -- 
-- ID: 2  -- ALIVE 1 -- 
---(PID) NODE 1 PID 30447 
---(PID) NODE 2 PID 812 
---(PID) NODE 0 PID 32424 
MasterLocale: bwlf32   

(COMM_LAYER) 0 In AM_timeout : setting timeout flag ******
 pi = 3.14173 ----------on locale 0
(COMM_LAYER) 0 In AM_timeout : setting timeout flag ******
 pi = 3.14173 ----------on locale 0
(fork_wrapper_nb_with_extras)0   ********** ALL GOOD  
 (*******) 0 FORK_NB_with_extras 0 -> 2 :: Timeout from child - recover - END -- should delete here 
(*******) 0 FORK_NB_with_extras 0 -> 1 :: Timeout from child - recover - END -- should delete here 
PROGRAM END ============= Time elapsed:124.309 

 pi = 3.14173 ----------on locale 0
--------------(SIGUSR2_handler) 1 RECEIVED SIGNAL SIGUSR2 - setting amIalive var 
(fork_wrapper_nb_with_extras)1   ********** I AM  DEAD 
 --------------(SIGUSR2_handler) 2 RECEIVED SIGNAL SIGUSR2 - setting amIalive var 
(fork_wrapper_nb_with_extras)2   ********** I AM  DEAD 
 (COMM LAYER) 0 chpl_comm_exit ******************************* NBFORK ********************  
(COMM LAYER) 0 :: FAILED NODES=========================-- 
-- ID: 0  -- ALIVE 0 -- 
-- ID: 1  -- ALIVE 1 -- 
-- ID: 2  -- ALIVE 1 -- 
---(PID) NODE 2 PID 30498 
---(PID) NODE 1 PID 32479 
---(PID) NODE 0 PID 861 
MasterLocale: bwlf31   

(COMM_LAYER) 0 In AM_timeout : setting timeout flag ******
 pi = 3.14173 ----------on locale 0
(COMM_LAYER) 0 In AM_timeout : setting timeout flag ******
 pi = 3.14173 ----------on locale 0
(fork_wrapper_nb_with_extras)0   ********** ALL GOOD  
 (*******) 0 FORK_NB_with_extras 0 -> 2 :: Timeout from child - recover - END -- should delete here 
(*******) 0 FORK_NB_with_extras 0 -> 1 :: Timeout from child - recover - END -- should delete here 
PROGRAM END ============= Time elapsed:123.684 

 pi = 3.14173 ----------on locale 0
(COMM LAYER) 0 chpl_comm_exit ******************************* NBFORK ********************  
(COMM LAYER) 0 :: FAILED NODES=========================-- 
-- ID: 0  -- ALIVE 0 -- 
-- ID: 1  -- ALIVE 1 -- 
-- ID: 2  -- ALIVE 1 -- 
--------------(SIGUSR2_handler) 2 RECEIVED SIGNAL SIGUSR2 - setting amIalive var 
(fork_wrapper_nb_with_extras)2   ********** I AM  DEAD 
 --------------(SIGUSR2_handler) 1 RECEIVED SIGNAL SIGUSR2 - setting amIalive var 
(fork_wrapper_nb_with_extras)1   ********** I AM  DEAD 
 ---(PID) NODE 1 PID 32531 
---(PID) NODE 2 PID 30550 
---(PID) NODE 0 PID 913 
MasterLocale: bwlf31   

(COMM_LAYER) 0 In AM_timeout : setting timeout flag ******
 pi = 3.14173 ----------on locale 0
(COMM_LAYER) 0 In AM_timeout : setting timeout flag ******
 pi = 3.14173 ----------on locale 0
(fork_wrapper_nb_with_extras)0   ********** ALL GOOD  
 (*******) 0 FORK_NB_with_extras 0 -> 2 :: Timeout from child - recover - END -- should delete here 
(*******) 0 FORK_NB_with_extras 0 -> 1 :: Timeout from child - recover - END -- should delete here 
PROGRAM END ============= Time elapsed:123.301 

 pi = 3.14173 ----------on locale 0
--------------(SIGUSR2_handler) 1 RECEIVED SIGNAL SIGUSR2 - setting amIalive var 
(fork_wrapper_nb_with_extras)1   ********** I AM  DEAD 
 --------------(SIGUSR2_handler) 2 RECEIVED SIGNAL SIGUSR2 - setting amIalive var 
(fork_wrapper_nb_with_extras)2   ********** I AM  DEAD 
 (COMM LAYER) 0 chpl_comm_exit ******************************* NBFORK ********************  
(COMM LAYER) 0 :: FAILED NODES=========================-- 
-- ID: 0  -- ALIVE 0 -- 
-- ID: 1  -- ALIVE 1 -- 
-- ID: 2  -- ALIVE 1 -- 
---(PID) NODE 1 PID 32585 
---(PID) NODE 2 PID 30605 
---(PID) NODE 0 PID 967 
MasterLocale: bwlf31   

(COMM_LAYER) 0 In AM_timeout : setting timeout flag ******
 pi = 3.14173 ----------on locale 0
(COMM_LAYER) 0 In AM_timeout : setting timeout flag ******
 pi = 3.14173 ----------on locale 0
(fork_wrapper_nb_with_extras)0   ********** ALL GOOD  
 (*******) 0 FORK_NB_with_extras 0 -> 2 :: Timeout from child - recover - END -- should delete here 
(*******) 0 FORK_NB_with_extras 0 -> 1 :: Timeout from child - recover - END -- should delete here 
PROGRAM END ============= Time elapsed:123.867 

 pi = 3.14173 ----------on locale 0
--------------(SIGUSR2_handler) 2 RECEIVED SIGNAL SIGUSR2 - setting amIalive var 
(fork_wrapper_nb_with_extras)2   ********** I AM  DEAD 
 --------------(SIGUSR2_handler) 1 RECEIVED SIGNAL SIGUSR2 - setting amIalive var 
(fork_wrapper_nb_with_extras)1   ********** I AM  DEAD 
 (COMM LAYER) 0 chpl_comm_exit ******************************* NBFORK ********************  
(COMM LAYER) 0 :: FAILED NODES=========================-- 
-- ID: 0  -- ALIVE 0 -- 
-- ID: 1  -- ALIVE 1 -- 
-- ID: 2  -- ALIVE 1 -- 
---(PID) NODE 1 PID 30656 
---(PID) NODE 2 PID 1015 
---(PID) NODE 0 PID 32634 
MasterLocale: bwlf32   

(COMM_LAYER) 0 In AM_timeout : setting timeout flag ******
 pi = 3.14173 ----------on locale 0
(COMM_LAYER) 0 In AM_timeout : setting timeout flag ******
 pi = 3.14173 ----------on locale 0
(fork_wrapper_nb_with_extras)0   ********** ALL GOOD  
 (*******) 0 FORK_NB_with_extras 0 -> 2 :: Timeout from child - recover - END -- should delete here 
(*******) 0 FORK_NB_with_extras 0 -> 1 :: Timeout from child - recover - END -- should delete here 
PROGRAM END ============= Time elapsed:123.701 

 pi = 3.14173 ----------on locale 0
--------------(SIGUSR2_handler) 2 RECEIVED SIGNAL SIGUSR2 - setting amIalive var 
(fork_wrapper_nb_with_extras)2   ********** I AM  DEAD 
 --------------(SIGUSR2_handler) 1 RECEIVED SIGNAL SIGUSR2 - setting amIalive var 
(fork_wrapper_nb_with_extras)1   ********** I AM  DEAD 
 (COMM LAYER) 0 chpl_comm_exit ******************************* NBFORK ********************  
(COMM LAYER) 0 :: FAILED NODES=========================-- 
-- ID: 0  -- ALIVE 0 -- 
-- ID: 1  -- ALIVE 1 -- 
-- ID: 2  -- ALIVE 1 -- 
---(PID) NODE 1 PID 30709 
---(PID) NODE 2 PID 1065 
---(PID) NODE 0 PID 32693 
MasterLocale: bwlf32   

(COMM_LAYER) 0 In AM_timeout : setting timeout flag ******
 pi = 3.14173 ----------on locale 0
(COMM_LAYER) 0 In AM_timeout : setting timeout flag ******
 pi = 3.14173 ----------on locale 0
(fork_wrapper_nb_with_extras)0   ********** ALL GOOD  
 (*******) 0 FORK_NB_with_extras 0 -> 2 :: Timeout from child - recover - END -- should delete here 
(*******) 0 FORK_NB_with_extras 0 -> 1 :: Timeout from child - recover - END -- should delete here 
PROGRAM END ============= Time elapsed:123.42 

 pi = 3.14173 ----------on locale 0
--------------(SIGUSR2_handler) 2 RECEIVED SIGNAL SIGUSR2 - setting amIalive var 
(fork_wrapper_nb_with_extras)2   ********** I AM  DEAD 
 --------------(SIGUSR2_handler) 1 RECEIVED SIGNAL SIGUSR2 - setting amIalive var 
(fork_wrapper_nb_with_extras)1   ********** I AM  DEAD 
 (COMM LAYER) 0 chpl_comm_exit ******************************* NBFORK ********************  
(COMM LAYER) 0 :: FAILED NODES=========================-- 
-- ID: 0  -- ALIVE 0 -- 
-- ID: 1  -- ALIVE 1 -- 
-- ID: 2  -- ALIVE 1 -- 
