---(PID) NODE 3 PID 4524 
---(PID) NODE 2 PID 7256 
---(PID) NODE 1 PID 22675 
---(PID) NODE 0 PID 10252 
MasterLocale: bwlf32   

arg= 1----------on locale 1
arg= 3----------on locale 3
arg= 2----------on locale 1
arg= 4----------on locale 3
(COMM LAYER) 0 :: FAILED NODES=========================-- 
-- ID: 0  -- ALIVE 0 -- 
-- ID: 1  -- ALIVE 0 -- 
-- ID: 2  -- ALIVE 1 -- 
-- ID: 3  -- ALIVE 0 -- 
--------------(SIGUSR2_handler) 2 RECEIVED SIGNAL SIGUSR2 - setting amIalive var 
---(PID) NODE 1 PID 10302 
---(PID) NODE 2 PID 22698 
---(PID) NODE 3 PID 4547 
---(PID) NODE 0 PID 7288 
MasterLocale: bwlf31   

arg= 3----------on locale 3
arg= 4----------on locale 3
arg= 1----------on locale 0
arg= 2----------on locale 0
(COMM LAYER) 0 :: FAILED NODES=========================-- 
-- ID: 0  -- ALIVE 0 -- 
-- ID: 1  -- ALIVE 1 -- 
-- ID: 2  -- ALIVE 1 -- 
-- ID: 3  -- ALIVE 0 -- 
--------------(SIGUSR2_handler) 1 RECEIVED SIGNAL SIGUSR2 - setting amIalive var 
--------------(SIGUSR2_handler) 2 RECEIVED SIGNAL SIGUSR2 - setting amIalive var 
---(PID) NODE 1 PID 22727 
---(PID) NODE 3 PID 10332 
---(PID) NODE 2 PID 4567 
---(PID) NODE 0 PID 7324 
MasterLocale: bwlf31   

arg= 1----------on locale 1
arg= 3----------on locale 0
arg= 4----------on locale 2
arg= 2----------on locale 2
(COMM LAYER) 0 :: FAILED NODES=========================-- 
-- ID: 0  -- ALIVE 0 -- 
-- ID: 1  -- ALIVE 0 -- 
-- ID: 2  -- ALIVE 0 -- 
-- ID: 3  -- ALIVE 1 -- 
--------------(SIGUSR2_handler) 3 RECEIVED SIGNAL SIGUSR2 - setting amIalive var 

---(PID) NODE 3 PID 23153 
---(PID) NODE 2 PID 5029 
---(PID) NODE 1 PID 7922 
---(PID) NODE 0 PID 10951 
MasterLocale: bwlf32   

arg= 1----------on locale 0
arg= 3----------on locale 3
arg= 2----------on locale 2
arg= 4----------on locale 2
(COMM LAYER) 0 :: FAILED NODES=========================-- 
-- ID: 0  -- ALIVE 0 -- 
-- ID: 1  -- ALIVE 1 -- 
-- ID: 2  -- ALIVE 0 -- 
-- ID: 3  -- ALIVE 0 -- 
--------------(SIGUSR2_handler) 1 RECEIVED SIGNAL SIGUSR2 - setting amIalive var 
---(PID) NODE 1 PID 7954 
---(PID) NODE 3 PID 5051 
---(PID) NODE 2 PID 10979 
---(PID) NODE 0 PID 23172 
MasterLocale: bwlf03   

arg= 3----------on locale 3
arg= 1----------on locale 0
arg= 2----------on locale 2
arg= 4----------on locale 2
--------------(SIGUSR2_handler) 1 RECEIVED SIGNAL SIGUSR2 - setting amIalive var 
(COMM LAYER) 0 :: FAILED NODES=========================-- 
-- ID: 0  -- ALIVE 0 -- 
-- ID: 1  -- ALIVE 1 -- 
-- ID: 2  -- ALIVE 0 -- 
-- ID: 3  -- ALIVE 0 -- 
---(PID) NODE 3 PID 5071 
---(PID) NODE 1 PID 10999 
---(PID) NODE 2 PID 23196 
---(PID) NODE 0 PID 7985 
MasterLocale: bwlf31   

arg= 3----------on locale 3
arg= 1----------on locale 1
arg= 2----------on locale 2
arg= 4----------on locale 2
(COMM LAYER) 0 :: FAILED NODES=========================-- 
-- ID: 0  -- ALIVE 0 -- 
-- ID: 1  -- ALIVE 0 -- 
-- ID: 2  -- ALIVE 0 -- 
-- ID: 3  -- ALIVE 0 -- 
---(PID) NODE 2 PID 23223 
---(PID) NODE 3 PID 5096 
---(PID) NODE 1 PID 11024 
---(PID) NODE 0 PID 8024 
MasterLocale: bwlf31   

arg= 1----------on locale 1
arg= 3----------on locale 3
arg= 2----------on locale 2
arg= 4----------on locale 2
(COMM LAYER) 0 :: FAILED NODES=========================-- 
-- ID: 0  -- ALIVE 0 -- 
-- ID: 1  -- ALIVE 0 -- 
-- ID: 2  -- ALIVE 0 -- 
-- ID: 3  -- ALIVE 0 -- 
---(PID) NODE 3 PID 5121 
---(PID) NODE 1 PID 11047 
---(PID) NODE 2 PID 8071 
---(PID) NODE 0 PID 23246 
MasterLocale: bwlf03   

arg= 1----------on locale 0
arg= 2----------on locale 0
arg= 3----------on locale 3
arg= 4----------on locale 3
--------------(SIGUSR2_handler) 1 RECEIVED SIGNAL SIGUSR2 - setting amIalive var 
--------------(SIGUSR2_handler) 2 RECEIVED SIGNAL SIGUSR2 - setting amIalive var 
(COMM LAYER) 0 :: FAILED NODES=========================-- 
-- ID: 0  -- ALIVE 0 -- 
-- ID: 1  -- ALIVE 1 -- 
-- ID: 2  -- ALIVE 1 -- 
-- ID: 3  -- ALIVE 0 -- 
---(PID) NODE 2 PID 11139 
---(PID) NODE 3 PID 8160 
---(PID) NODE 1 PID 23313 
---(PID) NODE 0 PID 5197 
MasterLocale: bwlf04   

arg= 3----------on locale 0
arg= 4----------on locale 0
arg= 1----------on locale 1
arg= 2----------on locale 1
(COMM LAYER) 0 :: FAILED NODES=========================-- 
-- ID: 0  -- ALIVE 0 -- 
-- ID: 1  -- ALIVE 0 -- 
-- ID: 2  -- ALIVE 1 -- 
-- ID: 3  -- ALIVE 1 -- 
--------------(SIGUSR2_handler) 2 RECEIVED SIGNAL SIGUSR2 - setting amIalive var 
--------------(SIGUSR2_handler) 3 RECEIVED SIGNAL SIGUSR2 - setting amIalive var 
---(PID) NODE 2 PID 23332 
---(PID) NODE 3 PID 5220 
---(PID) NODE 1 PID 11169 
---(PID) NODE 0 PID 8193 
MasterLocale: bwlf31   

arg= 3----------on locale 3
arg= 4----------on locale 2
arg= 1----------on locale 1
arg= 2----------on locale 2
(COMM LAYER) 0 :: FAILED NODES=========================-- 
-- ID: 0  -- ALIVE 0 -- 
-- ID: 1  -- ALIVE 0 -- 
-- ID: 2  -- ALIVE 0 -- 
-- ID: 3  -- ALIVE 0 -- 
---(PID) NODE 3 PID 8229 
---(PID) NODE 2 PID 11188 
---(PID) NODE 1 PID 23353 
---(PID) NODE 0 PID 5240 
MasterLocale: bwlf04   

arg= 1----------on locale 0
arg= 3----------on locale 0
arg= 2----------on locale 0
arg= 4----------on locale 0
(COMM LAYER) 0 :: FAILED NODES=========================-- 
-- ID: 0  -- ALIVE 0 -- 
-- ID: 1  -- ALIVE 1 -- 
-- ID: 2  -- ALIVE 1 -- 
-- ID: 3  -- ALIVE 1 -- 
--------------(SIGUSR2_handler) 3 RECEIVED SIGNAL SIGUSR2 - setting amIalive var 
--------------(SIGUSR2_handler) 1 RECEIVED SIGNAL SIGUSR2 - setting amIalive var 
--------------(SIGUSR2_handler) 2 RECEIVED SIGNAL SIGUSR2 - setting amIalive var 

---(PID) NODE 3 PID 23435 
---(PID) NODE 1 PID 5316 
---(PID) NODE 2 PID 11290 
---(PID) NODE 0 PID 8335 
MasterLocale: bwlf31   

arg= 1----------on locale 1
arg= 3----------on locale 3
arg= 2----------on locale 2
arg= 4----------on locale 2
(COMM LAYER) 0 :: FAILED NODES=========================-- 
-- ID: 0  -- ALIVE 0 -- 
-- ID: 1  -- ALIVE 0 -- 
-- ID: 2  -- ALIVE 0 -- 
-- ID: 3  -- ALIVE 0 -- 

---(PID) NODE 3 PID 5497 
---(PID) NODE 1 PID 23601 
---(PID) NODE 2 PID 8534 
---(PID) NODE 0 PID 11472 
MasterLocale: bwlf32   

arg= 1----------on locale 1
arg= 3----------on locale 3
arg= 4----------on locale 3
arg= 2----------on locale 1
--------------(SIGUSR2_handler) 2 RECEIVED SIGNAL SIGUSR2 - setting amIalive var 
(COMM LAYER) 0 :: FAILED NODES=========================-- 
-- ID: 0  -- ALIVE 0 -- 
-- ID: 1  -- ALIVE 0 -- 
-- ID: 2  -- ALIVE 1 -- 
-- ID: 3  -- ALIVE 0 -- 

---(PID) NODE 1 PID 5522 
---(PID) NODE 2 PID 11513 
---(PID) NODE 3 PID 8573 
---(PID) NODE 0 PID 23631 
MasterLocale: bwlf03   

arg= 3----------on locale 0
arg= 1----------on locale 1
arg= 4----------on locale 2
arg= 2----------on locale 2
--------------(SIGUSR2_handler) 3 RECEIVED SIGNAL SIGUSR2 - setting amIalive var 
(COMM LAYER) 0 :: FAILED NODES=========================-- 
-- ID: 0  -- ALIVE 0 -- 
-- ID: 1  -- ALIVE 0 -- 
-- ID: 2  -- ALIVE 0 -- 
-- ID: 3  -- ALIVE 1 -- 

---(PID) NODE 3 PID 11673 
---(PID) NODE 1 PID 8761 
---(PID) NODE 2 PID 23779 
---(PID) NODE 0 PID 5661 
MasterLocale: bwlf04   

arg= 1----------on locale 1
arg= 3----------on locale 3
arg= 2----------on locale 1
arg= 4----------on locale 3
--------------(SIGUSR2_handler) 2 RECEIVED SIGNAL SIGUSR2 - setting amIalive var 
(COMM LAYER) 0 :: FAILED NODES=========================-- 
-- ID: 0  -- ALIVE 0 -- 
-- ID: 1  -- ALIVE 0 -- 
-- ID: 2  -- ALIVE 1 -- 
-- ID: 3  -- ALIVE 0 -- 
---(PID) NODE 3 PID 11697 
---(PID) NODE 1 PID 5699 
---(PID) NODE 2 PID 8781 
---(PID) NODE 0 PID 23817 
MasterLocale: bwlf03   

arg= 3----------on locale 3
arg= 4----------on locale 2
arg= 1----------on locale 1
arg= 2----------on locale 2
(COMM LAYER) 0 :: FAILED NODES=========================-- 
-- ID: 0  -- ALIVE 0 -- 
-- ID: 1  -- ALIVE 0 -- 
-- ID: 2  -- ALIVE 0 -- 
-- ID: 3  -- ALIVE 0 -- 
==========================


---(PID) NODE 1 PID 24001 
---(PID) NODE 2 PID 5864 
---(PID) NODE 3 PID 11831 
---(PID) NODE 0 PID 8945 
MasterLocale: bwlf31   

arg= 3----------on locale 3
arg= 1----------on locale 0
arg= 2----------on locale 0
arg= 4----------on locale 3
--------------(SIGUSR2_handler) 2 RECEIVED SIGNAL SIGUSR2 - setting amIalive var 
--------------(SIGUSR2_handler) 1 RECEIVED SIGNAL SIGUSR2 - setting amIalive var 
(COMM LAYER) 0 :: FAILED NODES=========================-- 
-- ID: 0  -- ALIVE 0 -- 
-- ID: 1  -- ALIVE 1 -- 
-- ID: 2  -- ALIVE 1 -- 
-- ID: 3  -- ALIVE 0 -- 
---(PID) NODE 3 PID 11863 
---(PID) NODE 2 PID 9000 
---(PID) NODE 1 PID 5913 
---(PID) NODE 0 PID 24052 
MasterLocale: bwlf03   

arg= 1----------on locale 0
arg= 2----------on locale 2
arg= 3----------on locale 3
arg= 4----------on locale 2
--------------(SIGUSR2_handler) 1 RECEIVED SIGNAL SIGUSR2 - setting amIalive var 
(COMM LAYER) 0 :: FAILED NODES=========================-- 
-- ID: 0  -- ALIVE 0 -- 
-- ID: 1  -- ALIVE 1 -- 
-- ID: 2  -- ALIVE 0 -- 
-- ID: 3  -- ALIVE 0 -- 


--

---(PID) NODE 3 PID 12178 
---(PID) NODE 2 PID 9152 
---(PID) NODE 1 PID 6061 
---(PID) NODE 0 PID 24210 
MasterLocale: bwlf03   

arg= 3----------on locale 0
arg= 4----------on locale 2
arg= 3----------on locale 3
arg= 4----------on locale 2
bash: line 1:  6061 Killed                  './cob_twotwo_real' '__AMUDP_SLAVE_PROCESS__' 'amaterasu:33537' '-nl' '4'
bash: line 1: 12178 Killed                  './cob_twotwo_real' '__AMUDP_SLAVE_PROCESS__' 'amaterasu:33537' '-nl' '4'
bash: line 1: 24210 Killed                  './cob_twotwo_real' '__AMUDP_SLAVE_PROCESS__' 'amaterasu:33537' '-nl' '4'
bash: line 1:  9152 Killed                  './cob_twotwo_real' '__AMUDP_SLAVE_PROCESS__' 'amaterasu:33537' '-nl' '4'
---(PID) NODE 3 PID 12558 
---(PID) NODE 2 PID 24304 
---(PID) NODE 1 PID 9250 
---(PID) NODE 0 PID 6156 
MasterLocale: bwlf04   

arg= 1----------on locale 1
arg= 3----------on locale 3
arg= 2----------on locale 1
arg= 4----------on locale 3
--------------(SIGUSR2_handler) 2 RECEIVED SIGNAL SIGUSR2 - setting amIalive var 
(COMM LAYER) 0 :: FAILED NODES=========================-- 
-- ID: 0  -- ALIVE 0 -- 
-- ID: 1  -- ALIVE 0 -- 
-- ID: 2  -- ALIVE 1 -- 
-- ID: 3  -- ALIVE 0 -- 
---(PID) NODE 3 PID 12609 
---(PID) NODE 2 PID 9286 
---(PID) NODE 1 PID 6196 
bash: line 1:  6196 Killed                  './cob_twotwo_real' '__AMUDP_SLAVE_PROCESS__' 'amaterasu:40115' '-nl' '4'
---(PID) NODE 0 PID 24338 
MasterLocale: bwlf03   

arg= 3----------on locale 3
arg= 3----------on locale 0
arg= 4----------on locale 2
arg= 4----------on locale 2
bash: line 1: 12609 Killed                  './cob_twotwo_real' '__AMUDP_SLAVE_PROCESS__' 'amaterasu:40115' '-nl' '4'
bash: line 1:  9286 Killed                  './cob_twotwo_real' '__AMUDP_SLAVE_PROCESS__' 'amaterasu:40115' '-nl' '4'
---(PID) NODE 2 PID 12742 
---(PID) NODE 1 PID 6234 
---(PID) NODE 3 PID 9318 
---(PID) NODE 0 PID 24378 
MasterLocale: bwlf03   

arg= 1----------on locale 0
arg= 2----------on locale 2
arg= 3----------on locale 3
arg= 4----------on locale 2
--------------(SIGUSR2_handler) 1 RECEIVED SIGNAL SIGUSR2 - setting amIalive var 
(COMM LAYER) 0 :: FAILED NODES=========================-- 
-- ID: 0  -- ALIVE 0 -- 
-- ID: 1  -- ALIVE 1 -- 
-- ID: 2  -- ALIVE 0 -- 
-- ID: 3  -- ALIVE 0 -- 
