---(PID) NODE 2 PID 16375 
---(PID) NODE 3 PID 31149 
---(PID) NODE 1 PID 6626 
---(PID) NODE 0 PID 11075 
MasterLocale: bwlf32   

arg= 1----------on locale 0
arg= 2----------on locale 0
arg= 3----------on locale 0
arg= 4----------on locale 0
PROGRAM END ============================= 

--------------(SIGUSR2_handler) 1 RECEIVED SIGNAL SIGUSR2 - setting amIalive var 
--------------(SIGUSR2_handler) 2 RECEIVED SIGNAL SIGUSR2 - setting amIalive var 
--------------(SIGUSR2_handler) 3 RECEIVED SIGNAL SIGUSR2 - setting amIalive var 
(COMM LAYER) 0 :: FAILED NODES=========================-- 
-- ID: 0  -- ALIVE 0 -- 
-- ID: 1  -- ALIVE 1 -- 
-- ID: 2  -- ALIVE 1 -- 
-- ID: 3  -- ALIVE 1 -- 
---(PID) NODE 3 PID 31191 
---(PID) NODE 2 PID 16406 
---(PID) NODE 1 PID 6659 
---(PID) NODE 0 PID 11110 
MasterLocale: bwlf32   

arg= 1----------on locale 0
arg= 2----------on locale 0
arg= 3----------on locale 0
arg= 4----------on locale 0
PROGRAM END ============================= 

--------------(SIGUSR2_handler) 2 RECEIVED SIGNAL SIGUSR2 - setting amIalive var 
--------------(SIGUSR2_handler) 3 RECEIVED SIGNAL SIGUSR2 - setting amIalive var 
--------------(SIGUSR2_handler) 1 RECEIVED SIGNAL SIGUSR2 - setting amIalive var 
(COMM LAYER) 0 :: FAILED NODES=========================-- 
-- ID: 0  -- ALIVE 0 -- 
-- ID: 1  -- ALIVE 1 -- 
-- ID: 2  -- ALIVE 1 -- 
-- ID: 3  -- ALIVE 1 -- 
---(PID) NODE 3 PID 11140 
---(PID) NODE 1 PID 16435 
---(PID) NODE 2 PID 6692 
---(PID) NODE 0 PID 31220 
MasterLocale: bwlf03   

arg= 1----------on locale 0
arg= 2----------on locale 0
arg= 3----------on locale 0
arg= 4----------on locale 0
PROGRAM END ============================= 

--------------(SIGUSR2_handler) 3 RECEIVED SIGNAL SIGUSR2 - setting amIalive var 
(COMM LAYER) 0 :: FAILED NODES=========================-- 
-- ID: 0  -- ALIVE 0 -- 
-- ID: 1  -- ALIVE 1 -- 
-- ID: 2  -- ALIVE 1 -- 
-- ID: 3  -- ALIVE 1 -- 
--------------(SIGUSR2_handler) 2 RECEIVED SIGNAL SIGUSR2 - setting amIalive var 
--------------(SIGUSR2_handler) 1 RECEIVED SIGNAL SIGUSR2 - setting amIalive var 
---(PID) NODE 3 PID 6722 
---(PID) NODE 2 PID 11178 
---(PID) NODE 1 PID 16468 
---(PID) NODE 0 PID 31251 
MasterLocale: bwlf03   

arg= 1----------on locale 0
arg= 2----------on locale 0
arg= 3----------on locale 0
arg= 4----------on locale 0
PROGRAM END ============================= 

--------------(SIGUSR2_handler) 3 RECEIVED SIGNAL SIGUSR2 - setting amIalive var 
--------------(SIGUSR2_handler) 2 RECEIVED SIGNAL SIGUSR2 - setting amIalive var 
(COMM LAYER) 0 :: FAILED NODES=========================-- 
-- ID: 0  -- ALIVE 0 -- 
-- ID: 1  -- ALIVE 1 -- 
-- ID: 2  -- ALIVE 1 -- 
-- ID: 3  -- ALIVE 1 -- 
--------------(SIGUSR2_handler) 1 RECEIVED SIGNAL SIGUSR2 - setting amIalive var 
---(PID) NODE 3 PID 16506 
---(PID) NODE 2 PID 6751 
---(PID) NODE 1 PID 31283 
---(PID) NODE 0 PID 11210 
MasterLocale: bwlf32   

arg= 1----------on locale 0
arg= 2----------on locale 0
arg= 3----------on locale 0
arg= 4----------on locale 0
PROGRAM END ============================= 

(COMM LAYER) 0 :: FAILED NODES=========================-- 
-- ID: 0  -- ALIVE 0 -- 
-- ID: 1  -- ALIVE 1 -- 
-- ID: 2  -- ALIVE 1 -- 
-- ID: 3  -- ALIVE 1 -- 
--------------(SIGUSR2_handler) 2 RECEIVED SIGNAL SIGUSR2 - setting amIalive var 
--------------(SIGUSR2_handler) 3 RECEIVED SIGNAL SIGUSR2 - setting amIalive var 
--------------(SIGUSR2_handler) 1 RECEIVED SIGNAL SIGUSR2 - setting amIalive var 
---(PID) NODE 3 PID 16536 
---(PID) NODE 1 PID 31314 
---(PID) NODE 2 PID 6790 
---(PID) NODE 0 PID 11241 
MasterLocale: bwlf32   

arg= 1----------on locale 0
arg= 2----------on locale 0
arg= 3----------on locale 0
arg= 4----------on locale 0
PROGRAM END ============================= 

--------------(SIGUSR2_handler) 1 RECEIVED SIGNAL SIGUSR2 - setting amIalive var 
--------------(SIGUSR2_handler) 2 RECEIVED SIGNAL SIGUSR2 - setting amIalive var 
--------------(SIGUSR2_handler) 3 RECEIVED SIGNAL SIGUSR2 - setting amIalive var 
(COMM LAYER) 0 :: FAILED NODES=========================-- 
-- ID: 0  -- ALIVE 0 -- 
-- ID: 1  -- ALIVE 1 -- 
-- ID: 2  -- ALIVE 1 -- 
-- ID: 3  -- ALIVE 1 -- 
---(PID) NODE 2 PID 11273 
---(PID) NODE 1 PID 31343 
---(PID) NODE 3 PID 16567 
---(PID) NODE 0 PID 6820 
MasterLocale: bwlf31   

arg= 1----------on locale 0
arg= 2----------on locale 0
arg= 3----------on locale 0
arg= 4----------on locale 0
PROGRAM END ============================= 

--------------(SIGUSR2_handler) 2 RECEIVED SIGNAL SIGUSR2 - setting amIalive var 
(COMM LAYER) 0 :: FAILED NODES=========================-- 
-- ID: 0  -- ALIVE 0 -- 
-- ID: 1  -- ALIVE 1 -- 
-- ID: 2  -- ALIVE 1 -- 
-- ID: 3  -- ALIVE 1 -- 
--------------(SIGUSR2_handler) 3 RECEIVED SIGNAL SIGUSR2 - setting amIalive var 
--------------(SIGUSR2_handler) 1 RECEIVED SIGNAL SIGUSR2 - setting amIalive var 
---(PID) NODE 3 PID 16597 
---(PID) NODE 1 PID 31382 
---(PID) NODE 2 PID 6854 
---(PID) NODE 0 PID 11302 
MasterLocale: bwlf32   

arg= 1----------on locale 0
arg= 2----------on locale 0
arg= 3----------on locale 0
arg= 4----------on locale 0
PROGRAM END ============================= 

--------------(SIGUSR2_handler) 2 RECEIVED SIGNAL SIGUSR2 - setting amIalive var 
(COMM LAYER) 0 :: FAILED NODES=========================-- 
-- ID: 0  -- ALIVE 0 -- 
-- ID: 1  -- ALIVE 1 -- 
-- ID: 2  -- ALIVE 1 -- 
-- ID: 3  -- ALIVE 1 -- 
--------------(SIGUSR2_handler) 1 RECEIVED SIGNAL SIGUSR2 - setting amIalive var 
--------------(SIGUSR2_handler) 3 RECEIVED SIGNAL SIGUSR2 - setting amIalive var 
---(PID) NODE 3 PID 31412 
---(PID) NODE 1 PID 11332 
---(PID) NODE 2 PID 16629 
---(PID) NODE 0 PID 6884 
MasterLocale: bwlf31   

arg= 1----------on locale 0
arg= 2----------on locale 0
arg= 3----------on locale 0
arg= 4----------on locale 0
PROGRAM END ============================= 

(COMM LAYER) 0 :: FAILED NODES=========================-- 
-- ID: 0  -- ALIVE 0 -- 
-- ID: 1  -- ALIVE 1 -- 
-- ID: 2  -- ALIVE 1 -- 
-- ID: 3  -- ALIVE 1 -- 
--------------(SIGUSR2_handler) 2 RECEIVED SIGNAL SIGUSR2 - setting amIalive var 
--------------(SIGUSR2_handler) 3 RECEIVED SIGNAL SIGUSR2 - setting amIalive var 
--------------(SIGUSR2_handler) 1 RECEIVED SIGNAL SIGUSR2 - setting amIalive var 
---(PID) NODE 3 PID 16658 
---(PID) NODE 1 PID 31443 
---(PID) NODE 2 PID 6914 
---(PID) NODE 0 PID 11373 
MasterLocale: bwlf32   

arg= 1----------on locale 0
arg= 2----------on locale 0
arg= 3----------on locale 0
arg= 4----------on locale 0
PROGRAM END ============================= 

--------------(SIGUSR2_handler) 2 RECEIVED SIGNAL SIGUSR2 - setting amIalive var 
--------------(SIGUSR2_handler) 3 RECEIVED SIGNAL SIGUSR2 - setting amIalive var 
--------------(SIGUSR2_handler) 1 RECEIVED SIGNAL SIGUSR2 - setting amIalive var 
(COMM LAYER) 0 :: FAILED NODES=========================-- 
-- ID: 0  -- ALIVE 0 -- 
-- ID: 1  -- ALIVE 1 -- 
-- ID: 2  -- ALIVE 1 -- 
-- ID: 3  -- ALIVE 1 -- 
---(PID) NODE 3 PID 16688 
---(PID) NODE 1 PID 6944 
---(PID) NODE 2 PID 31474 
---(PID) NODE 0 PID 11404 
MasterLocale: bwlf32   

arg= 1----------on locale 0
arg= 2----------on locale 0
arg= 3----------on locale 0
arg= 4----------on locale 0
PROGRAM END ============================= 

--------------(SIGUSR2_handler) 2 RECEIVED SIGNAL SIGUSR2 - setting amIalive var 
--------------(SIGUSR2_handler) 3 RECEIVED SIGNAL SIGUSR2 - setting amIalive var 
(COMM LAYER) 0 :: FAILED NODES=========================-- 
-- ID: 0  -- ALIVE 0 -- 
-- ID: 1  -- ALIVE 1 -- 
-- ID: 2  -- ALIVE 1 -- 
-- ID: 3  -- ALIVE 1 -- 
--------------(SIGUSR2_handler) 1 RECEIVED SIGNAL SIGUSR2 - setting amIalive var 
---(PID) NODE 3 PID 31503 
---(PID) NODE 2 PID 16719 
---(PID) NODE 1 PID 11436 
---(PID) NODE 0 PID 6983 
MasterLocale: bwlf31   

arg= 1----------on locale 0
arg= 2----------on locale 0
arg= 3----------on locale 0
arg= 4----------on locale 0
PROGRAM END ============================= 

(COMM LAYER) 0 :: FAILED NODES=========================-- 
-- ID: 0  -- ALIVE 0 -- 
-- ID: 1  -- ALIVE 1 -- 
-- ID: 2  -- ALIVE 1 -- 
-- ID: 3  -- ALIVE 1 -- 
--------------(SIGUSR2_handler) 1 RECEIVED SIGNAL SIGUSR2 - setting amIalive var 
--------------(SIGUSR2_handler) 3 RECEIVED SIGNAL SIGUSR2 - setting amIalive var 
--------------(SIGUSR2_handler) 2 RECEIVED SIGNAL SIGUSR2 - setting amIalive var 
---(PID) NODE 3 PID 7017 
---(PID) NODE 1 PID 31533 
---(PID) NODE 2 PID 16757 
---(PID) NODE 0 PID 11465 
MasterLocale: bwlf32   

arg= 1----------on locale 0
arg= 2----------on locale 0
arg= 3----------on locale 0
arg= 4----------on locale 0
PROGRAM END ============================= 

--------------(SIGUSR2_handler) 1 RECEIVED SIGNAL SIGUSR2 - setting amIalive var 
--------------(SIGUSR2_handler) 3 RECEIVED SIGNAL SIGUSR2 - setting amIalive var 
(COMM LAYER) 0 :: FAILED NODES=========================-- 
-- ID: 0  -- ALIVE 0 -- 
-- ID: 1  -- ALIVE 1 -- 
-- ID: 2  -- ALIVE 1 -- 
-- ID: 3  -- ALIVE 1 -- 
--------------(SIGUSR2_handler) 2 RECEIVED SIGNAL SIGUSR2 - setting amIalive var 
---(PID) NODE 2 PID 16789 
---(PID) NODE 3 PID 31563 
---(PID) NODE 1 PID 7047 
---(PID) NODE 0 PID 11495 
MasterLocale: bwlf32   

arg= 1----------on locale 0
arg= 2----------on locale 0
arg= 3----------on locale 0
arg= 4----------on locale 0
PROGRAM END ============================= 

(COMM LAYER) 0 :: FAILED NODES=========================-- 
-- ID: 0  -- ALIVE 0 -- 
-- ID: 1  -- ALIVE 1 -- 
-- ID: 2  -- ALIVE 1 -- 
-- ID: 3  -- ALIVE 1 -- 
--------------(SIGUSR2_handler) 1 RECEIVED SIGNAL SIGUSR2 - setting amIalive var 
--------------(SIGUSR2_handler) 2 RECEIVED SIGNAL SIGUSR2 - setting amIalive var 
--------------(SIGUSR2_handler) 3 RECEIVED SIGNAL SIGUSR2 - setting amIalive var 
---(PID) NODE 3 PID 31603 
---(PID) NODE 1 PID 16818 
---(PID) NODE 2 PID 7076 
---(PID) NODE 0 PID 11528 
MasterLocale: bwlf32   

arg= 1----------on locale 0
arg= 2----------on locale 0
arg= 3----------on locale 0
arg= 4----------on locale 0
PROGRAM END ============================= 

--------------(SIGUSR2_handler) 2 RECEIVED SIGNAL SIGUSR2 - setting amIalive var 
--------------(SIGUSR2_handler) 3 RECEIVED SIGNAL SIGUSR2 - setting amIalive var 
--------------(SIGUSR2_handler) 1 RECEIVED SIGNAL SIGUSR2 - setting amIalive var 
(COMM LAYER) 0 :: FAILED NODES=========================-- 
-- ID: 0  -- ALIVE 0 -- 
-- ID: 1  -- ALIVE 1 -- 
-- ID: 2  -- ALIVE 1 -- 
-- ID: 3  -- ALIVE 1 -- 
---(PID) NODE 3 PID 16848 
---(PID) NODE 2 PID 31634 
---(PID) NODE 1 PID 7106 
---(PID) NODE 0 PID 11568 
MasterLocale: bwlf32   

arg= 1----------on locale 0
arg= 2----------on locale 0
arg= 3----------on locale 0
arg= 4----------on locale 0
PROGRAM END ============================= 

(COMM LAYER) 0 :: FAILED NODES=========================-- 
-- ID: 0  -- ALIVE 0 -- 
-- ID: 1  -- ALIVE 1 -- 
-- ID: 2  -- ALIVE 1 -- 
-- ID: 3  -- ALIVE 1 -- 
--------------(SIGUSR2_handler) 1 RECEIVED SIGNAL SIGUSR2 - setting amIalive var 
--------------(SIGUSR2_handler) 2 RECEIVED SIGNAL SIGUSR2 - setting amIalive var 
--------------(SIGUSR2_handler) 3 RECEIVED SIGNAL SIGUSR2 - setting amIalive var 
---(PID) NODE 2 PID 16879 
---(PID) NODE 3 PID 31663 
---(PID) NODE 1 PID 7138 
---(PID) NODE 0 PID 11600 
MasterLocale: bwlf32   

arg= 1----------on locale 0
arg= 2----------on locale 0
arg= 3----------on locale 0
arg= 4----------on locale 0
PROGRAM END ============================= 

--------------(SIGUSR2_handler) 2 RECEIVED SIGNAL SIGUSR2 - setting amIalive var 
--------------(SIGUSR2_handler) 3 RECEIVED SIGNAL SIGUSR2 - setting amIalive var 
--------------(SIGUSR2_handler) 1 RECEIVED SIGNAL SIGUSR2 - setting amIalive var 
(COMM LAYER) 0 :: FAILED NODES=========================-- 
-- ID: 0  -- ALIVE 0 -- 
-- ID: 1  -- ALIVE 1 -- 
-- ID: 2  -- ALIVE 1 -- 
-- ID: 3  -- ALIVE 1 -- 
---(PID) NODE 3 PID 31693 
---(PID) NODE 2 PID 16908 
---(PID) NODE 1 PID 7169 
---(PID) NODE 0 PID 11630 
MasterLocale: bwlf32   

arg= 1----------on locale 0
arg= 2----------on locale 0
arg= 3----------on locale 0
arg= 4----------on locale 0
PROGRAM END ============================= 

--------------(SIGUSR2_handler) 2 RECEIVED SIGNAL SIGUSR2 - setting amIalive var 
(COMM LAYER) 0 :: FAILED NODES=========================-- 
-- ID: 0  -- ALIVE 0 -- 
-- ID: 1  -- ALIVE 1 -- 
-- ID: 2  -- ALIVE 1 -- 
-- ID: 3  -- ALIVE 1 -- 
--------------(SIGUSR2_handler) 3 RECEIVED SIGNAL SIGUSR2 - setting amIalive var 
--------------(SIGUSR2_handler) 1 RECEIVED SIGNAL SIGUSR2 - setting amIalive var 
---(PID) NODE 3 PID 11662 
---(PID) NODE 1 PID 7208 
---(PID) NODE 2 PID 16940 
---(PID) NODE 0 PID 31723 
MasterLocale: bwlf03   

arg= 1----------on locale 0
arg= 2----------on locale 0
arg= 3----------on locale 0
arg= 4----------on locale 0
PROGRAM END ============================= 

(COMM LAYER) 0 :: FAILED NODES=========================-- 
-- ID: 0  -- ALIVE 0 -- 
-- ID: 1  -- ALIVE 1 -- 
-- ID: 2  -- ALIVE 1 -- 
-- ID: 3  -- ALIVE 1 -- 
--------------(SIGUSR2_handler) 2 RECEIVED SIGNAL SIGUSR2 - setting amIalive var 
--------------(SIGUSR2_handler) 1 RECEIVED SIGNAL SIGUSR2 - setting amIalive var 
--------------(SIGUSR2_handler) 3 RECEIVED SIGNAL SIGUSR2 - setting amIalive var 
---(PID) NODE 1 PID 31755 
---(PID) NODE 3 PID 16969 
---(PID) NODE 2 PID 7237 
---(PID) NODE 0 PID 11692 
MasterLocale: bwlf32   

arg= 1----------on locale 0
arg= 2----------on locale 0
arg= 3----------on locale 0
arg= 4----------on locale 0
PROGRAM END ============================= 

(COMM LAYER) 0 :: FAILED NODES=========================-- 
-- ID: 0  -- ALIVE 0 -- 
-- ID: 1  -- ALIVE 1 -- 
-- ID: 2  -- ALIVE 1 -- 
-- ID: 3  -- ALIVE 1 -- 
--------------(SIGUSR2_handler) 2 RECEIVED SIGNAL SIGUSR2 - setting amIalive var 
--------------(SIGUSR2_handler) 3 RECEIVED SIGNAL SIGUSR2 - setting amIalive var 
--------------(SIGUSR2_handler) 1 RECEIVED SIGNAL SIGUSR2 - setting amIalive var 
