---(PID) NODE 3 PID 32088 
---(PID) NODE 2 PID 17305 
---(PID) NODE 1 PID 7600 
---(PID) NODE 0 PID 12064 
MasterLocale: bwlf32   

arg= 1----------on locale 0
arg= 2----------on locale 2
arg= 3----------on locale 0
arg= 4----------on locale 2
PROGRAM END ============================= 

(COMM LAYER) 0 :: FAILED NODES=========================-- 
-- ID: 0  -- ALIVE 0 -- 
-- ID: 1  -- ALIVE 1 -- 
-- ID: 2  -- ALIVE 0 -- 
-- ID: 3  -- ALIVE 1 -- 
--------------(SIGUSR2_handler) 3 RECEIVED SIGNAL SIGUSR2 - setting amIalive var 
--------------(SIGUSR2_handler) 1 RECEIVED SIGNAL SIGUSR2 - setting amIalive var 
---(PID) NODE 2 PID 32123 
---(PID) NODE 1 PID 7636 
---(PID) NODE 3 PID 17332 
---(PID) NODE 0 PID 12112 
MasterLocale: bwlf32   

arg= 1----------on locale 0
arg= 2----------on locale 0
arg= 3----------on locale 3
arg= 4----------on locale 3
PROGRAM END ============================= 

--------------(SIGUSR2_handler) 1 RECEIVED SIGNAL SIGUSR2 - setting amIalive var 
(COMM LAYER) 0 :: FAILED NODES=========================-- 
-- ID: 0  -- ALIVE 0 -- 
-- ID: 1  -- ALIVE 1 -- 
-- ID: 2  -- ALIVE 1 -- 
-- ID: 3  -- ALIVE 0 -- 
--------------(SIGUSR2_handler) 2 RECEIVED SIGNAL SIGUSR2 - setting amIalive var 
---(PID) NODE 2 PID 32152 
---(PID) NODE 3 PID 17352 
---(PID) NODE 1 PID 7666 
---(PID) NODE 0 PID 12146 
MasterLocale: bwlf32   

arg= 1----------on locale 0
arg= 2----------on locale 2
arg= 3----------on locale 3
arg= 4----------on locale 2
PROGRAM END ============================= 

(COMM LAYER) 0 :: FAILED NODES=========================-- 
-- ID: 0  -- ALIVE 0 -- 
-- ID: 1  -- ALIVE 1 -- 
-- ID: 2  -- ALIVE 0 -- 
-- ID: 3  -- ALIVE 0 -- 
--------------(SIGUSR2_handler) 1 RECEIVED SIGNAL SIGUSR2 - setting amIalive var 
---(PID) NODE 3 PID 17372 
---(PID) NODE 2 PID 32182 
---(PID) NODE 1 PID 12169 
---(PID) NODE 0 PID 7699 
MasterLocale: bwlf31   

arg= 1----------on locale 1
arg= 2----------on locale 2
arg= 3----------on locale 3
arg= 4----------on locale 2
PROGRAM END ============================= 

(COMM LAYER) 0 :: FAILED NODES=========================-- 
-- ID: 0  -- ALIVE 0 -- 
-- ID: 1  -- ALIVE 0 -- 
-- ID: 2  -- ALIVE 0 -- 
-- ID: 3  -- ALIVE 0 -- 
---(PID) NODE 2 PID 32202 
---(PID) NODE 3 PID 17401 
---(PID) NODE 1 PID 12188 
---(PID) NODE 0 PID 7734 
MasterLocale: bwlf31   

arg= 1----------on locale 0
arg= 2----------on locale 2
arg= 3----------on locale 3
arg= 4----------on locale 2
PROGRAM END ============================= 

(COMM LAYER) 0 :: FAILED NODES=========================-- 
-- ID: 0  -- ALIVE 0 -- 
-- ID: 1  -- ALIVE 1 -- 
-- ID: 2  -- ALIVE 0 -- 
-- ID: 3  -- ALIVE 0 -- 
--------------(SIGUSR2_handler) 1 RECEIVED SIGNAL SIGUSR2 - setting amIalive var 
---(PID) NODE 3 PID 17421 
---(PID) NODE 2 PID 32224 
---(PID) NODE 1 PID 7776 
---(PID) NODE 0 PID 12220 
MasterLocale: bwlf32   

arg= 1----------on locale 0
arg= 2----------on locale 2
arg= 3----------on locale 3
arg= 4----------on locale 2
PROGRAM END ============================= 

--------------(SIGUSR2_handler) 1 RECEIVED SIGNAL SIGUSR2 - setting amIalive var 
(COMM LAYER) 0 :: FAILED NODES=========================-- 
-- ID: 0  -- ALIVE 0 -- 
-- ID: 1  -- ALIVE 1 -- 
-- ID: 2  -- ALIVE 0 -- 
-- ID: 3  -- ALIVE 0 -- 
---(PID) NODE 3 PID 32247 
---(PID) NODE 1 PID 17441 
---(PID) NODE 2 PID 12253 
---(PID) NODE 0 PID 7806 
MasterLocale: bwlf31   

arg= 1----------on locale 1
arg= 2----------on locale 2
arg= 3----------on locale 3
arg= 4----------on locale 2
PROGRAM END ============================= 

(COMM LAYER) 0 :: FAILED NODES=========================-- 
-- ID: 0  -- ALIVE 0 -- 
-- ID: 1  -- ALIVE 0 -- 
-- ID: 2  -- ALIVE 0 -- 
-- ID: 3  -- ALIVE 0 -- 
---(PID) NODE 3 PID 17462 
---(PID) NODE 2 PID 32266 
---(PID) NODE 1 PID 7841 
---(PID) NODE 0 PID 12275 
MasterLocale: bwlf32   

arg= 1----------on locale 0
arg= 2----------on locale 2
arg= 3----------on locale 3
arg= 4----------on locale 2
PROGRAM END ============================= 

(COMM LAYER) 0 :: FAILED NODES=========================-- 
-- ID: 0  -- ALIVE 0 -- 
-- ID: 1  -- ALIVE 1 -- 
-- ID: 2  -- ALIVE 0 -- 
-- ID: 3  -- ALIVE 0 -- 
--------------(SIGUSR2_handler) 1 RECEIVED SIGNAL SIGUSR2 - setting amIalive var 
---(PID) NODE 1 PID 32287 
---(PID) NODE 3 PID 17481 
---(PID) NODE 2 PID 7874 
---(PID) NODE 0 PID 12298 
MasterLocale: bwlf32   

arg= 1----------on locale 1
arg= 2----------on locale 1
arg= 3----------on locale 3
arg= 4----------on locale 3
PROGRAM END ============================= 

--------------(SIGUSR2_handler) 2 RECEIVED SIGNAL SIGUSR2 - setting amIalive var 
(COMM LAYER) 0 :: FAILED NODES=========================-- 
-- ID: 0  -- ALIVE 0 -- 
-- ID: 1  -- ALIVE 0 -- 
-- ID: 2  -- ALIVE 1 -- 
-- ID: 3  -- ALIVE 0 -- 
---(PID) NODE 3 PID 32306 
---(PID) NODE 2 PID 17502 
---(PID) NODE 1 PID 7904 
---(PID) NODE 0 PID 12322 
MasterLocale: bwlf32   

arg= 1----------on locale 0
arg= 2----------on locale 2
arg= 3----------on locale 3
arg= 4----------on locale 2
PROGRAM END ============================= 

(COMM LAYER) 0 :: FAILED NODES=========================-- 
-- ID: 0  -- ALIVE 0 -- 
-- ID: 1  -- ALIVE 1 -- 
-- ID: 2  -- ALIVE 0 -- 
-- ID: 3  -- ALIVE 0 -- 
--------------(SIGUSR2_handler) 1 RECEIVED SIGNAL SIGUSR2 - setting amIalive var 
---(PID) NODE 2 PID 32327 
---(PID) NODE 3 PID 7933 
---(PID) NODE 1 PID 17532 
---(PID) NODE 0 PID 12348 
MasterLocale: bwlf32   

arg= 1----------on locale 1
arg= 2----------on locale 2
arg= 3----------on locale 0
arg= 4----------on locale 2
PROGRAM END ============================= 

(COMM LAYER) 0 :: FAILED NODES=========================-- 
-- ID: 0  -- ALIVE 0 -- 
-- ID: 1  -- ALIVE 0 -- 
-- ID: 2  -- ALIVE 0 -- 
-- ID: 3  -- ALIVE 1 -- 
--------------(SIGUSR2_handler) 3 RECEIVED SIGNAL SIGUSR2 - setting amIalive var 
---(PID) NODE 1 PID 32351 
---(PID) NODE 3 PID 17552 
---(PID) NODE 2 PID 7972 
---(PID) NODE 0 PID 12381 
MasterLocale: bwlf32   

arg= 1----------on locale 0
arg= 2----------on locale 0
arg= 3----------on locale 3
arg= 4----------on locale 3
PROGRAM END ============================= 

(COMM LAYER) 0 :: FAILED NODES=========================-- 
-- ID: 0  -- ALIVE 0 -- 
-- ID: 1  -- ALIVE 1 -- 
-- ID: 2  -- ALIVE 1 -- 
-- ID: 3  -- ALIVE 0 -- 
--------------(SIGUSR2_handler) 1 RECEIVED SIGNAL SIGUSR2 - setting amIalive var 
--------------(SIGUSR2_handler) 2 RECEIVED SIGNAL SIGUSR2 - setting amIalive var 
---(PID) NODE 3 PID 32388 
---(PID) NODE 1 PID 12415 
---(PID) NODE 2 PID 17573 
---(PID) NODE 0 PID 8002 
MasterLocale: bwlf31   

arg= 1----------on locale 0
arg= 2----------on locale 2
arg= 3----------on locale 3
arg= 4----------on locale 2
PROGRAM END ============================= 

--------------(SIGUSR2_handler) 1 RECEIVED SIGNAL SIGUSR2 - setting amIalive var 
(COMM LAYER) 0 :: FAILED NODES=========================-- 
-- ID: 0  -- ALIVE 0 -- 
-- ID: 1  -- ALIVE 1 -- 
-- ID: 2  -- ALIVE 0 -- 
-- ID: 3  -- ALIVE 0 -- 
---(PID) NODE 3 PID 32408 
---(PID) NODE 1 PID 8039 
---(PID) NODE 2 PID 17593 
---(PID) NODE 0 PID 12444 
MasterLocale: bwlf32   

arg= 1----------on locale 0
arg= 2----------on locale 2
arg= 3----------on locale 3
arg= 4----------on locale 2
PROGRAM END ============================= 

--------------(SIGUSR2_handler) 1 RECEIVED SIGNAL SIGUSR2 - setting amIalive var 
(COMM LAYER) 0 :: FAILED NODES=========================-- 
-- ID: 0  -- ALIVE 0 -- 
-- ID: 1  -- ALIVE 1 -- 
-- ID: 2  -- ALIVE 0 -- 
-- ID: 3  -- ALIVE 0 -- 
---(PID) NODE 3 PID 32427 
---(PID) NODE 1 PID 8069 
---(PID) NODE 2 PID 17615 
---(PID) NODE 0 PID 12477 
MasterLocale: bwlf32   

arg= 1----------on locale 0
arg= 2----------on locale 2
arg= 3----------on locale 3
arg= 4----------on locale 2
PROGRAM END ============================= 

(COMM LAYER) 0 :: FAILED NODES=========================-- 
-- ID: 0  -- ALIVE 0 -- 
-- ID: 1  -- ALIVE 1 -- 
-- ID: 2  -- ALIVE 0 -- 
-- ID: 3  -- ALIVE 0 -- 
--------------(SIGUSR2_handler) 1 RECEIVED SIGNAL SIGUSR2 - setting amIalive var 
---(PID) NODE 3 PID 32447 
---(PID) NODE 1 PID 8098 
---(PID) NODE 2 PID 17636 
---(PID) NODE 0 PID 12503 
MasterLocale: bwlf32   

arg= 1----------on locale 0
arg= 2----------on locale 2
arg= 3----------on locale 3
arg= 4----------on locale 2
PROGRAM END ============================= 

(COMM LAYER) 0 :: FAILED NODES=========================-- 
-- ID: 0  -- ALIVE 0 -- 
-- ID: 1  -- ALIVE 1 -- 
-- ID: 2  -- ALIVE 0 -- 
-- ID: 3  -- ALIVE 0 -- 
--------------(SIGUSR2_handler) 1 RECEIVED SIGNAL SIGUSR2 - setting amIalive var 
---(PID) NODE 3 PID 8128 
---(PID) NODE 1 PID 17657 
---(PID) NODE 2 PID 32469 
---(PID) NODE 0 PID 12537 
MasterLocale: bwlf32   

arg= 1----------on locale 1
arg= 2----------on locale 2
arg= 3----------on locale 0
arg= 4----------on locale 2
PROGRAM END ============================= 

--------------(SIGUSR2_handler) 3 RECEIVED SIGNAL SIGUSR2 - setting amIalive var 
(COMM LAYER) 0 :: FAILED NODES=========================-- 
-- ID: 0  -- ALIVE 0 -- 
-- ID: 1  -- ALIVE 0 -- 
-- ID: 2  -- ALIVE 0 -- 
-- ID: 3  -- ALIVE 1 -- 
---(PID) NODE 3 PID 32489 
---(PID) NODE 1 PID 12581 
---(PID) NODE 2 PID 17687 
---(PID) NODE 0 PID 8158 
MasterLocale: bwlf31   

arg= 1----------on locale 0
arg= 2----------on locale 2
arg= 3----------on locale 3
arg= 4----------on locale 2
PROGRAM END ============================= 

(COMM LAYER) 0 :: FAILED NODES=========================-- 
-- ID: 0  -- ALIVE 0 -- 
-- ID: 1  -- ALIVE 1 -- 
-- ID: 2  -- ALIVE 0 -- 
-- ID: 3  -- ALIVE 0 -- 
--------------(SIGUSR2_handler) 1 RECEIVED SIGNAL SIGUSR2 - setting amIalive var 
---(PID) NODE 3 PID 17707 
---(PID) NODE 2 PID 8204 
---(PID) NODE 1 PID 12610 
---(PID) NODE 0 PID 32518 
MasterLocale: bwlf03   

arg= 1----------on locale 0
arg= 2----------on locale 0
arg= 3----------on locale 3
arg= 4----------on locale 3
PROGRAM END ============================= 

(COMM LAYER) 0 :: FAILED NODES=========================-- 
-- ID: 0  -- ALIVE 0 -- 
-- ID: 1  -- ALIVE 1 -- 
-- ID: 2  -- ALIVE 1 -- 
-- ID: 3  -- ALIVE 0 -- 
--------------(SIGUSR2_handler) 1 RECEIVED SIGNAL SIGUSR2 - setting amIalive var 
--------------(SIGUSR2_handler) 2 RECEIVED SIGNAL SIGUSR2 - setting amIalive var 
---(PID) NODE 2 PID 17728 
---(PID) NODE 3 PID 32550 
---(PID) NODE 1 PID 8234 
---(PID) NODE 0 PID 12639 
MasterLocale: bwlf32   

arg= 1----------on locale 0
arg= 2----------on locale 2
arg= 3----------on locale 0
arg= 4----------on locale 2
PROGRAM END ============================= 

(COMM LAYER) 0 :: FAILED NODES=========================-- 
-- ID: 0  -- ALIVE 0 -- 
-- ID: 1  -- ALIVE 1 -- 
-- ID: 2  -- ALIVE 0 -- 
-- ID: 3  -- ALIVE 1 -- 
--------------(SIGUSR2_handler) 1 RECEIVED SIGNAL SIGUSR2 - setting amIalive var 
--------------(SIGUSR2_handler) 3 RECEIVED SIGNAL SIGUSR2 - setting amIalive var 
