---(PID) NODE 1 PID 9462 
---(PID) NODE 2 PID 5001 
---(PID) NODE 0 PID 29572 
MasterLocale: bwlf03   

arg= 1----------on locale 0
arg= 2----------on locale 0
arg= 3----------on locale 0
PROGRAM END ============================= 

--------------(SIGUSR2_handler) 2 RECEIVED SIGNAL SIGUSR2 - setting amIalive var 
(COMM LAYER) 0 :: FAILED NODES=========================-- 
-- ID: 0  -- ALIVE 0 -- 
-- ID: 1  -- ALIVE 1 -- 
-- ID: 2  -- ALIVE 1 -- 
--------------(SIGUSR2_handler) 1 RECEIVED SIGNAL SIGUSR2 - setting amIalive var 
---(PID) NODE 2 PID 5035 
---(PID) NODE 1 PID 29606 
---(PID) NODE 0 PID 9506 
MasterLocale: bwlf32   

arg= 1----------on locale 0
arg= 2----------on locale 0
arg= 3----------on locale 0
PROGRAM END ============================= 

--------------(SIGUSR2_handler) 2 RECEIVED SIGNAL SIGUSR2 - setting amIalive var 
--------------(SIGUSR2_handler) 1 RECEIVED SIGNAL SIGUSR2 - setting amIalive var 
(COMM LAYER) 0 :: FAILED NODES=========================-- 
-- ID: 0  -- ALIVE 0 -- 
-- ID: 1  -- ALIVE 1 -- 
-- ID: 2  -- ALIVE 1 -- 
---(PID) NODE 1 PID 9536 
---(PID) NODE 2 PID 29646 
---(PID) NODE 0 PID 5075 
MasterLocale: bwlf31   

arg= 1----------on locale 0
arg= 2----------on locale 0
arg= 3----------on locale 0
PROGRAM END ============================= 

(COMM LAYER) 0 :: FAILED NODES=========================-- 
-- ID: 0  -- ALIVE 0 -- 
-- ID: 1  -- ALIVE 1 -- 
-- ID: 2  -- ALIVE 1 -- 
--------------(SIGUSR2_handler) 1 RECEIVED SIGNAL SIGUSR2 - setting amIalive var 
--------------(SIGUSR2_handler) 2 RECEIVED SIGNAL SIGUSR2 - setting amIalive var 
---(PID) NODE 1 PID 29676 
---(PID) NODE 2 PID 9566 
---(PID) NODE 0 PID 5107 
MasterLocale: bwlf31   

arg= 1----------on locale 0
arg= 2----------on locale 0
arg= 3----------on locale 0
PROGRAM END ============================= 

--------------(SIGUSR2_handler) 1 RECEIVED SIGNAL SIGUSR2 - setting amIalive var 
--------------(SIGUSR2_handler) 2 RECEIVED SIGNAL SIGUSR2 - setting amIalive var 
(COMM LAYER) 0 :: FAILED NODES=========================-- 
-- ID: 0  -- ALIVE 0 -- 
-- ID: 1  -- ALIVE 1 -- 
-- ID: 2  -- ALIVE 1 -- 
---(PID) NODE 1 PID 9604 
---(PID) NODE 2 PID 29705 
---(PID) NODE 0 PID 5138 
MasterLocale: bwlf31   

arg= 1----------on locale 0
arg= 2----------on locale 0
arg= 3----------on locale 0
PROGRAM END ============================= 

--------------(SIGUSR2_handler) 1 RECEIVED SIGNAL SIGUSR2 - setting amIalive var 
--------------(SIGUSR2_handler) 2 RECEIVED SIGNAL SIGUSR2 - setting amIalive var 
(COMM LAYER) 0 :: FAILED NODES=========================-- 
-- ID: 0  -- ALIVE 0 -- 
-- ID: 1  -- ALIVE 1 -- 
-- ID: 2  -- ALIVE 1 -- 
---(PID) NODE 1 PID 9637 
---(PID) NODE 2 PID 5169 
---(PID) NODE 0 PID 29737 
MasterLocale: bwlf03   

arg= 1----------on locale 0
arg= 2----------on locale 0
arg= 3----------on locale 0
PROGRAM END ============================= 

(COMM LAYER) 0 :: FAILED NODES=========================-- 
-- ID: 0  -- ALIVE 0 -- 
-- ID: 1  -- ALIVE 1 -- 
-- ID: 2  -- ALIVE 1 -- 
--------------(SIGUSR2_handler) 1 RECEIVED SIGNAL SIGUSR2 - setting amIalive var 
--------------(SIGUSR2_handler) 2 RECEIVED SIGNAL SIGUSR2 - setting amIalive var 
---(PID) NODE 1 PID 29768 
---(PID) NODE 2 PID 5198 
---(PID) NODE 0 PID 9668 
MasterLocale: bwlf32   

arg= 1----------on locale 0
arg= 2----------on locale 0
arg= 3----------on locale 0
PROGRAM END ============================= 

--------------(SIGUSR2_handler) 1 RECEIVED SIGNAL SIGUSR2 - setting amIalive var 
--------------(SIGUSR2_handler) 2 RECEIVED SIGNAL SIGUSR2 - setting amIalive var 
(COMM LAYER) 0 :: FAILED NODES=========================-- 
-- ID: 0  -- ALIVE 0 -- 
-- ID: 1  -- ALIVE 1 -- 
-- ID: 2  -- ALIVE 1 -- 
---(PID) NODE 1 PID 5229 
---(PID) NODE 2 PID 29799 
---(PID) NODE 0 PID 9698 
MasterLocale: bwlf32   

arg= 1----------on locale 0
arg= 2----------on locale 0
arg= 3----------on locale 0
PROGRAM END ============================= 

(COMM LAYER) 0 :: FAILED NODES=========================-- 
-- ID: 0  -- ALIVE 0 -- 
-- ID: 1  -- ALIVE 1 -- 
-- ID: 2  -- ALIVE 1 -- 
--------------(SIGUSR2_handler) 1 RECEIVED SIGNAL SIGUSR2 - setting amIalive var 
--------------(SIGUSR2_handler) 2 RECEIVED SIGNAL SIGUSR2 - setting amIalive var 
---(PID) NODE 2 PID 9728 
---(PID) NODE 1 PID 29828 
---(PID) NODE 0 PID 5270 
MasterLocale: bwlf31   

arg= 1----------on locale 0
arg= 2----------on locale 0
arg= 3----------on locale 0
PROGRAM END ============================= 

--------------(SIGUSR2_handler) 1 RECEIVED SIGNAL SIGUSR2 - setting amIalive var 
--------------(SIGUSR2_handler) 2 RECEIVED SIGNAL SIGUSR2 - setting amIalive var 
(COMM LAYER) 0 :: FAILED NODES=========================-- 
-- ID: 0  -- ALIVE 0 -- 
-- ID: 1  -- ALIVE 1 -- 
-- ID: 2  -- ALIVE 1 -- 
---(PID) NODE 1 PID 29858 
---(PID) NODE 2 PID 5301 
---(PID) NODE 0 PID 9757 
MasterLocale: bwlf32   

arg= 1----------on locale 0
arg= 2----------on locale 0
arg= 3----------on locale 0
PROGRAM END ============================= 

--------------(SIGUSR2_handler) 1 RECEIVED SIGNAL SIGUSR2 - setting amIalive var 
--------------(SIGUSR2_handler) 2 RECEIVED SIGNAL SIGUSR2 - setting amIalive var 
(COMM LAYER) 0 :: FAILED NODES=========================-- 
-- ID: 0  -- ALIVE 0 -- 
-- ID: 1  -- ALIVE 1 -- 
-- ID: 2  -- ALIVE 1 -- 
---(PID) NODE 1 PID 5330 
---(PID) NODE 2 PID 29888 
---(PID) NODE 0 PID 9801 
MasterLocale: bwlf32   

arg= 1----------on locale 0
arg= 2----------on locale 0
arg= 3----------on locale 0
PROGRAM END ============================= 

--------------(SIGUSR2_handler) 1 RECEIVED SIGNAL SIGUSR2 - setting amIalive var 
(COMM LAYER) 0 :: FAILED NODES=========================-- 
-- ID: 0  -- ALIVE 0 -- 
-- ID: 1  -- ALIVE 1 -- 
-- ID: 2  -- ALIVE 1 -- 
--------------(SIGUSR2_handler) 2 RECEIVED SIGNAL SIGUSR2 - setting amIalive var 
---(PID) NODE 2 PID 29932 
---(PID) NODE 1 PID 9831 
---(PID) NODE 0 PID 5363 
MasterLocale: bwlf31   

arg= 1----------on locale 0
arg= 2----------on locale 0
arg= 3----------on locale 0
PROGRAM END ============================= 

--------------(SIGUSR2_handler) 1 RECEIVED SIGNAL SIGUSR2 - setting amIalive var 
--------------(SIGUSR2_handler) 2 RECEIVED SIGNAL SIGUSR2 - setting amIalive var 
(COMM LAYER) 0 :: FAILED NODES=========================-- 
-- ID: 0  -- ALIVE 0 -- 
-- ID: 1  -- ALIVE 1 -- 
-- ID: 2  -- ALIVE 1 -- 
---(PID) NODE 1 PID 9862 
---(PID) NODE 2 PID 5394 
---(PID) NODE 0 PID 29963 
MasterLocale: bwlf03   

arg= 1----------on locale 0
arg= 2----------on locale 0
arg= 3----------on locale 0
PROGRAM END ============================= 

--------------(SIGUSR2_handler) 2 RECEIVED SIGNAL SIGUSR2 - setting amIalive var 
--------------(SIGUSR2_handler) 1 RECEIVED SIGNAL SIGUSR2 - setting amIalive var 
(COMM LAYER) 0 :: FAILED NODES=========================-- 
-- ID: 0  -- ALIVE 0 -- 
-- ID: 1  -- ALIVE 1 -- 
-- ID: 2  -- ALIVE 1 -- 
---(PID) NODE 2 PID 9892 
---(PID) NODE 1 PID 29992 
---(PID) NODE 0 PID 5426 
MasterLocale: bwlf31   

arg= 1----------on locale 0
arg= 2----------on locale 0
arg= 3----------on locale 0
PROGRAM END ============================= 

(COMM LAYER) 0 :: FAILED NODES=========================-- 
-- ID: 0  -- ALIVE 0 -- 
-- ID: 1  -- ALIVE 1 -- 
-- ID: 2  -- ALIVE 1 -- 
--------------(SIGUSR2_handler) 1 RECEIVED SIGNAL SIGUSR2 - setting amIalive var 
--------------(SIGUSR2_handler) 2 RECEIVED SIGNAL SIGUSR2 - setting amIalive var 
---(PID) NODE 1 PID 30022 
---(PID) NODE 2 PID 9921 
---(PID) NODE 0 PID 5466 
MasterLocale: bwlf31   

arg= 1----------on locale 0
arg= 2----------on locale 0
arg= 3----------on locale 0
PROGRAM END ============================= 

--------------(SIGUSR2_handler) 2 RECEIVED SIGNAL SIGUSR2 - setting amIalive var 
--------------(SIGUSR2_handler) 1 RECEIVED SIGNAL SIGUSR2 - setting amIalive var 
(COMM LAYER) 0 :: FAILED NODES=========================-- 
-- ID: 0  -- ALIVE 0 -- 
-- ID: 1  -- ALIVE 1 -- 
-- ID: 2  -- ALIVE 1 -- 
---(PID) NODE 1 PID 9952 
---(PID) NODE 2 PID 30052 
---(PID) NODE 0 PID 5495 
MasterLocale: bwlf31   

arg= 1----------on locale 0
arg= 2----------on locale 0
arg= 3----------on locale 0
PROGRAM END ============================= 

--------------(SIGUSR2_handler) 1 RECEIVED SIGNAL SIGUSR2 - setting amIalive var 
(COMM LAYER) 0 :: FAILED NODES=========================-- 
-- ID: 0  -- ALIVE 0 -- 
-- ID: 1  -- ALIVE 1 -- 
-- ID: 2  -- ALIVE 1 -- 
--------------(SIGUSR2_handler) 2 RECEIVED SIGNAL SIGUSR2 - setting amIalive var 
---(PID) NODE 1 PID 9991 
---(PID) NODE 2 PID 30082 
---(PID) NODE 0 PID 5524 
MasterLocale: bwlf31   

arg= 1----------on locale 0
arg= 2----------on locale 0
arg= 3----------on locale 0
PROGRAM END ============================= 

(COMM LAYER) 0 :: FAILED NODES=========================-- 
-- ID: 0  -- ALIVE 0 -- 
-- ID: 1  -- ALIVE 1 -- 
-- ID: 2  -- ALIVE 1 -- 
--------------(SIGUSR2_handler) 2 RECEIVED SIGNAL SIGUSR2 - setting amIalive var 
--------------(SIGUSR2_handler) 1 RECEIVED SIGNAL SIGUSR2 - setting amIalive var 
---(PID) NODE 1 PID 30113 
---(PID) NODE 2 PID 10022 
---(PID) NODE 0 PID 5555 
MasterLocale: bwlf31   

arg= 1----------on locale 0
arg= 2----------on locale 0
arg= 3----------on locale 0
PROGRAM END ============================= 

--------------(SIGUSR2_handler) 1 RECEIVED SIGNAL SIGUSR2 - setting amIalive var 
(COMM LAYER) 0 :: FAILED NODES=========================-- 
-- ID: 0  -- ALIVE 0 -- 
-- ID: 1  -- ALIVE 1 -- 
-- ID: 2  -- ALIVE 1 -- 
--------------(SIGUSR2_handler) 2 RECEIVED SIGNAL SIGUSR2 - setting amIalive var 
---(PID) NODE 1 PID 30151 
---(PID) NODE 2 PID 10052 
---(PID) NODE 0 PID 5587 
MasterLocale: bwlf31   

arg= 1----------on locale 0
arg= 2----------on locale 0
arg= 3----------on locale 0
PROGRAM END ============================= 

--------------(SIGUSR2_handler) 1 RECEIVED SIGNAL SIGUSR2 - setting amIalive var 
(COMM LAYER) 0 :: FAILED NODES=========================-- 
-- ID: 0  -- ALIVE 0 -- 
-- ID: 1  -- ALIVE 1 -- 
-- ID: 2  -- ALIVE 1 -- 
--------------(SIGUSR2_handler) 2 RECEIVED SIGNAL SIGUSR2 - setting amIalive var 
---(PID) NODE 1 PID 30181 
---(PID) NODE 2 PID 5617 
---(PID) NODE 0 PID 10081 
MasterLocale: bwlf32   

arg= 1----------on locale 0
arg= 2----------on locale 0
arg= 3----------on locale 0
PROGRAM END ============================= 

(COMM LAYER) 0 :: FAILED NODES=========================-- 
-- ID: 0  -- ALIVE 0 -- 
-- ID: 1  -- ALIVE 1 -- 
-- ID: 2  -- ALIVE 1 -- 
--------------(SIGUSR2_handler) 2 RECEIVED SIGNAL SIGUSR2 - setting amIalive var 
--------------(SIGUSR2_handler) 1 RECEIVED SIGNAL SIGUSR2 - setting amIalive var 
