---(PID) NODE 3 PID 12013 
---(PID) NODE 1 PID 14027 
---(PID) NODE 2 PID 13882 
---(PID) NODE 0 PID 8932 
MasterLocale: bwlf04   

PROGRAM END ============= Time elapsed:30.0003 

 pi = 3.14173 ----------on locale 1
 pi = 3.14173 ----------on locale 3
 pi = 3.14173 ----------on locale 1
 pi = 3.14173 ----------on locale 3
--------------(SIGUSR2_handler) 2 RECEIVED SIGNAL SIGUSR2 - setting amIalive var 
(fork_wrapper_nb_with_extras)2   ********** I AM  DEAD 
 (fork_wrapper_nb_with_extras)1   ********** ALL GOOD  
 (*******) 1 FORK_NB_with_extras:: check child alive ========remote check ~~~~~ update request sent ~~~~~~~ 
(*******) 1 FORK_NB_with_extras:: check child alive ========remote check ~~~~~~~wait on update reply~~~~~ 
(COMM_LAYER) 1 In AM_timeout : setting timeout flag ******
(*******) 1 FORK_NB_with_extras 1 -> 2 :: Timeout from child - recover - END -- should delete here 
(fork_wrapper_nb_with_extras)3   ********** ALL GOOD  
 (*******) 3 FORK_NB_with_extras:: check child alive ========remote check ~~~~~ update request sent ~~~~~~~ 
(*******) 3 FORK_NB_with_extras:: check child alive ========remote check ~~~~~~~wait on update reply~~~~~ 
(fork_wrapper_nb_with_extras)3   ********** ALL GOOD  
 (COMM LAYER) 0 chpl_comm_exit ******************************* NBFORK ********************  
(COMM LAYER) 0 :: FAILED NODES=========================-- 
-- ID: 0  -- ALIVE 0 -- 
-- ID: 1  -- ALIVE 0 -- 
-- ID: 2  -- ALIVE 1 -- 
-- ID: 3  -- ALIVE 0 -- 
---(PID) NODE 3 PID 12082 
---(PID) NODE 1 PID 14094 
---(PID) NODE 2 PID 13957 
---(PID) NODE 0 PID 9002 
MasterLocale: bwlf04   

(COMM_LAYER) 0 In AM_timeout : setting timeout flag ******
 pi = 3.14173 ----------on locale 1
 pi = 3.14173 ----------on locale 0
(*******) 0 FORK_NB_with_extras 0 -> 3 :: Timeout from child - recover - END -- should delete here 
PROGRAM END ============= Time elapsed:82.776 

 pi = 3.14173 ----------on locale 2
 pi = 3.14173 ----------on locale 2
--------------(SIGUSR2_handler) 3 RECEIVED SIGNAL SIGUSR2 - setting amIalive var 
(fork_wrapper_nb_with_extras)3   ********** I AM  DEAD 
 (fork_wrapper_nb_with_extras)1   ********** ALL GOOD  
 (*******) 1 FORK_NB_with_extras:: check child alive ========remote check ~~~~~ update request sent ~~~~~~~ 
(*******) 1 FORK_NB_with_extras:: check child alive ========remote check ~~~~~~~wait on update reply~~~~~ 
(fork_wrapper_nb_with_extras)2   ********** ALL GOOD  
 (fork_wrapper_nb_with_extras)2   ********** ALL GOOD  
 (COMM LAYER) 0 chpl_comm_exit ******************************* NBFORK ********************  
(COMM LAYER) 0 :: FAILED NODES=========================-- 
-- ID: 0  -- ALIVE 0 -- 
-- ID: 1  -- ALIVE 0 -- 
-- ID: 2  -- ALIVE 0 -- 
-- ID: 3  -- ALIVE 1 -- 
---(PID) NODE 1 PID 13996 
---(PID) NODE 2 PID 14134 
---(PID) NODE 3 PID 12133 
---(PID) NODE 0 PID 9046 
MasterLocale: bwlf04   

PROGRAM END ============= Time elapsed:30.0005 

 pi = 3.14173 ----------on locale 1
 pi = 3.14173 ----------on locale 3
 pi = 3.14173 ----------on locale 2
 pi = 3.14173 ----------on locale 2
(fork_wrapper_nb_with_extras)3   ********** ALL GOOD  
 (*******) 3 FORK_NB_with_extras:: check child alive ========remote check ~~~~~ update request sent ~~~~~~~ 
(*******) 3 FORK_NB_with_extras:: check child alive ========remote check ~~~~~~~wait on update reply~~~~~ 
(fork_wrapper_nb_with_extras)1   ********** ALL GOOD  
 (*******) 1 FORK_NB_with_extras:: check child alive ========remote check ~~~~~ update request sent ~~~~~~~ 
(*******) 1 FORK_NB_with_extras:: check child alive ========remote check ~~~~~~~wait on update reply~~~~~ 
(COMM LAYER) 0 chpl_comm_exit ******************************* NBFORK ********************  
(COMM LAYER) 0 :: FAILED NODES=========================-- 
-- ID: 0  -- ALIVE 0 -- 
-- ID: 1  -- ALIVE 0 -- 
-- ID: 2  -- ALIVE 0 -- 
-- ID: 3  -- ALIVE 0 -- 
(fork_wrapper_nb_with_extras)2   ********** ALL GOOD  
 (fork_wrapper_nb_with_extras)2   ********** ALL GOOD  
 ---(PID) NODE 2 PID 14167 
---(PID) NODE 3 PID 14029 
---(PID) NODE 1 PID 12169 
---(PID) NODE 0 PID 9095 
MasterLocale: bwlf04   

PROGRAM END ============= Time elapsed:30.0005 

 pi = 3.14173 ----------on locale 1
 pi = 3.14173 ----------on locale 3
 pi = 3.14173 ----------on locale 3
 pi = 3.14173 ----------on locale 1
(fork_wrapper_nb_with_extras)1   ********** ALL GOOD  
 (*******) 1 FORK_NB_with_extras:: check child alive ========remote check ~~~~~ update request sent ~~~~~~~ 
(*******) 1 FORK_NB_with_extras:: check child alive ========remote check ~~~~~~~wait on update reply~~~~~ 
(COMM_LAYER) 1 In AM_timeout : setting timeout flag ******
(*******) 1 FORK_NB_with_extras 1 -> 2 :: Timeout from child - recover - END -- should delete here 
(fork_wrapper_nb_with_extras)3   ********** ALL GOOD  
 (*******) 3 FORK_NB_with_extras:: check child alive ========remote check ~~~~~ update request sent ~~~~~~~ 
(*******) 3 FORK_NB_with_extras:: check child alive ========remote check ~~~~~~~wait on update reply~~~~~ 
(COMM_LAYER) 3 In AM_timeout : setting timeout flag ******
(*******) 3 FORK_NB_with_extras 3 -> 2 :: Timeout from child - recover - END -- should delete here 
--------------(SIGUSR2_handler) 2 RECEIVED SIGNAL SIGUSR2 - setting amIalive var 
(fork_wrapper_nb_with_extras)2   ********** I AM  DEAD 
 (fork_wrapper_nb_with_extras)2   ********** I AM  DEAD 
 (COMM LAYER) 0 chpl_comm_exit ******************************* NBFORK ********************  
(COMM LAYER) 0 :: FAILED NODES=========================-- 
-- ID: 0  -- ALIVE 0 -- 
-- ID: 1  -- ALIVE 0 -- 
-- ID: 2  -- ALIVE 1 -- 
-- ID: 3  -- ALIVE 0 -- 
---(PID) NODE 1 PID 12203 
---(PID) NODE 3 PID 14064 
---(PID) NODE 2 PID 14217 
---(PID) NODE 0 PID 9137 
MasterLocale: bwlf04   

PROGRAM END ============= Time elapsed:30.0005 

 pi = 3.14173 ----------on locale 1
 pi = 3.14173 ----------on locale 3
 pi = 3.14173 ----------on locale 3
 pi = 3.14173 ----------on locale 1
(fork_wrapper_nb_with_extras)1   ********** ALL GOOD  
 (*******) 1 FORK_NB_with_extras:: check child alive ========remote check ~~~~~ update request sent ~~~~~~~ 
(*******) 1 FORK_NB_with_extras:: check child alive ========remote check ~~~~~~~wait on update reply~~~~~ 
(COMM_LAYER) 1 In AM_timeout : setting timeout flag ******
(*******) 1 FORK_NB_with_extras 1 -> 2 :: Timeout from child - recover - END -- should delete here 
--------------(SIGUSR2_handler) 2 RECEIVED SIGNAL SIGUSR2 - setting amIalive var 
(fork_wrapper_nb_with_extras)2   ********** I AM  DEAD 
 (fork_wrapper_nb_with_extras)2   ********** I AM  DEAD 
 (fork_wrapper_nb_with_extras)3   ********** ALL GOOD  
 (*******) 3 FORK_NB_with_extras:: check child alive ========remote check ~~~~~ update request sent ~~~~~~~ 
(*******) 3 FORK_NB_with_extras:: check child alive ========remote check ~~~~~~~wait on update reply~~~~~ 
(COMM_LAYER) 3 In AM_timeout : setting timeout flag ******
(*******) 3 FORK_NB_with_extras 3 -> 2 :: Timeout from child - recover - END -- should delete here 
(COMM LAYER) 0 chpl_comm_exit ******************************* NBFORK ********************  
(COMM LAYER) 0 :: FAILED NODES=========================-- 
-- ID: 0  -- ALIVE 0 -- 
-- ID: 1  -- ALIVE 0 -- 
-- ID: 2  -- ALIVE 1 -- 
-- ID: 3  -- ALIVE 0 -- 
---(PID) NODE 1 PID 14264 
---(PID) NODE 2 PID 12240 
---(PID) NODE 3 PID 14098 
---(PID) NODE 0 PID 9178 
MasterLocale: bwlf04   

PROGRAM END ============= Time elapsed:30.0005 

 pi = 3.14173 ----------on locale 1
 pi = 3.14173 ----------on locale 3
 pi = 3.14173 ----------on locale 2
 pi = 3.14173 ----------on locale 2
(fork_wrapper_nb_with_extras)3   ********** ALL GOOD  
 (*******) 3 FORK_NB_with_extras:: check child alive ========remote check ~~~~~ update request sent ~~~~~~~ 
(*******) 3 FORK_NB_with_extras:: check child alive ========remote check ~~~~~~~wait on update reply~~~~~ 
(fork_wrapper_nb_with_extras)2   ********** ALL GOOD  
 (fork_wrapper_nb_with_extras)2   ********** ALL GOOD  
 (fork_wrapper_nb_with_extras)1   ********** ALL GOOD  
 (*******) 1 FORK_NB_with_extras:: check child alive ========remote check ~~~~~ update request sent ~~~~~~~ 
(*******) 1 FORK_NB_with_extras:: check child alive ========remote check ~~~~~~~wait on update reply~~~~~ 
(COMM LAYER) 0 chpl_comm_exit ******************************* NBFORK ********************  
(COMM LAYER) 0 :: FAILED NODES=========================-- 
-- ID: 0  -- ALIVE 0 -- 
-- ID: 1  -- ALIVE 0 -- 
-- ID: 2  -- ALIVE 0 -- 
-- ID: 3  -- ALIVE 0 -- 
---(PID) NODE 1 PID 14129 
---(PID) NODE 2 PID 14297 
---(PID) NODE 3 PID 12276 
---(PID) NODE 0 PID 9227 
MasterLocale: bwlf04   

PROGRAM END ============= Time elapsed:30.0005 

 pi = 3.14173 ----------on locale 1
 pi = 3.14173 ----------on locale 3
 pi = 3.14173 ----------on locale 1
 pi = 3.14173 ----------on locale 3
(fork_wrapper_nb_with_extras)3   ********** ALL GOOD  
 (*******) 3 FORK_NB_with_extras:: check child alive ========remote check ~~~~~ update request sent ~~~~~~~ 
(*******) 3 FORK_NB_with_extras:: check child alive ========remote check ~~~~~~~wait on update reply~~~~~ 
(fork_wrapper_nb_with_extras)3   ********** ALL GOOD  
 --------------(SIGUSR2_handler) 2 RECEIVED SIGNAL SIGUSR2 - setting amIalive var 
(fork_wrapper_nb_with_extras)2   ********** I AM  DEAD 
 (COMM LAYER) 0 chpl_comm_exit ******************************* NBFORK ********************  
(COMM LAYER) 0 :: FAILED NODES=========================-- 
-- ID: 0  -- ALIVE 0 -- 
-- ID: 1  -- ALIVE 0 -- 
-- ID: 2  -- ALIVE 1 -- 
-- ID: 3  -- ALIVE 0 -- 
(fork_wrapper_nb_with_extras)1   ********** ALL GOOD  
 (*******) 1 FORK_NB_with_extras:: check child alive ========remote check ~~~~~ update request sent ~~~~~~~ 
(*******) 1 FORK_NB_with_extras:: check child alive ========remote check ~~~~~~~wait on update reply~~~~~ 
(COMM_LAYER) 1 In AM_timeout : setting timeout flag ******
(*******) 1 FORK_NB_with_extras 1 -> 2 :: Timeout from child - recover - END -- should delete here 
---(PID) NODE 1 PID 14367 
---(PID) NODE 3 PID 12334 
---(PID) NODE 2 PID 14186 
---(PID) NODE 0 PID 9292 
MasterLocale: bwlf04   

(COMM_LAYER) 0 In AM_timeout : setting timeout flag ******
 pi = 3.14173 ----------on locale 1
 pi = 3.14173 ----------on locale 0
(*******) 0 FORK_NB_with_extras 0 -> 3 :: Timeout from child - recover - END -- should delete here 
PROGRAM END ============= Time elapsed:82.8962 

 pi = 3.14173 ----------on locale 2
 pi = 3.14173 ----------on locale 2
(fork_wrapper_nb_with_extras)1   ********** ALL GOOD  
 (*******) 1 FORK_NB_with_extras:: check child alive ========remote check ~~~~~ update request sent ~~~~~~~ 
(*******) 1 FORK_NB_with_extras:: check child alive ========remote check ~~~~~~~wait on update reply~~~~~ 
(fork_wrapper_nb_with_extras)2   ********** ALL GOOD  
 (fork_wrapper_nb_with_extras)2   ********** ALL GOOD  
 --------------(SIGUSR2_handler) 3 RECEIVED SIGNAL SIGUSR2 - setting amIalive var 
(fork_wrapper_nb_with_extras)3   ********** I AM  DEAD 
 (COMM LAYER) 0 chpl_comm_exit ******************************* NBFORK ********************  
(COMM LAYER) 0 :: FAILED NODES=========================-- 
-- ID: 0  -- ALIVE 0 -- 
-- ID: 1  -- ALIVE 0 -- 
-- ID: 2  -- ALIVE 0 -- 
-- ID: 3  -- ALIVE 1 -- 
---(PID) NODE 1 PID 14405 
---(PID) NODE 2 PID 14222 
---(PID) NODE 3 PID 12382 
---(PID) NODE 0 PID 9330 
MasterLocale: bwlf04   

(COMM_LAYER) 0 In AM_timeout : setting timeout flag ******
 pi = 3.14173 ----------on locale 1
 pi = 3.14173 ----------on locale 0
(*******) 0 FORK_NB_with_extras 0 -> 3 :: Timeout from child - recover - END -- should delete here 
PROGRAM END ============= Time elapsed:82.9227 

 pi = 3.14173 ----------on locale 2
 pi = 3.14173 ----------on locale 2
(COMM LAYER) 0 chpl_comm_exit ******************************* NBFORK ********************  
(COMM LAYER) 0 :: FAILED NODES=========================-- 
-- ID: 0  -- ALIVE 0 -- 
-- ID: 1  -- ALIVE 0 -- 
-- ID: 2  -- ALIVE 0 -- 
-- ID: 3  -- ALIVE 1 -- 
(fork_wrapper_nb_with_extras)2   ********** ALL GOOD  
 (fork_wrapper_nb_with_extras)2   ********** ALL GOOD  
 --------------(SIGUSR2_handler) 3 RECEIVED SIGNAL SIGUSR2 - setting amIalive var 
(fork_wrapper_nb_with_extras)3   ********** I AM  DEAD 
 (fork_wrapper_nb_with_extras)1   ********** ALL GOOD  
 (*******) 1 FORK_NB_with_extras:: check child alive ========remote check ~~~~~ update request sent ~~~~~~~ 
(*******) 1 FORK_NB_with_extras:: check child alive ========remote check ~~~~~~~wait on update reply~~~~~ 
---(PID) NODE 1 PID 12426 
---(PID) NODE 3 PID 14439 
---(PID) NODE 2 PID 14255 
---(PID) NODE 0 PID 9368 
MasterLocale: bwlf04   

(COMM_LAYER) 0 In AM_timeout : setting timeout flag ******
 pi = 3.14173 ----------on locale 1
 pi = 3.14173 ----------on locale 0
(*******) 0 FORK_NB_with_extras 0 -> 3 :: Timeout from child - recover - END -- should delete here 
PROGRAM END ============= Time elapsed:82.7427 

 pi = 3.14173 ----------on locale 2
 pi = 3.14173 ----------on locale 2
(fork_wrapper_nb_with_extras)2   ********** ALL GOOD  
 (fork_wrapper_nb_with_extras)2   ********** ALL GOOD  
 (fork_wrapper_nb_with_extras)1   ********** ALL GOOD  
 (*******) 1 FORK_NB_with_extras:: check child alive ========remote check ~~~~~ update request sent ~~~~~~~ 
(*******) 1 FORK_NB_with_extras:: check child alive ========remote check ~~~~~~~wait on update reply~~~~~ 
(COMM LAYER) 0 chpl_comm_exit ******************************* NBFORK ********************  
(COMM LAYER) 0 :: FAILED NODES=========================-- 
-- ID: 0  -- ALIVE 0 -- 
-- ID: 1  -- ALIVE 0 -- 
-- ID: 2  -- ALIVE 0 -- 
-- ID: 3  -- ALIVE 1 -- 
--------------(SIGUSR2_handler) 3 RECEIVED SIGNAL SIGUSR2 - setting amIalive var 
(fork_wrapper_nb_with_extras)3   ********** I AM  DEAD 
 ---(PID) NODE 1 PID 14290 
---(PID) NODE 2 PID 14483 
---(PID) NODE 3 PID 12464 
---(PID) NODE 0 PID 9405 
MasterLocale: bwlf04   

(COMM_LAYER) 0 In AM_timeout : setting timeout flag ******
 pi = 3.14173 ----------on locale 1
 pi = 3.14173 ----------on locale 0
(*******) 0 FORK_NB_with_extras 0 -> 3 :: Timeout from child - recover - END -- should delete here 
PROGRAM END ============= Time elapsed:82.7949 

 pi = 3.14173 ----------on locale 2
 pi = 3.14173 ----------on locale 2
--------------(SIGUSR2_handler) 3 RECEIVED SIGNAL SIGUSR2 - setting amIalive var 
(fork_wrapper_nb_with_extras)3   ********** I AM  DEAD 
 (fork_wrapper_nb_with_extras)1   ********** ALL GOOD  
 (*******) 1 FORK_NB_with_extras:: check child alive ========remote check ~~~~~ update request sent ~~~~~~~ 
(*******) 1 FORK_NB_with_extras:: check child alive ========remote check ~~~~~~~wait on update reply~~~~~ 
(fork_wrapper_nb_with_extras)2   ********** ALL GOOD  
 (fork_wrapper_nb_with_extras)2   ********** ALL GOOD  
 (COMM LAYER) 0 chpl_comm_exit ******************************* NBFORK ********************  
(COMM LAYER) 0 :: FAILED NODES=========================-- 
-- ID: 0  -- ALIVE 0 -- 
-- ID: 1  -- ALIVE 0 -- 
-- ID: 2  -- ALIVE 0 -- 
-- ID: 3  -- ALIVE 1 -- 
---(PID) NODE 3 PID 14522 
---(PID) NODE 2 PID 12510 
---(PID) NODE 1 PID 14325 
---(PID) NODE 0 PID 9445 
MasterLocale: bwlf04   

PROGRAM END ============= Time elapsed:30.0005 

 pi = 3.14173 ----------on locale 1
 pi = 3.14173 ----------on locale 3
 pi = 3.14173 ----------on locale 1
 pi = 3.14173 ----------on locale 3
(fork_wrapper_nb_with_extras)1   ********** ALL GOOD  
 (*******) 1 FORK_NB_with_extras:: check child alive ========remote check ~~~~~ update request sent ~~~~~~~ 
(*******) 1 FORK_NB_with_extras:: check child alive ========remote check ~~~~~~~wait on update reply~~~~~ 
(COMM_LAYER) 1 In AM_timeout : setting timeout flag ******
(*******) 1 FORK_NB_with_extras 1 -> 2 :: Timeout from child - recover - END -- should delete here 
--------------(SIGUSR2_handler) 2 RECEIVED SIGNAL SIGUSR2 - setting amIalive var 
(fork_wrapper_nb_with_extras)2   ********** I AM  DEAD 
 (fork_wrapper_nb_with_extras)3   ********** ALL GOOD  
 (*******) 3 FORK_NB_with_extras:: check child alive ========remote check ~~~~~ update request sent ~~~~~~~ 
(*******) 3 FORK_NB_with_extras:: check child alive ========remote check ~~~~~~~wait on update reply~~~~~ 
(fork_wrapper_nb_with_extras)3   ********** ALL GOOD  
 (COMM LAYER) 0 chpl_comm_exit ******************************* NBFORK ********************  
(COMM LAYER) 0 :: FAILED NODES=========================-- 
-- ID: 0  -- ALIVE 0 -- 
-- ID: 1  -- ALIVE 0 -- 
-- ID: 2  -- ALIVE 1 -- 
-- ID: 3  -- ALIVE 0 -- 
---(PID) NODE 3 PID 14562 
---(PID) NODE 1 PID 14362 
---(PID) NODE 2 PID 12560 
---(PID) NODE 0 PID 9488 
MasterLocale: bwlf04   

(COMM_LAYER) 0 In AM_timeout : setting timeout flag ******
 pi = 3.14173 ----------on locale 0
(*******) 0 FORK_NB_with_extras 0 -> 1 :: Timeout from child - recover - END -- should delete here 
PROGRAM END ============= Time elapsed:82.6752 

 pi = 3.14173 ----------on locale 2
 pi = 3.14173 ----------on locale 3
 pi = 3.14173 ----------on locale 2
(fork_wrapper_nb_with_extras)2   ********** ALL GOOD  
 (fork_wrapper_nb_with_extras)2   ********** ALL GOOD  
 --------------(SIGUSR2_handler) 1 RECEIVED SIGNAL SIGUSR2 - setting amIalive var 
(fork_wrapper_nb_with_extras)1   ********** I AM  DEAD 
 (COMM LAYER) 0 chpl_comm_exit ******************************* NBFORK ********************  
(COMM LAYER) 0 :: FAILED NODES=========================-- 
-- ID: 0  -- ALIVE 0 -- 
-- ID: 1  -- ALIVE 1 -- 
-- ID: 2  -- ALIVE 0 -- 
-- ID: 3  -- ALIVE 0 -- 
(fork_wrapper_nb_with_extras)3   ********** ALL GOOD  
 (*******) 3 FORK_NB_with_extras:: check child alive ========remote check ~~~~~ update request sent ~~~~~~~ 
(*******) 3 FORK_NB_with_extras:: check child alive ========remote check ~~~~~~~wait on update reply~~~~~ 
---(PID) NODE 1 PID 12602 
---(PID) NODE 2 PID 14603 
---(PID) NODE 3 PID 14412 
---(PID) NODE 0 PID 9533 
MasterLocale: bwlf04   

(COMM_LAYER) 0 In AM_timeout : setting timeout flag ******
 pi = 3.14173 ----------on locale 1
 pi = 3.14173 ----------on locale 0
(*******) 0 FORK_NB_with_extras 0 -> 3 :: Timeout from child - recover - END -- should delete here 
PROGRAM END ============= Time elapsed:82.665 

 pi = 3.14173 ----------on locale 2
 pi = 3.14173 ----------on locale 2
(fork_wrapper_nb_with_extras)1   ********** ALL GOOD  
 (*******) 1 FORK_NB_with_extras:: check child alive ========remote check ~~~~~ update request sent ~~~~~~~ 
(*******) 1 FORK_NB_with_extras:: check child alive ========remote check ~~~~~~~wait on update reply~~~~~ 
--------------(SIGUSR2_handler) 3 RECEIVED SIGNAL SIGUSR2 - setting amIalive var 
(fork_wrapper_nb_with_extras)3   ********** I AM  DEAD 
 (fork_wrapper_nb_with_extras)2   ********** ALL GOOD  
 (fork_wrapper_nb_with_extras)2   ********** ALL GOOD  
 (COMM LAYER) 0 chpl_comm_exit ******************************* NBFORK ********************  
(COMM LAYER) 0 :: FAILED NODES=========================-- 
-- ID: 0  -- ALIVE 0 -- 
-- ID: 1  -- ALIVE 0 -- 
-- ID: 2  -- ALIVE 0 -- 
-- ID: 3  -- ALIVE 1 -- 
---(PID) NODE 1 PID 12639 
---(PID) NODE 3 PID 14457 
---(PID) NODE 2 PID 14641 
---(PID) NODE 0 PID 9570 
MasterLocale: bwlf04   

(COMM_LAYER) 0 In AM_timeout : setting timeout flag ******
 pi = 3.14173 ----------on locale 1
 pi = 3.14173 ----------on locale 0
(*******) 0 FORK_NB_with_extras 0 -> 3 :: Timeout from child - recover - END -- should delete here 
PROGRAM END ============= Time elapsed:83.0568 

 pi = 3.14173 ----------on locale 2
 pi = 3.14173 ----------on locale 2
--------------(SIGUSR2_handler) 3 RECEIVED SIGNAL SIGUSR2 - setting amIalive var 
(fork_wrapper_nb_with_extras)3   ********** I AM  DEAD 
 (fork_wrapper_nb_with_extras)1   ********** ALL GOOD  
 (*******) 1 FORK_NB_with_extras:: check child alive ========remote check ~~~~~ update request sent ~~~~~~~ 
(*******) 1 FORK_NB_with_extras:: check child alive ========remote check ~~~~~~~wait on update reply~~~~~ 
(fork_wrapper_nb_with_extras)2   ********** ALL GOOD  
 (fork_wrapper_nb_with_extras)2   ********** ALL GOOD  
 (COMM LAYER) 0 chpl_comm_exit ******************************* NBFORK ********************  
(COMM LAYER) 0 :: FAILED NODES=========================-- 
-- ID: 0  -- ALIVE 0 -- 
-- ID: 1  -- ALIVE 0 -- 
-- ID: 2  -- ALIVE 0 -- 
-- ID: 3  -- ALIVE 1 -- 
---(PID) NODE 1 PID 12672 
---(PID) NODE 2 PID 14676 
---(PID) NODE 3 PID 14500 
---(PID) NODE 0 PID 9608 
MasterLocale: bwlf04   

PROGRAM END ============= Time elapsed:30.0004 

 pi = 3.14173 ----------on locale 1
 pi = 3.14173 ----------on locale 3
 pi = 3.14173 ----------on locale 3
 pi = 3.14173 ----------on locale 1
(COMM LAYER) 0 chpl_comm_exit ******************************* NBFORK ********************  
(COMM LAYER) 0 :: FAILED NODES=========================-- 
-- ID: 0  -- ALIVE 0 -- 
-- ID: 1  -- ALIVE 0 -- 
-- ID: 2  -- ALIVE 1 -- 
-- ID: 3  -- ALIVE 0 -- 
--------------(SIGUSR2_handler) 2 RECEIVED SIGNAL SIGUSR2 - setting amIalive var 
(fork_wrapper_nb_with_extras)2   ********** I AM  DEAD 
 (fork_wrapper_nb_with_extras)2   ********** I AM  DEAD 
 (fork_wrapper_nb_with_extras)1   ********** ALL GOOD  
 (*******) 1 FORK_NB_with_extras:: check child alive ========remote check ~~~~~ update request sent ~~~~~~~ 
(*******) 1 FORK_NB_with_extras:: check child alive ========remote check ~~~~~~~wait on update reply~~~~~ 
(COMM_LAYER) 1 In AM_timeout : setting timeout flag ******
(*******) 1 FORK_NB_with_extras 1 -> 2 :: Timeout from child - recover - END -- should delete here 
(fork_wrapper_nb_with_extras)3   ********** ALL GOOD  
 (*******) 3 FORK_NB_with_extras:: check child alive ========remote check ~~~~~ update request sent ~~~~~~~ 
(*******) 3 FORK_NB_with_extras:: check child alive ========remote check ~~~~~~~wait on update reply~~~~~ 
(COMM_LAYER) 3 In AM_timeout : setting timeout flag ******
(*******) 3 FORK_NB_with_extras 3 -> 2 :: Timeout from child - recover - END -- should delete here 
---(PID) NODE 2 PID 14726 
---(PID) NODE 3 PID 12715 
---(PID) NODE 1 PID 14539 
---(PID) NODE 0 PID 9653 
MasterLocale: bwlf04   

PROGRAM END ============= Time elapsed:30.0004 

 pi = 3.14173 ----------on locale 1
 pi = 3.14173 ----------on locale 3
 pi = 3.14173 ----------on locale 1
 pi = 3.14173 ----------on locale 3
(fork_wrapper_nb_with_extras)1   ********** ALL GOOD  
 (*******) 1 FORK_NB_with_extras:: check child alive ========remote check ~~~~~ update request sent ~~~~~~~ 
(*******) 1 FORK_NB_with_extras:: check child alive ========remote check ~~~~~~~wait on update reply~~~~~ 
(COMM_LAYER) 1 In AM_timeout : setting timeout flag ******
(*******) 1 FORK_NB_with_extras 1 -> 2 :: Timeout from child - recover - END -- should delete here 
--------------(SIGUSR2_handler) 2 RECEIVED SIGNAL SIGUSR2 - setting amIalive var 
(fork_wrapper_nb_with_extras)2   ********** I AM  DEAD 
 (fork_wrapper_nb_with_extras)3   ********** ALL GOOD  
 (*******) 3 FORK_NB_with_extras:: check child alive ========remote check ~~~~~ update request sent ~~~~~~~ 
(*******) 3 FORK_NB_with_extras:: check child alive ========remote check ~~~~~~~wait on update reply~~~~~ 
(fork_wrapper_nb_with_extras)3   ********** ALL GOOD  
 (COMM LAYER) 0 chpl_comm_exit ******************************* NBFORK ********************  
(COMM LAYER) 0 :: FAILED NODES=========================-- 
-- ID: 0  -- ALIVE 0 -- 
-- ID: 1  -- ALIVE 0 -- 
-- ID: 2  -- ALIVE 1 -- 
-- ID: 3  -- ALIVE 0 -- 
---(PID) NODE 2 PID 14573 
---(PID) NODE 1 PID 12749 
---(PID) NODE 3 PID 14774 
---(PID) NODE 0 PID 9695 
MasterLocale: bwlf04   

(COMM_LAYER) 0 In AM_timeout : setting timeout flag ******
 pi = 3.14173 ----------on locale 1
 pi = 3.14173 ----------on locale 0
(*******) 0 FORK_NB_with_extras 0 -> 3 :: Timeout from child - recover - END -- should delete here 
PROGRAM END ============= Time elapsed:82.7038 

 pi = 3.14173 ----------on locale 2
 pi = 3.14173 ----------on locale 2
--------------(SIGUSR2_handler) 3 RECEIVED SIGNAL SIGUSR2 - setting amIalive var 
(fork_wrapper_nb_with_extras)3   ********** I AM  DEAD 
 (fork_wrapper_nb_with_extras)1   ********** ALL GOOD  
 (*******) 1 FORK_NB_with_extras:: check child alive ========remote check ~~~~~ update request sent ~~~~~~~ 
(*******) 1 FORK_NB_with_extras:: check child alive ========remote check ~~~~~~~wait on update reply~~~~~ 
(fork_wrapper_nb_with_extras)2   ********** ALL GOOD  
 (fork_wrapper_nb_with_extras)2   ********** ALL GOOD  
 (COMM LAYER) 0 chpl_comm_exit ******************************* NBFORK ********************  
(COMM LAYER) 0 :: FAILED NODES=========================-- 
-- ID: 0  -- ALIVE 0 -- 
-- ID: 1  -- ALIVE 0 -- 
-- ID: 2  -- ALIVE 0 -- 
-- ID: 3  -- ALIVE 1 -- 
---(PID) NODE 1 PID 14608 
---(PID) NODE 2 PID 12785 
---(PID) NODE 3 PID 14820 
---(PID) NODE 0 PID 9731 
MasterLocale: bwlf04   

(COMM_LAYER) 0 In AM_timeout : setting timeout flag ******
 pi = 3.14173 ----------on locale 1
 pi = 3.14173 ----------on locale 0
(*******) 0 FORK_NB_with_extras 0 -> 3 :: Timeout from child - recover - END -- should delete here 
PROGRAM END ============= Time elapsed:82.9163 

 pi = 3.14173 ----------on locale 2
 pi = 3.14173 ----------on locale 2
(fork_wrapper_nb_with_extras)1   ********** ALL GOOD  
 (*******) 1 FORK_NB_with_extras:: check child alive ========remote check ~~~~~ update request sent ~~~~~~~ 
(*******) 1 FORK_NB_with_extras:: check child alive ========remote check ~~~~~~~wait on update reply~~~~~ 
(COMM LAYER) 0 chpl_comm_exit ******************************* NBFORK ********************  
(COMM LAYER) 0 :: FAILED NODES=========================-- 
-- ID: 0  -- ALIVE 0 -- 
-- ID: 1  -- ALIVE 0 -- 
-- ID: 2  -- ALIVE 0 -- 
-- ID: 3  -- ALIVE 1 -- 
--------------(SIGUSR2_handler) 3 RECEIVED SIGNAL SIGUSR2 - setting amIalive var 
(fork_wrapper_nb_with_extras)3   ********** I AM  DEAD 
 (fork_wrapper_nb_with_extras)2   ********** ALL GOOD  
 (fork_wrapper_nb_with_extras)2   ********** ALL GOOD  
 ---(PID) NODE 1 PID 12822 
---(PID) NODE 2 PID 14640 
---(PID) NODE 3 PID 14868 
---(PID) NODE 0 PID 9772 
MasterLocale: bwlf04   

PROGRAM END ============= Time elapsed:30.0004 

 pi = 3.14173 ----------on locale 1
 pi = 3.14173 ----------on locale 3
 pi = 3.14173 ----------on locale 3
 pi = 3.14173 ----------on locale 1
(COMM LAYER) 0 chpl_comm_exit ******************************* NBFORK ********************  
(COMM LAYER) 0 :: FAILED NODES=========================-- 
-- ID: 0  -- ALIVE 0 -- 
-- ID: 1  -- ALIVE 0 -- 
-- ID: 2  -- ALIVE 1 -- 
-- ID: 3  -- ALIVE 0 -- 
(fork_wrapper_nb_with_extras)1   ********** ALL GOOD  
 (*******) 1 FORK_NB_with_extras:: check child alive ========remote check ~~~~~ update request sent ~~~~~~~ 
(*******) 1 FORK_NB_with_extras:: check child alive ========remote check ~~~~~~~wait on update reply~~~~~ 
(COMM_LAYER) 1 In AM_timeout : setting timeout flag ******
(*******) 1 FORK_NB_with_extras 1 -> 2 :: Timeout from child - recover - END -- should delete here 
--------------(SIGUSR2_handler) 2 RECEIVED SIGNAL SIGUSR2 - setting amIalive var 
(fork_wrapper_nb_with_extras)2   ********** I AM  DEAD 
 (fork_wrapper_nb_with_extras)2   ********** I AM  DEAD 
 (fork_wrapper_nb_with_extras)3   ********** ALL GOOD  
 (*******) 3 FORK_NB_with_extras:: check child alive ========remote check ~~~~~ update request sent ~~~~~~~ 
(*******) 3 FORK_NB_with_extras:: check child alive ========remote check ~~~~~~~wait on update reply~~~~~ 
(COMM_LAYER) 3 In AM_timeout : setting timeout flag ******
(*******) 3 FORK_NB_with_extras 3 -> 2 :: Timeout from child - recover - END -- should delete here 
