---(PID) NODE 1 PID 4616 
---(PID) NODE 2 PID 4934 
---(PID) NODE 3 PID 28432 
---(PID) NODE 0 PID 13014 
MasterLocale: bwlf32   

arg= 1----------on locale 1
arg= 2----------on locale 2
arg= 3----------on locale 3
arg= 4----------on locale 2
PROGRAM END ============================= 

(COMM LAYER) 0 :: FAILED NODES=========================-- 
-- ID: 0  -- ALIVE 0 -- 
-- ID: 1  -- ALIVE 0 -- 
-- ID: 2  -- ALIVE 0 -- 
-- ID: 3  -- ALIVE 0 -- 
---(PID) NODE 2 PID 4959 
---(PID) NODE 1 PID 13052 
---(PID) NODE 3 PID 28457 
---(PID) NODE 0 PID 4638 
MasterLocale: bwlf31   

arg= 1----------on locale 1
arg= 2----------on locale 1
arg= 3----------on locale 3
arg= 4----------on locale 3
PROGRAM END ============================= 

(COMM_LAYER) 1 In AM_timeout : setting timeout flag ******
(COMM LAYER) 0 :: FAILED NODES=========================-- 
-- ID: 0  -- ALIVE 0 -- 
-- ID: 1  -- ALIVE 0 -- 
-- ID: 2  -- ALIVE 1 -- 
-- ID: 3  -- ALIVE 0 -- 
--------------(SIGUSR2_handler) 2 RECEIVED SIGNAL SIGUSR2 - setting amIalive var 
---(PID) NODE 2 PID 4990 
---(PID) NODE 1 PID 28478 
---(PID) NODE 3 PID 13075 
---(PID) NODE 0 PID 4667 
MasterLocale: bwlf31   

arg= 1----------on locale 1
arg= 2----------on locale 2
arg= 3----------on locale 3
arg= 4----------on locale 2
PROGRAM END ============================= 

(COMM LAYER) 0 :: FAILED NODES=========================-- 
-- ID: 0  -- ALIVE 0 -- 
-- ID: 1  -- ALIVE 0 -- 
-- ID: 2  -- ALIVE 0 -- 
-- ID: 3  -- ALIVE 0 -- 
---(PID) NODE 2 PID 5025 
---(PID) NODE 1 PID 28502 
---(PID) NODE 3 PID 13098 
---(PID) NODE 0 PID 4695 
MasterLocale: bwlf31   

(COMM_LAYER) 0 In AM_timeout : setting timeout flag ******
arg= 1----------on locale 0
arg= 2----------on locale 2
arg= 3----------on locale 3
arg= 4----------on locale 2
PROGRAM END ============================= 

--------------(SIGUSR2_handler) 1 RECEIVED SIGNAL SIGUSR2 - setting amIalive var 
(COMM LAYER) 0 :: FAILED NODES=========================-- 
-- ID: 0  -- ALIVE 0 -- 
-- ID: 1  -- ALIVE 1 -- 
-- ID: 2  -- ALIVE 0 -- 
-- ID: 3  -- ALIVE 0 -- 
---(PID) NODE 2 PID 4722 
---(PID) NODE 1 PID 13121 
---(PID) NODE 3 PID 28536 
---(PID) NODE 0 PID 5050 
MasterLocale: bwlf03   

arg= 1----------on locale 1
arg= 2----------on locale 1
arg= 3----------on locale 3
arg= 4----------on locale 3
PROGRAM END ============================= 

(COMM_LAYER) 1 In AM_timeout : setting timeout flag ******
--------------(SIGUSR2_handler) 2 RECEIVED SIGNAL SIGUSR2 - setting amIalive var 
(COMM LAYER) 0 :: FAILED NODES=========================-- 
-- ID: 0  -- ALIVE 0 -- 
-- ID: 1  -- ALIVE 0 -- 
-- ID: 2  -- ALIVE 1 -- 
-- ID: 3  -- ALIVE 0 -- 
---(PID) NODE 2 PID 28559 
---(PID) NODE 3 PID 5078 
---(PID) NODE 1 PID 4756 
---(PID) NODE 0 PID 13144 
MasterLocale: bwlf32   

arg= 1----------on locale 1
arg= 2----------on locale 2
arg= 3----------on locale 3
arg= 4----------on locale 2
PROGRAM END ============================= 

(COMM LAYER) 0 :: FAILED NODES=========================-- 
-- ID: 0  -- ALIVE 0 -- 
-- ID: 1  -- ALIVE 0 -- 
-- ID: 2  -- ALIVE 0 -- 
-- ID: 3  -- ALIVE 0 -- 
---(PID) NODE 1 PID 28583 
---(PID) NODE 3 PID 13173 
---(PID) NODE 2 PID 5111 
---(PID) NODE 0 PID 4778 
MasterLocale: bwlf31   

arg= 1----------on locale 1
arg= 2----------on locale 2
arg= 3----------on locale 3
arg= 4----------on locale 2
PROGRAM END ============================= 

(COMM LAYER) 0 :: FAILED NODES=========================-- 
-- ID: 0  -- ALIVE 0 -- 
-- ID: 1  -- ALIVE 0 -- 
-- ID: 2  -- ALIVE 0 -- 
-- ID: 3  -- ALIVE 0 -- 
---(PID) NODE 2 PID 13209 
---(PID) NODE 1 PID 4811 
---(PID) NODE 3 PID 28608 
---(PID) NODE 0 PID 5137 
MasterLocale: bwlf03   

(COMM_LAYER) 0 In AM_timeout : setting timeout flag ******
arg= 1----------on locale 0
arg= 2----------on locale 2
arg= 3----------on locale 3
arg= 4----------on locale 2
PROGRAM END ============================= 

(COMM LAYER) 0 :: FAILED NODES=========================-- 
-- ID: 0  -- ALIVE 0 -- 
-- ID: 1  -- ALIVE 1 -- 
-- ID: 2  -- ALIVE 0 -- 
-- ID: 3  -- ALIVE 0 -- 
--------------(SIGUSR2_handler) 1 RECEIVED SIGNAL SIGUSR2 - setting amIalive var 
---(PID) NODE 2 PID 13236 
---(PID) NODE 1 PID 28635 
---(PID) NODE 3 PID 5168 
---(PID) NODE 0 PID 4847 
MasterLocale: bwlf31   

arg= 1----------on locale 1
arg= 2----------on locale 2
arg= 3----------on locale 3
arg= 4----------on locale 2
PROGRAM END ============================= 

(COMM LAYER) 0 :: FAILED NODES=========================-- 
-- ID: 0  -- ALIVE 0 -- 
-- ID: 1  -- ALIVE 0 -- 
-- ID: 2  -- ALIVE 0 -- 
-- ID: 3  -- ALIVE 0 -- 
---(PID) NODE 1 PID 5193 
---(PID) NODE 3 PID 28659 
---(PID) NODE 2 PID 4884 
---(PID) NODE 0 PID 13261 
MasterLocale: bwlf32   

arg= 1----------on locale 1
arg= 2----------on locale 2
arg= 3----------on locale 3
arg= 4----------on locale 2
PROGRAM END ============================= 

(COMM LAYER) 0 :: FAILED NODES=========================-- 
-- ID: 0  -- ALIVE 0 -- 
-- ID: 1  -- ALIVE 0 -- 
-- ID: 2  -- ALIVE 0 -- 
-- ID: 3  -- ALIVE 0 -- 
---(PID) NODE 2 PID 4909 
---(PID) NODE 1 PID 13289 
---(PID) NODE 3 PID 28691 
---(PID) NODE 0 PID 5214 
MasterLocale: bwlf03   

arg= 1----------on locale 1
arg= 2----------on locale 2
arg= 3----------on locale 3
arg= 4----------on locale 2
PROGRAM END ============================= 

(COMM LAYER) 0 :: FAILED NODES=========================-- 
-- ID: 0  -- ALIVE 0 -- 
-- ID: 1  -- ALIVE 0 -- 
-- ID: 2  -- ALIVE 0 -- 
-- ID: 3  -- ALIVE 0 -- 
---(PID) NODE 2 PID 5243 
---(PID) NODE 1 PID 4933 
---(PID) NODE 3 PID 28714 
---(PID) NODE 0 PID 13322 
MasterLocale: bwlf32   

arg= 1----------on locale 1
arg= 2----------on locale 1
arg= 3----------on locale 3
arg= 4----------on locale 3
PROGRAM END ============================= 

(COMM LAYER) 0 :: FAILED NODES=========================-- 
-- ID: 0  -- ALIVE 0 -- 
-- ID: 1  -- ALIVE 0 -- 
-- ID: 2  -- ALIVE 1 -- 
-- ID: 3  -- ALIVE 0 -- 
(COMM_LAYER) 1 In AM_timeout : setting timeout flag ******
--------------(SIGUSR2_handler) 2 RECEIVED SIGNAL SIGUSR2 - setting amIalive var 
---(PID) NODE 2 PID 28739 
---(PID) NODE 1 PID 4956 
---(PID) NODE 3 PID 5277 
---(PID) NODE 0 PID 13350 
MasterLocale: bwlf32   

arg= 1----------on locale 1
arg= 2----------on locale 2
arg= 3----------on locale 3
arg= 4----------on locale 2
PROGRAM END ============================= 

(COMM LAYER) 0 :: FAILED NODES=========================-- 
-- ID: 0  -- ALIVE 0 -- 
-- ID: 1  -- ALIVE 0 -- 
-- ID: 2  -- ALIVE 0 -- 
-- ID: 3  -- ALIVE 0 -- 
---(PID) NODE 2 PID 5300 
---(PID) NODE 1 PID 28762 
---(PID) NODE 3 PID 4979 
---(PID) NODE 0 PID 13388 
MasterLocale: bwlf32   

arg= 1----------on locale 1
arg= 2----------on locale 2
(COMM_LAYER) 0 In AM_timeout : setting timeout flag ******
arg= 3----------on locale 0
arg= 4----------on locale 2
PROGRAM END ============================= 

(COMM LAYER) 0 :: FAILED NODES=========================-- 
-- ID: 0  -- ALIVE 0 -- 
-- ID: 1  -- ALIVE 0 -- 
-- ID: 2  -- ALIVE 0 -- 
-- ID: 3  -- ALIVE 1 -- 
--------------(SIGUSR2_handler) 3 RECEIVED SIGNAL SIGUSR2 - setting amIalive var 
---(PID) NODE 2 PID 28785 
---(PID) NODE 1 PID 13416 
---(PID) NODE 3 PID 5323 
---(PID) NODE 0 PID 5012 
MasterLocale: bwlf31   

arg= 1----------on locale 1
arg= 2----------on locale 1
arg= 3----------on locale 3
arg= 4----------on locale 3
PROGRAM END ============================= 

--------------(SIGUSR2_handler) 2 RECEIVED SIGNAL SIGUSR2 - setting amIalive var 
(COMM_LAYER) 1 In AM_timeout : setting timeout flag ******
(COMM LAYER) 0 :: FAILED NODES=========================-- 
-- ID: 0  -- ALIVE 0 -- 
-- ID: 1  -- ALIVE 0 -- 
-- ID: 2  -- ALIVE 1 -- 
-- ID: 3  -- ALIVE 0 -- 
---(PID) NODE 3 PID 28819 
---(PID) NODE 1 PID 5347 
---(PID) NODE 2 PID 13439 
---(PID) NODE 0 PID 5042 
MasterLocale: bwlf31   

(COMM_LAYER) 0 In AM_timeout : setting timeout flag ******
arg= 1----------on locale 0
arg= 2----------on locale 2
arg= 3----------on locale 3
arg= 4----------on locale 2
PROGRAM END ============================= 

(COMM LAYER) 0 :: FAILED NODES=========================-- 
-- ID: 0  -- ALIVE 0 -- 
-- ID: 1  -- ALIVE 1 -- 
-- ID: 2  -- ALIVE 0 -- 
-- ID: 3  -- ALIVE 0 -- 
--------------(SIGUSR2_handler) 1 RECEIVED SIGNAL SIGUSR2 - setting amIalive var 
---(PID) NODE 2 PID 13462 
---(PID) NODE 3 PID 28842 
---(PID) NODE 1 PID 5380 
---(PID) NODE 0 PID 5068 
MasterLocale: bwlf31   

arg= 1----------on locale 1
arg= 2----------on locale 2
arg= 3----------on locale 3
arg= 4----------on locale 2
PROGRAM END ============================= 

(COMM LAYER) 0 :: FAILED NODES=========================-- 
-- ID: 0  -- ALIVE 0 -- 
-- ID: 1  -- ALIVE 0 -- 
-- ID: 2  -- ALIVE 0 -- 
-- ID: 3  -- ALIVE 0 -- 
---(PID) NODE 1 PID 5404 
---(PID) NODE 2 PID 13488 
---(PID) NODE 3 PID 28875 
---(PID) NODE 0 PID 5095 
MasterLocale: bwlf31   

arg= 1----------on locale 1
arg= 2----------on locale 1
arg= 3----------on locale 3
arg= 4----------on locale 3
PROGRAM END ============================= 

(COMM_LAYER) 1 In AM_timeout : setting timeout flag ******
--------------(SIGUSR2_handler) 2 RECEIVED SIGNAL SIGUSR2 - setting amIalive var 
(COMM LAYER) 0 :: FAILED NODES=========================-- 
-- ID: 0  -- ALIVE 0 -- 
-- ID: 1  -- ALIVE 0 -- 
-- ID: 2  -- ALIVE 1 -- 
-- ID: 3  -- ALIVE 0 -- 
---(PID) NODE 3 PID 28900 
---(PID) NODE 1 PID 13523 
---(PID) NODE 2 PID 5428 
---(PID) NODE 0 PID 5127 
MasterLocale: bwlf31   

arg= 1----------on locale 1
arg= 2----------on locale 1
arg= 3----------on locale 3
arg= 4----------on locale 3
PROGRAM END ============================= 

(COMM_LAYER) 1 In AM_timeout : setting timeout flag ******
(COMM LAYER) 0 :: FAILED NODES=========================-- 
-- ID: 0  -- ALIVE 0 -- 
-- ID: 1  -- ALIVE 0 -- 
-- ID: 2  -- ALIVE 1 -- 
-- ID: 3  -- ALIVE 0 -- 
--------------(SIGUSR2_handler) 2 RECEIVED SIGNAL SIGUSR2 - setting amIalive var 
---(PID) NODE 2 PID 5462 
---(PID) NODE 1 PID 13546 
---(PID) NODE 3 PID 28923 
---(PID) NODE 0 PID 5155 
MasterLocale: bwlf31   

arg= 1----------on locale 1
arg= 2----------on locale 1
arg= 3----------on locale 3
arg= 4----------on locale 3
PROGRAM END ============================= 

(COMM_LAYER) 1 In AM_timeout : setting timeout flag ******
--------------(SIGUSR2_handler) 2 RECEIVED SIGNAL SIGUSR2 - setting amIalive var 
(COMM LAYER) 0 :: FAILED NODES=========================-- 
-- ID: 0  -- ALIVE 0 -- 
-- ID: 1  -- ALIVE 0 -- 
-- ID: 2  -- ALIVE 1 -- 
-- ID: 3  -- ALIVE 0 -- 
