---(PID) NODE 1 PID 9332 
---(PID) NODE 2 PID 1193 
---(PID) NODE 0 PID 835 
MasterLocale: bwlf31   

arg= 1----------on locale 1
arg= 2----------on locale 2
PROGRAM END ============================= 

(COMM LAYER) 0 :: FAILED NODES=========================-- 
-- ID: 0  -- ALIVE 0 -- 
-- ID: 1  -- ALIVE 0 -- 
-- ID: 2  -- ALIVE 0 -- 
---(PID) NODE 1 PID 862 
---(PID) NODE 2 PID 1215 
---(PID) NODE 0 PID 9366 
MasterLocale: bwlf32   

arg= 1----------on locale 1
(COMM_LAYER) 0 In AM_timeout : setting timeout flag ******
arg= 2----------on locale 0
PROGRAM END ============================= 

--------------(SIGUSR2_handler) 2 RECEIVED SIGNAL SIGUSR2 - setting amIalive var 
(COMM LAYER) 0 :: FAILED NODES=========================-- 
-- ID: 0  -- ALIVE 0 -- 
-- ID: 1  -- ALIVE 0 -- 
-- ID: 2  -- ALIVE 1 -- 
---(PID) NODE 1 PID 9390 
---(PID) NODE 2 PID 1249 
---(PID) NODE 0 PID 885 
MasterLocale: bwlf31   

arg= 1----------on locale 1
arg= 2----------on locale 2
PROGRAM END ============================= 

(COMM LAYER) 0 :: FAILED NODES=========================-- 
-- ID: 0  -- ALIVE 0 -- 
-- ID: 1  -- ALIVE 0 -- 
-- ID: 2  -- ALIVE 0 -- 
---(PID) NODE 1 PID 919 
---(PID) NODE 2 PID 1273 
---(PID) NODE 0 PID 9413 
MasterLocale: bwlf32   

(COMM_LAYER) 0 In AM_timeout : setting timeout flag ******
arg= 1----------on locale 0
arg= 2----------on locale 2
PROGRAM END ============================= 

--------------(SIGUSR2_handler) 1 RECEIVED SIGNAL SIGUSR2 - setting amIalive var 
(COMM LAYER) 0 :: FAILED NODES=========================-- 
-- ID: 0  -- ALIVE 0 -- 
-- ID: 1  -- ALIVE 1 -- 
-- ID: 2  -- ALIVE 0 -- 
---(PID) NODE 1 PID 955 
---(PID) NODE 2 PID 1296 
---(PID) NODE 0 PID 9439 
MasterLocale: bwlf32   

arg= 1----------on locale 1
arg= 2----------on locale 2
PROGRAM END ============================= 

(COMM LAYER) 0 :: FAILED NODES=========================-- 
-- ID: 0  -- ALIVE 0 -- 
-- ID: 1  -- ALIVE 0 -- 
-- ID: 2  -- ALIVE 0 -- 
---(PID) NODE 1 PID 9464 
---(PID) NODE 2 PID 1330 
---(PID) NODE 0 PID 978 
MasterLocale: bwlf31   

arg= 1----------on locale 1
arg= 2----------on locale 2
PROGRAM END ============================= 

(COMM LAYER) 0 :: FAILED NODES=========================-- 
-- ID: 0  -- ALIVE 0 -- 
-- ID: 1  -- ALIVE 0 -- 
-- ID: 2  -- ALIVE 0 -- 
---(PID) NODE 2 PID 1354 
---(PID) NODE 1 PID 9487 
---(PID) NODE 0 PID 1013 
MasterLocale: bwlf31   

(COMM_LAYER) 0 In AM_timeout : setting timeout flag ******
arg= 1----------on locale 0
arg= 2----------on locale 2
PROGRAM END ============================= 

--------------(SIGUSR2_handler) 1 RECEIVED SIGNAL SIGUSR2 - setting amIalive var 
(COMM LAYER) 0 :: FAILED NODES=========================-- 
-- ID: 0  -- ALIVE 0 -- 
-- ID: 1  -- ALIVE 1 -- 
-- ID: 2  -- ALIVE 0 -- 
---(PID) NODE 1 PID 1038 
---(PID) NODE 2 PID 1383 
---(PID) NODE 0 PID 9520 
MasterLocale: bwlf32   

arg= 1----------on locale 1
(COMM_LAYER) 0 In AM_timeout : setting timeout flag ******
arg= 2----------on locale 0
PROGRAM END ============================= 

--------------(SIGUSR2_handler) 2 RECEIVED SIGNAL SIGUSR2 - setting amIalive var 
(COMM LAYER) 0 :: FAILED NODES=========================-- 
-- ID: 0  -- ALIVE 0 -- 
-- ID: 1  -- ALIVE 0 -- 
-- ID: 2  -- ALIVE 1 -- 
---(PID) NODE 2 PID 1060 
---(PID) NODE 1 PID 9545 
---(PID) NODE 0 PID 1418 
MasterLocale: bwlf03   

arg= 1----------on locale 1
arg= 2----------on locale 2
PROGRAM END ============================= 

(COMM LAYER) 0 :: FAILED NODES=========================-- 
-- ID: 0  -- ALIVE 0 -- 
-- ID: 1  -- ALIVE 0 -- 
-- ID: 2  -- ALIVE 0 -- 
---(PID) NODE 1 PID 1443 
---(PID) NODE 2 PID 1085 
---(PID) NODE 0 PID 9578 
MasterLocale: bwlf32   

arg= 1----------on locale 1
arg= 2----------on locale 2
PROGRAM END ============================= 

(COMM LAYER) 0 :: FAILED NODES=========================-- 
-- ID: 0  -- ALIVE 0 -- 
-- ID: 1  -- ALIVE 0 -- 
-- ID: 2  -- ALIVE 0 -- 
---(PID) NODE 1 PID 1467 
---(PID) NODE 2 PID 9613 
---(PID) NODE 0 PID 1108 
MasterLocale: bwlf31   

arg= 1----------on locale 1
arg= 2----------on locale 2
PROGRAM END ============================= 

(COMM LAYER) 0 :: FAILED NODES=========================-- 
-- ID: 0  -- ALIVE 0 -- 
-- ID: 1  -- ALIVE 0 -- 
-- ID: 2  -- ALIVE 0 -- 
---(PID) NODE 1 PID 1132 
---(PID) NODE 2 PID 1491 
---(PID) NODE 0 PID 9647 
MasterLocale: bwlf32   

(COMM_LAYER) 0 In AM_timeout : setting timeout flag ******
arg= 1----------on locale 0
arg= 2----------on locale 2
PROGRAM END ============================= 

--------------(SIGUSR2_handler) 1 RECEIVED SIGNAL SIGUSR2 - setting amIalive var 
(COMM LAYER) 0 :: FAILED NODES=========================-- 
-- ID: 0  -- ALIVE 0 -- 
-- ID: 1  -- ALIVE 1 -- 
-- ID: 2  -- ALIVE 0 -- 
---(PID) NODE 1 PID 1512 
---(PID) NODE 2 PID 1166 
---(PID) NODE 0 PID 9671 
MasterLocale: bwlf32   

arg= 1----------on locale 1
(COMM_LAYER) 0 In AM_timeout : setting timeout flag ******
arg= 2----------on locale 0
PROGRAM END ============================= 

--------------(SIGUSR2_handler) 2 RECEIVED SIGNAL SIGUSR2 - setting amIalive var 
(COMM LAYER) 0 :: FAILED NODES=========================-- 
-- ID: 0  -- ALIVE 0 -- 
-- ID: 1  -- ALIVE 0 -- 
-- ID: 2  -- ALIVE 1 -- 
---(PID) NODE 1 PID 9695 
---(PID) NODE 2 PID 1536 
---(PID) NODE 0 PID 1199 
MasterLocale: bwlf31   

arg= 1----------on locale 1
arg= 2----------on locale 2
PROGRAM END ============================= 

(COMM LAYER) 0 :: FAILED NODES=========================-- 
-- ID: 0  -- ALIVE 0 -- 
-- ID: 1  -- ALIVE 0 -- 
-- ID: 2  -- ALIVE 0 -- 
---(PID) NODE 1 PID 1224 
---(PID) NODE 2 PID 1560 
---(PID) NODE 0 PID 9728 
MasterLocale: bwlf32   

arg= 1----------on locale 1
arg= 2----------on locale 2
PROGRAM END ============================= 

(COMM LAYER) 0 :: FAILED NODES=========================-- 
-- ID: 0  -- ALIVE 0 -- 
-- ID: 1  -- ALIVE 0 -- 
-- ID: 2  -- ALIVE 0 -- 
---(PID) NODE 1 PID 1259 
---(PID) NODE 2 PID 1589 
---(PID) NODE 0 PID 9769 
MasterLocale: bwlf32   

(COMM_LAYER) 0 In AM_timeout : setting timeout flag ******
arg= 1----------on locale 0
arg= 2----------on locale 2
PROGRAM END ============================= 

--------------(SIGUSR2_handler) 1 RECEIVED SIGNAL SIGUSR2 - setting amIalive var 
(COMM LAYER) 0 :: FAILED NODES=========================-- 
-- ID: 0  -- ALIVE 0 -- 
-- ID: 1  -- ALIVE 1 -- 
-- ID: 2  -- ALIVE 0 -- 
---(PID) NODE 1 PID 9794 
---(PID) NODE 2 PID 1611 
---(PID) NODE 0 PID 1294 
MasterLocale: bwlf31   

arg= 1----------on locale 1
arg= 2----------on locale 2
PROGRAM END ============================= 

(COMM LAYER) 0 :: FAILED NODES=========================-- 
-- ID: 0  -- ALIVE 0 -- 
-- ID: 1  -- ALIVE 0 -- 
-- ID: 2  -- ALIVE 0 -- 
---(PID) NODE 1 PID 1349 
---(PID) NODE 2 PID 1653 
---(PID) NODE 0 PID 9835 
MasterLocale: bwlf32   

(COMM_LAYER) 0 In AM_timeout : setting timeout flag ******
arg= 1----------on locale 0
arg= 2----------on locale 2
PROGRAM END ============================= 

--------------(SIGUSR2_handler) 1 RECEIVED SIGNAL SIGUSR2 - setting amIalive var 
(COMM LAYER) 0 :: FAILED NODES=========================-- 
-- ID: 0  -- ALIVE 0 -- 
-- ID: 1  -- ALIVE 1 -- 
-- ID: 2  -- ALIVE 0 -- 
---(PID) NODE 1 PID 1381 
---(PID) NODE 2 PID 1676 
---(PID) NODE 0 PID 9858 
MasterLocale: bwlf32   

arg= 1----------on locale 1
arg= 2----------on locale 2
PROGRAM END ============================= 

(COMM LAYER) 0 :: FAILED NODES=========================-- 
-- ID: 0  -- ALIVE 0 -- 
-- ID: 1  -- ALIVE 0 -- 
-- ID: 2  -- ALIVE 0 -- 
---(PID) NODE 1 PID 1403 
---(PID) NODE 2 PID 1710 
---(PID) NODE 0 PID 9885 
MasterLocale: bwlf32   

arg= 1----------on locale 1
(COMM_LAYER) 0 In AM_timeout : setting timeout flag ******
arg= 2----------on locale 0
PROGRAM END ============================= 

--------------(SIGUSR2_handler) 2 RECEIVED SIGNAL SIGUSR2 - setting amIalive var 
(COMM LAYER) 0 :: FAILED NODES=========================-- 
-- ID: 0  -- ALIVE 0 -- 
-- ID: 1  -- ALIVE 0 -- 
-- ID: 2  -- ALIVE 1 -- 
