---(PID) NODE 1 PID 3870 
---(PID) NODE 2 PID 4182 
---(PID) NODE 0 PID 12288 
MasterLocale: bwlf32   

arg= 1----------on locale 1
(COMM_LAYER) 0 In AM_timeout : setting timeout flag ******
arg= 2----------on locale 0
PROGRAM END ============================= 

(COMM LAYER) 0 :: FAILED NODES=========================-- 
-- ID: 0  -- ALIVE 0 -- 
-- ID: 1  -- ALIVE 0 -- 
-- ID: 2  -- ALIVE 1 -- 
--------------(SIGUSR2_handler) 2 RECEIVED SIGNAL SIGUSR2 - setting amIalive var 
---(PID) NODE 1 PID 3892 
---(PID) NODE 2 PID 4216 
---(PID) NODE 0 PID 12312 
MasterLocale: bwlf32   

arg= 1----------on locale 1
(COMM_LAYER) 0 In AM_timeout : setting timeout flag ******
arg= 2----------on locale 0
PROGRAM END ============================= 

--------------(SIGUSR2_handler) 2 RECEIVED SIGNAL SIGUSR2 - setting amIalive var 
(COMM LAYER) 0 :: FAILED NODES=========================-- 
-- ID: 0  -- ALIVE 0 -- 
-- ID: 1  -- ALIVE 0 -- 
-- ID: 2  -- ALIVE 1 -- 
---(PID) NODE 1 PID 3914 
---(PID) NODE 2 PID 4251 
---(PID) NODE 0 PID 12337 
MasterLocale: bwlf32   

arg= 1----------on locale 1
(COMM_LAYER) 0 In AM_timeout : setting timeout flag ******
arg= 2----------on locale 0
PROGRAM END ============================= 

--------------(SIGUSR2_handler) 2 RECEIVED SIGNAL SIGUSR2 - setting amIalive var 
(COMM LAYER) 0 :: FAILED NODES=========================-- 
-- ID: 0  -- ALIVE 0 -- 
-- ID: 1  -- ALIVE 0 -- 
-- ID: 2  -- ALIVE 1 -- 
---(PID) NODE 1 PID 12362 
---(PID) NODE 2 PID 4284 
---(PID) NODE 0 PID 3939 
MasterLocale: bwlf31   

(COMM_LAYER) 0 In AM_timeout : setting timeout flag ******
arg= 1----------on locale 0
arg= 2----------on locale 2
PROGRAM END ============================= 

--------------(SIGUSR2_handler) 1 RECEIVED SIGNAL SIGUSR2 - setting amIalive var 
(COMM LAYER) 0 :: FAILED NODES=========================-- 
-- ID: 0  -- ALIVE 0 -- 
-- ID: 1  -- ALIVE 1 -- 
-- ID: 2  -- ALIVE 0 -- 
---(PID) NODE 1 PID 12396 
---(PID) NODE 2 PID 4308 
---(PID) NODE 0 PID 3963 
MasterLocale: bwlf31   

arg= 1----------on locale 1
arg= 2----------on locale 2
PROGRAM END ============================= 

(COMM LAYER) 0 :: FAILED NODES=========================-- 
-- ID: 0  -- ALIVE 0 -- 
-- ID: 1  -- ALIVE 0 -- 
-- ID: 2  -- ALIVE 0 -- 
---(PID) NODE 1 PID 4332 
---(PID) NODE 2 PID 3998 
---(PID) NODE 0 PID 12419 
MasterLocale: bwlf32   

arg= 1----------on locale 1
arg= 2----------on locale 2
PROGRAM END ============================= 

(COMM LAYER) 0 :: FAILED NODES=========================-- 
-- ID: 0  -- ALIVE 0 -- 
-- ID: 1  -- ALIVE 0 -- 
-- ID: 2  -- ALIVE 0 -- 
---(PID) NODE 1 PID 12455 
---(PID) NODE 2 PID 4353 
---(PID) NODE 0 PID 4022 
MasterLocale: bwlf31   

(COMM_LAYER) 0 In AM_timeout : setting timeout flag ******
arg= 1----------on locale 0
arg= 2----------on locale 2
PROGRAM END ============================= 

--------------(SIGUSR2_handler) 1 RECEIVED SIGNAL SIGUSR2 - setting amIalive var 
(COMM LAYER) 0 :: FAILED NODES=========================-- 
-- ID: 0  -- ALIVE 0 -- 
-- ID: 1  -- ALIVE 1 -- 
-- ID: 2  -- ALIVE 0 -- 
---(PID) NODE 1 PID 4377 
---(PID) NODE 2 PID 4046 
---(PID) NODE 0 PID 12489 
MasterLocale: bwlf32   

arg= 1----------on locale 1
(COMM_LAYER) 0 In AM_timeout : setting timeout flag ******
arg= 2----------on locale 0
PROGRAM END ============================= 

--------------(SIGUSR2_handler) 2 RECEIVED SIGNAL SIGUSR2 - setting amIalive var 
(COMM LAYER) 0 :: FAILED NODES=========================-- 
-- ID: 0  -- ALIVE 0 -- 
-- ID: 1  -- ALIVE 0 -- 
-- ID: 2  -- ALIVE 1 -- 
---(PID) NODE 2 PID 4401 
---(PID) NODE 1 PID 12513 
---(PID) NODE 0 PID 4081 
MasterLocale: bwlf31   

arg= 1----------on locale 1
(COMM_LAYER) 0 In AM_timeout : setting timeout flag ******
arg= 2----------on locale 0
PROGRAM END ============================= 

--------------(SIGUSR2_handler) 2 RECEIVED SIGNAL SIGUSR2 - setting amIalive var 
(COMM LAYER) 0 :: FAILED NODES=========================-- 
-- ID: 0  -- ALIVE 0 -- 
-- ID: 1  -- ALIVE 0 -- 
-- ID: 2  -- ALIVE 1 -- 
---(PID) NODE 1 PID 4435 
---(PID) NODE 2 PID 4105 
---(PID) NODE 0 PID 12536 
MasterLocale: bwlf32   

(COMM_LAYER) 0 In AM_timeout : setting timeout flag ******
arg= 1----------on locale 0
arg= 2----------on locale 2
PROGRAM END ============================= 

(COMM LAYER) 0 :: FAILED NODES=========================-- 
-- ID: 0  -- ALIVE 0 -- 
-- ID: 1  -- ALIVE 1 -- 
-- ID: 2  -- ALIVE 0 -- 
--------------(SIGUSR2_handler) 1 RECEIVED SIGNAL SIGUSR2 - setting amIalive var 
---(PID) NODE 1 PID 4129 
---(PID) NODE 2 PID 4472 
---(PID) NODE 0 PID 12563 
MasterLocale: bwlf32   

(COMM_LAYER) 0 In AM_timeout : setting timeout flag ******
arg= 1----------on locale 0
arg= 2----------on locale 2
PROGRAM END ============================= 

--------------(SIGUSR2_handler) 1 RECEIVED SIGNAL SIGUSR2 - setting amIalive var 
(COMM LAYER) 0 :: FAILED NODES=========================-- 
-- ID: 0  -- ALIVE 0 -- 
-- ID: 1  -- ALIVE 1 -- 
-- ID: 2  -- ALIVE 0 -- 
---(PID) NODE 2 PID 4498 
---(PID) NODE 1 PID 4169 
---(PID) NODE 0 PID 12592 
MasterLocale: bwlf32   

arg= 1----------on locale 1
(COMM_LAYER) 0 In AM_timeout : setting timeout flag ******
arg= 2----------on locale 0
PROGRAM END ============================= 

--------------(SIGUSR2_handler) 2 RECEIVED SIGNAL SIGUSR2 - setting amIalive var 
(COMM LAYER) 0 :: FAILED NODES=========================-- 
-- ID: 0  -- ALIVE 0 -- 
-- ID: 1  -- ALIVE 0 -- 
-- ID: 2  -- ALIVE 1 -- 
---(PID) NODE 1 PID 12616 
---(PID) NODE 2 PID 4533 
---(PID) NODE 0 PID 4192 
MasterLocale: bwlf31   

(COMM_LAYER) 0 In AM_timeout : setting timeout flag ******
arg= 1----------on locale 0
arg= 2----------on locale 2
PROGRAM END ============================= 

--------------(SIGUSR2_handler) 1 RECEIVED SIGNAL SIGUSR2 - setting amIalive var 
(COMM LAYER) 0 :: FAILED NODES=========================-- 
-- ID: 0  -- ALIVE 0 -- 
-- ID: 1  -- ALIVE 1 -- 
-- ID: 2  -- ALIVE 0 -- 
---(PID) NODE 1 PID 4215 
---(PID) NODE 2 PID 4557 
---(PID) NODE 0 PID 12650 
MasterLocale: bwlf32   

(COMM_LAYER) 0 In AM_timeout : setting timeout flag ******
arg= 1----------on locale 0
arg= 2----------on locale 2
PROGRAM END ============================= 

--------------(SIGUSR2_handler) 1 RECEIVED SIGNAL SIGUSR2 - setting amIalive var 
(COMM LAYER) 0 :: FAILED NODES=========================-- 
-- ID: 0  -- ALIVE 0 -- 
-- ID: 1  -- ALIVE 1 -- 
-- ID: 2  -- ALIVE 0 -- 
---(PID) NODE 1 PID 12692 
---(PID) NODE 2 PID 4596 
---(PID) NODE 0 PID 4268 
MasterLocale: bwlf31   

arg= 1----------on locale 1
(COMM_LAYER) 0 In AM_timeout : setting timeout flag ******
arg= 2----------on locale 0
PROGRAM END ============================= 

--------------(SIGUSR2_handler) 2 RECEIVED SIGNAL SIGUSR2 - setting amIalive var 
(COMM LAYER) 0 :: FAILED NODES=========================-- 
-- ID: 0  -- ALIVE 0 -- 
-- ID: 1  -- ALIVE 0 -- 
-- ID: 2  -- ALIVE 1 -- 
---(PID) NODE 1 PID 4292 
---(PID) NODE 2 PID 4631 
---(PID) NODE 0 PID 12715 
MasterLocale: bwlf32   

(COMM_LAYER) 0 In AM_timeout : setting timeout flag ******
arg= 1----------on locale 0
arg= 2----------on locale 2
PROGRAM END ============================= 

--------------(SIGUSR2_handler) 1 RECEIVED SIGNAL SIGUSR2 - setting amIalive var 
(COMM LAYER) 0 :: FAILED NODES=========================-- 
-- ID: 0  -- ALIVE 0 -- 
-- ID: 1  -- ALIVE 1 -- 
-- ID: 2  -- ALIVE 0 -- 
---(PID) NODE 1 PID 12739 
---(PID) NODE 2 PID 4655 
---(PID) NODE 0 PID 4327 
MasterLocale: bwlf31   

arg= 1----------on locale 1
(COMM_LAYER) 0 In AM_timeout : setting timeout flag ******
arg= 2----------on locale 0
PROGRAM END ============================= 

--------------(SIGUSR2_handler) 2 RECEIVED SIGNAL SIGUSR2 - setting amIalive var 
(COMM LAYER) 0 :: FAILED NODES=========================-- 
-- ID: 0  -- ALIVE 0 -- 
-- ID: 1  -- ALIVE 0 -- 
-- ID: 2  -- ALIVE 1 -- 
---(PID) NODE 1 PID 12762 
---(PID) NODE 2 PID 4689 
---(PID) NODE 0 PID 4351 
MasterLocale: bwlf31   

arg= 1----------on locale 1
(COMM_LAYER) 0 In AM_timeout : setting timeout flag ******
arg= 2----------on locale 0
PROGRAM END ============================= 

--------------(SIGUSR2_handler) 2 RECEIVED SIGNAL SIGUSR2 - setting amIalive var 
(COMM LAYER) 0 :: FAILED NODES=========================-- 
-- ID: 0  -- ALIVE 0 -- 
-- ID: 1  -- ALIVE 0 -- 
-- ID: 2  -- ALIVE 1 -- 
---(PID) NODE 1 PID 4374 
---(PID) NODE 2 PID 4723 
---(PID) NODE 0 PID 12786 
MasterLocale: bwlf32   

(COMM_LAYER) 0 In AM_timeout : setting timeout flag ******
arg= 1----------on locale 0
arg= 2----------on locale 2
PROGRAM END ============================= 

--------------(SIGUSR2_handler) 1 RECEIVED SIGNAL SIGUSR2 - setting amIalive var 
(COMM LAYER) 0 :: FAILED NODES=========================-- 
-- ID: 0  -- ALIVE 0 -- 
-- ID: 1  -- ALIVE 1 -- 
-- ID: 2  -- ALIVE 0 -- 
---(PID) NODE 1 PID 4746 
---(PID) NODE 2 PID 12810 
---(PID) NODE 0 PID 4410 
MasterLocale: bwlf31   

arg= 1----------on locale 1
(COMM_LAYER) 0 In AM_timeout : setting timeout flag ******
arg= 2----------on locale 0
PROGRAM END ============================= 

--------------(SIGUSR2_handler) 2 RECEIVED SIGNAL SIGUSR2 - setting amIalive var 
(COMM LAYER) 0 :: FAILED NODES=========================-- 
-- ID: 0  -- ALIVE 0 -- 
-- ID: 1  -- ALIVE 0 -- 
-- ID: 2  -- ALIVE 1 -- 
