---(PID) NODE 2 PID 18667 
---(PID) NODE 1 PID 10326 
---(PID) NODE 3 PID 1314 
---(PID) NODE 0 PID 10239 
MasterLocale: bwlf31   

(COMM_LAYER) 0 In AM_timeout : setting timeout flag ******
arg= 1----------on locale 0
arg= 2----------on locale 2
arg= 3----------on locale 3
PROGRAM END ============================= 

--------------(SIGUSR2_handler) 1 RECEIVED SIGNAL SIGUSR2 - setting amIalive var 
(COMM LAYER) 0 :: FAILED NODES=========================-- 
-- ID: 0  -- ALIVE 0 -- 
-- ID: 1  -- ALIVE 1 -- 
-- ID: 2  -- ALIVE 0 -- 
-- ID: 3  -- ALIVE 0 -- 
---(PID) NODE 2 PID 10358 
---(PID) NODE 1 PID 10266 
---(PID) NODE 3 PID 1335 
---(PID) NODE 0 PID 18690 
MasterLocale: bwlf32   

arg= 1----------on locale 1
arg= 2----------on locale 2
arg= 3----------on locale 3
PROGRAM END ============================= 

(COMM LAYER) 0 :: FAILED NODES=========================-- 
-- ID: 0  -- ALIVE 0 -- 
-- ID: 1  -- ALIVE 0 -- 
-- ID: 2  -- ALIVE 0 -- 
-- ID: 3  -- ALIVE 0 -- 
---(PID) NODE 1 PID 10289 
---(PID) NODE 2 PID 1359 
---(PID) NODE 3 PID 10382 
---(PID) NODE 0 PID 18728 
MasterLocale: bwlf32   

arg= 1----------on locale 1
arg= 2----------on locale 2
arg= 3----------on locale 2
PROGRAM END ============================= 

--------------(SIGUSR2_handler) 3 RECEIVED SIGNAL SIGUSR2 - setting amIalive var 
(COMM_LAYER) 2 In AM_timeout : setting timeout flag ******
(COMM LAYER) 0 :: FAILED NODES=========================-- 
-- ID: 0  -- ALIVE 0 -- 
-- ID: 1  -- ALIVE 0 -- 
-- ID: 2  -- ALIVE 0 -- 
-- ID: 3  -- ALIVE 1 -- 
---(PID) NODE 1 PID 18755 
---(PID) NODE 2 PID 10417 
---(PID) NODE 3 PID 1383 
---(PID) NODE 0 PID 10313 
MasterLocale: bwlf31   

arg= 1----------on locale 1
arg= 2----------on locale 2
arg= 3----------on locale 3
PROGRAM END ============================= 

(COMM LAYER) 0 :: FAILED NODES=========================-- 
-- ID: 0  -- ALIVE 0 -- 
-- ID: 1  -- ALIVE 0 -- 
-- ID: 2  -- ALIVE 0 -- 
-- ID: 3  -- ALIVE 0 -- 
---(PID) NODE 2 PID 10442 
---(PID) NODE 1 PID 10353 
---(PID) NODE 3 PID 1408 
---(PID) NODE 0 PID 18780 
MasterLocale: bwlf32   

(COMM_LAYER) 0 In AM_timeout : setting timeout flag ******
arg= 1----------on locale 0
arg= 2----------on locale 2
arg= 3----------on locale 3
PROGRAM END ============================= 

--------------(SIGUSR2_handler) 1 RECEIVED SIGNAL SIGUSR2 - setting amIalive var 
(COMM LAYER) 0 :: FAILED NODES=========================-- 
-- ID: 0  -- ALIVE 0 -- 
-- ID: 1  -- ALIVE 1 -- 
-- ID: 2  -- ALIVE 0 -- 
-- ID: 3  -- ALIVE 0 -- 
---(PID) NODE 3 PID 1431 
---(PID) NODE 2 PID 10465 
---(PID) NODE 1 PID 10386 
---(PID) NODE 0 PID 18807 
MasterLocale: bwlf32   

arg= 1----------on locale 1
arg= 2----------on locale 2
arg= 3----------on locale 3
PROGRAM END ============================= 

(COMM LAYER) 0 :: FAILED NODES=========================-- 
-- ID: 0  -- ALIVE 0 -- 
-- ID: 1  -- ALIVE 0 -- 
-- ID: 2  -- ALIVE 0 -- 
-- ID: 3  -- ALIVE 0 -- 
---(PID) NODE 2 PID 10488 
---(PID) NODE 1 PID 10411 
---(PID) NODE 3 PID 1454 
---(PID) NODE 0 PID 18845 
MasterLocale: bwlf32   

arg= 1----------on locale 1
arg= 2----------on locale 2
arg= 3----------on locale 3
PROGRAM END ============================= 

(COMM LAYER) 0 :: FAILED NODES=========================-- 
-- ID: 0  -- ALIVE 0 -- 
-- ID: 1  -- ALIVE 0 -- 
-- ID: 2  -- ALIVE 0 -- 
-- ID: 3  -- ALIVE 0 -- 
---(PID) NODE 2 PID 1477 
---(PID) NODE 1 PID 10434 
---(PID) NODE 3 PID 10512 
---(PID) NODE 0 PID 18883 
MasterLocale: bwlf32   

arg= 1----------on locale 1
arg= 2----------on locale 2
arg= 3----------on locale 2
PROGRAM END ============================= 

(COMM_LAYER) 2 In AM_timeout : setting timeout flag ******
--------------(SIGUSR2_handler) 3 RECEIVED SIGNAL SIGUSR2 - setting amIalive var 
(COMM LAYER) 0 :: FAILED NODES=========================-- 
-- ID: 0  -- ALIVE 0 -- 
-- ID: 1  -- ALIVE 0 -- 
-- ID: 2  -- ALIVE 0 -- 
-- ID: 3  -- ALIVE 1 -- 
---(PID) NODE 1 PID 10547 
---(PID) NODE 2 PID 18911 
---(PID) NODE 3 PID 1501 
---(PID) NODE 0 PID 10456 
MasterLocale: bwlf31   

arg= 1----------on locale 1
arg= 2----------on locale 1
arg= 3----------on locale 3
PROGRAM END ============================= 

--------------(SIGUSR2_handler) 2 RECEIVED SIGNAL SIGUSR2 - setting amIalive var 
(COMM_LAYER) 1 In AM_timeout : setting timeout flag ******
(COMM LAYER) 0 :: FAILED NODES=========================-- 
-- ID: 0  -- ALIVE 0 -- 
-- ID: 1  -- ALIVE 0 -- 
-- ID: 2  -- ALIVE 1 -- 
-- ID: 3  -- ALIVE 0 -- 
---(PID) NODE 2 PID 10568 
---(PID) NODE 1 PID 10484 
---(PID) NODE 3 PID 1523 
---(PID) NODE 0 PID 18945 
MasterLocale: bwlf32   

arg= 1----------on locale 1
arg= 2----------on locale 2
arg= 3----------on locale 2
PROGRAM END ============================= 

--------------(SIGUSR2_handler) 3 RECEIVED SIGNAL SIGUSR2 - setting amIalive var 
(COMM_LAYER) 2 In AM_timeout : setting timeout flag ******
(COMM LAYER) 0 :: FAILED NODES=========================-- 
-- ID: 0  -- ALIVE 0 -- 
-- ID: 1  -- ALIVE 0 -- 
-- ID: 2  -- ALIVE 0 -- 
-- ID: 3  -- ALIVE 1 -- 
---(PID) NODE 1 PID 10507 
---(PID) NODE 2 PID 10592 
---(PID) NODE 3 PID 1557 
---(PID) NODE 0 PID 18972 
MasterLocale: bwlf32   

(COMM_LAYER) 0 In AM_timeout : setting timeout flag ******
arg= 1----------on locale 0
arg= 2----------on locale 2
arg= 3----------on locale 3
PROGRAM END ============================= 

--------------(SIGUSR2_handler) 1 RECEIVED SIGNAL SIGUSR2 - setting amIalive var 
(COMM LAYER) 0 :: FAILED NODES=========================-- 
-- ID: 0  -- ALIVE 0 -- 
-- ID: 1  -- ALIVE 1 -- 
-- ID: 2  -- ALIVE 0 -- 
-- ID: 3  -- ALIVE 0 -- 
---(PID) NODE 2 PID 10616 
---(PID) NODE 1 PID 18998 
---(PID) NODE 3 PID 1582 
---(PID) NODE 0 PID 10541 
MasterLocale: bwlf31   

(COMM_LAYER) 0 In AM_timeout : setting timeout flag ******
arg= 1----------on locale 0
arg= 2----------on locale 2
arg= 3----------on locale 3
PROGRAM END ============================= 

--------------(SIGUSR2_handler) 1 RECEIVED SIGNAL SIGUSR2 - setting amIalive var 
(COMM LAYER) 0 :: FAILED NODES=========================-- 
-- ID: 0  -- ALIVE 0 -- 
-- ID: 1  -- ALIVE 1 -- 
-- ID: 2  -- ALIVE 0 -- 
-- ID: 3  -- ALIVE 0 -- 
---(PID) NODE 1 PID 10571 
---(PID) NODE 2 PID 1608 
---(PID) NODE 3 PID 10643 
---(PID) NODE 0 PID 19036 
MasterLocale: bwlf32   

arg= 1----------on locale 1
arg= 2----------on locale 2
arg= 3----------on locale 2
PROGRAM END ============================= 

--------------(SIGUSR2_handler) 3 RECEIVED SIGNAL SIGUSR2 - setting amIalive var 
(COMM LAYER) 0 :: FAILED NODES=========================-- 
-- ID: 0  -- ALIVE 0 -- 
-- ID: 1  -- ALIVE 0 -- 
-- ID: 2  -- ALIVE 0 -- 
-- ID: 3  -- ALIVE 1 -- 
(COMM_LAYER) 2 In AM_timeout : setting timeout flag ******
---(PID) NODE 1 PID 19064 
---(PID) NODE 3 PID 10676 
---(PID) NODE 2 PID 1631 
---(PID) NODE 0 PID 10594 
MasterLocale: bwlf31   

arg= 1----------on locale 1
arg= 2----------on locale 2
arg= 3----------on locale 2
PROGRAM END ============================= 

(COMM_LAYER) 2 In AM_timeout : setting timeout flag ******
--------------(SIGUSR2_handler) 3 RECEIVED SIGNAL SIGUSR2 - setting amIalive var 
(COMM LAYER) 0 :: FAILED NODES=========================-- 
-- ID: 0  -- ALIVE 0 -- 
-- ID: 1  -- ALIVE 0 -- 
-- ID: 2  -- ALIVE 0 -- 
-- ID: 3  -- ALIVE 1 -- 
---(PID) NODE 3 PID 1673 
---(PID) NODE 1 PID 10641 
---(PID) NODE 2 PID 10729 
---(PID) NODE 0 PID 19105 
MasterLocale: bwlf32   

arg= 1----------on locale 1
arg= 2----------on locale 2
arg= 3----------on locale 3
PROGRAM END ============================= 

(COMM LAYER) 0 :: FAILED NODES=========================-- 
-- ID: 0  -- ALIVE 0 -- 
-- ID: 1  -- ALIVE 0 -- 
-- ID: 2  -- ALIVE 0 -- 
-- ID: 3  -- ALIVE 0 -- 
---(PID) NODE 1 PID 10665 
---(PID) NODE 2 PID 1698 
---(PID) NODE 3 PID 10754 
---(PID) NODE 0 PID 19144 
MasterLocale: bwlf32   

arg= 1----------on locale 1
arg= 2----------on locale 1
arg= 3----------on locale 3
PROGRAM END ============================= 

(COMM_LAYER) 1 In AM_timeout : setting timeout flag ******
--------------(SIGUSR2_handler) 2 RECEIVED SIGNAL SIGUSR2 - setting amIalive var 
(COMM LAYER) 0 :: FAILED NODES=========================-- 
-- ID: 0  -- ALIVE 0 -- 
-- ID: 1  -- ALIVE 0 -- 
-- ID: 2  -- ALIVE 1 -- 
-- ID: 3  -- ALIVE 0 -- 
---(PID) NODE 1 PID 10687 
---(PID) NODE 2 PID 1746 
---(PID) NODE 3 PID 10778 
---(PID) NODE 0 PID 19173 
MasterLocale: bwlf32   

arg= 1----------on locale 1
arg= 2----------on locale 1
arg= 3----------on locale 3
PROGRAM END ============================= 

--------------(SIGUSR2_handler) 2 RECEIVED SIGNAL SIGUSR2 - setting amIalive var 
(COMM_LAYER) 1 In AM_timeout : setting timeout flag ******
(COMM LAYER) 0 :: FAILED NODES=========================-- 
-- ID: 0  -- ALIVE 0 -- 
-- ID: 1  -- ALIVE 0 -- 
-- ID: 2  -- ALIVE 1 -- 
-- ID: 3  -- ALIVE 0 -- 
---(PID) NODE 2 PID 10712 
---(PID) NODE 1 PID 10800 
---(PID) NODE 3 PID 1782 
---(PID) NODE 0 PID 19200 
MasterLocale: bwlf32   

arg= 1----------on locale 1
arg= 2----------on locale 2
arg= 3----------on locale 2
PROGRAM END ============================= 

--------------(SIGUSR2_handler) 3 RECEIVED SIGNAL SIGUSR2 - setting amIalive var 
(COMM_LAYER) 2 In AM_timeout : setting timeout flag ******
(COMM LAYER) 0 :: FAILED NODES=========================-- 
-- ID: 0  -- ALIVE 0 -- 
-- ID: 1  -- ALIVE 0 -- 
-- ID: 2  -- ALIVE 0 -- 
-- ID: 3  -- ALIVE 1 -- 
---(PID) NODE 1 PID 10735 
---(PID) NODE 2 PID 1817 
---(PID) NODE 3 PID 10824 
---(PID) NODE 0 PID 19227 
MasterLocale: bwlf32   

arg= 1----------on locale 1
arg= 2----------on locale 1
arg= 3----------on locale 3
PROGRAM END ============================= 

--------------(SIGUSR2_handler) 2 RECEIVED SIGNAL SIGUSR2 - setting amIalive var 
(COMM_LAYER) 1 In AM_timeout : setting timeout flag ******
(COMM LAYER) 0 :: FAILED NODES=========================-- 
-- ID: 0  -- ALIVE 0 -- 
-- ID: 1  -- ALIVE 0 -- 
-- ID: 2  -- ALIVE 1 -- 
-- ID: 3  -- ALIVE 0 -- 
---(PID) NODE 3 PID 1858 
---(PID) NODE 1 PID 10848 
---(PID) NODE 2 PID 10757 
---(PID) NODE 0 PID 19254 
MasterLocale: bwlf32   

arg= 1----------on locale 1
arg= 2----------on locale 1
arg= 3----------on locale 3
PROGRAM END ============================= 

(COMM_LAYER) 1 In AM_timeout : setting timeout flag ******
--------------(SIGUSR2_handler) 2 RECEIVED SIGNAL SIGUSR2 - setting amIalive var 
(COMM LAYER) 0 :: FAILED NODES=========================-- 
-- ID: 0  -- ALIVE 0 -- 
-- ID: 1  -- ALIVE 0 -- 
-- ID: 2  -- ALIVE 1 -- 
-- ID: 3  -- ALIVE 0 -- 
