---(PID) NODE 1 PID 17123 
---(PID) NODE 2 PID 32368 
---(PID) NODE 3 PID 8907 
---(PID) NODE 0 PID 8724 
MasterLocale: bwlf31   

(COMM_LAYER) 0 In AM_timeout : setting timeout flag ******
arg= 1----------on locale 0
(COMM_LAYER) 0 In AM_timeout : setting timeout flag ******
arg= 2----------on locale 0
(COMM_LAYER) 0 In AM_timeout : setting timeout flag ******
arg= 3----------on locale 0
PROGRAM END ============================= 

--------------(SIGUSR2_handler) 1 RECEIVED SIGNAL SIGUSR2 - setting amIalive var 
--------------(SIGUSR2_handler) 2 RECEIVED SIGNAL SIGUSR2 - setting amIalive var 
(COMM LAYER) 0 :: FAILED NODES=========================-- 
-- ID: 0  -- ALIVE 0 -- 
-- ID: 1  -- ALIVE 1 -- 
-- ID: 2  -- ALIVE 1 -- 
-- ID: 3  -- ALIVE 1 -- 
--------------(SIGUSR2_handler) 3 RECEIVED SIGNAL SIGUSR2 - setting amIalive var 
---(PID) NODE 1 PID 8760 
---(PID) NODE 2 PID 8939 
---(PID) NODE 3 PID 32401 
---(PID) NODE 0 PID 17157 
MasterLocale: bwlf32   

arg= 1----------on locale 1
arg= 2----------on locale 2
arg= 3----------on locale 2
PROGRAM END ============================= 

--------------(SIGUSR2_handler) 3 RECEIVED SIGNAL SIGUSR2 - setting amIalive var 
(COMM LAYER) 0 :: FAILED NODES=========================-- 
-- ID: 0  -- ALIVE 0 -- 
-- ID: 1  -- ALIVE 0 -- 
-- ID: 2  -- ALIVE 0 -- 
-- ID: 3  -- ALIVE 1 -- 
(COMM_LAYER) 2 In AM_timeout : setting timeout flag ******
---(PID) NODE 2 PID 8973 
---(PID) NODE 1 PID 8793 
---(PID) NODE 3 PID 32434 
---(PID) NODE 0 PID 17194 
MasterLocale: bwlf32   

arg= 1----------on locale 1
arg= 2----------on locale 2
arg= 3----------on locale 3
PROGRAM END ============================= 

(COMM LAYER) 0 :: FAILED NODES=========================-- 
-- ID: 0  -- ALIVE 0 -- 
-- ID: 1  -- ALIVE 0 -- 
-- ID: 2  -- ALIVE 0 -- 
-- ID: 3  -- ALIVE 0 -- 
---(PID) NODE 1 PID 9007 
---(PID) NODE 3 PID 32469 
---(PID) NODE 2 PID 8825 
---(PID) NODE 0 PID 17231 
MasterLocale: bwlf32   

arg= 1----------on locale 1
arg= 2----------on locale 2
arg= 3----------on locale 2
PROGRAM END ============================= 

--------------(SIGUSR2_handler) 3 RECEIVED SIGNAL SIGUSR2 - setting amIalive var 
(COMM_LAYER) 2 In AM_timeout : setting timeout flag ******
(COMM LAYER) 0 :: FAILED NODES=========================-- 
-- ID: 0  -- ALIVE 0 -- 
-- ID: 1  -- ALIVE 0 -- 
-- ID: 2  -- ALIVE 0 -- 
-- ID: 3  -- ALIVE 1 -- 
---(PID) NODE 2 PID 9038 
---(PID) NODE 1 PID 17268 
---(PID) NODE 3 PID 32500 
---(PID) NODE 0 PID 8859 
MasterLocale: bwlf31   

arg= 1----------on locale 1
arg= 2----------on locale 2
arg= 3----------on locale 2
PROGRAM END ============================= 

--------------(SIGUSR2_handler) 3 RECEIVED SIGNAL SIGUSR2 - setting amIalive var 
(COMM LAYER) 0 :: FAILED NODES=========================-- 
-- ID: 0  -- ALIVE 0 -- 
-- ID: 1  -- ALIVE 0 -- 
-- ID: 2  -- ALIVE 0 -- 
-- ID: 3  -- ALIVE 1 -- 
(COMM_LAYER) 2 In AM_timeout : setting timeout flag ******
---(PID) NODE 1 PID 9072 
---(PID) NODE 3 PID 32534 
---(PID) NODE 2 PID 8896 
---(PID) NODE 0 PID 17301 
MasterLocale: bwlf32   

(COMM_LAYER) 0 In AM_timeout : setting timeout flag ******
arg= 1----------on locale 0
(COMM_LAYER) 0 In AM_timeout : setting timeout flag ******
arg= 2----------on locale 0
arg= 3----------on locale 3
PROGRAM END ============================= 

(COMM LAYER) 0 :: FAILED NODES=========================-- 
-- ID: 0  -- ALIVE 0 -- 
-- ID: 1  -- ALIVE 1 -- 
-- ID: 2  -- ALIVE 1 -- 
-- ID: 3  -- ALIVE 0 -- 
--------------(SIGUSR2_handler) 2 RECEIVED SIGNAL SIGUSR2 - setting amIalive var 
--------------(SIGUSR2_handler) 1 RECEIVED SIGNAL SIGUSR2 - setting amIalive var 
---(PID) NODE 2 PID 9108 
---(PID) NODE 1 PID 8932 
---(PID) NODE 3 PID 32570 
---(PID) NODE 0 PID 17338 
MasterLocale: bwlf32   

(COMM_LAYER) 0 In AM_timeout : setting timeout flag ******
arg= 1----------on locale 0
(COMM_LAYER) 0 In AM_timeout : setting timeout flag ******
arg= 2----------on locale 0
arg= 3----------on locale 3
PROGRAM END ============================= 

(COMM LAYER) 0 :: FAILED NODES=========================-- 
-- ID: 0  -- ALIVE 0 -- 
-- ID: 1  -- ALIVE 1 -- 
-- ID: 2  -- ALIVE 1 -- 
-- ID: 3  -- ALIVE 0 -- 
--------------(SIGUSR2_handler) 1 RECEIVED SIGNAL SIGUSR2 - setting amIalive var 
--------------(SIGUSR2_handler) 2 RECEIVED SIGNAL SIGUSR2 - setting amIalive var 
---(PID) NODE 1 PID 9145 
---(PID) NODE 2 PID 17377 
---(PID) NODE 3 PID 32607 
---(PID) NODE 0 PID 8969 
MasterLocale: bwlf31   

arg= 1----------on locale 1
arg= 2----------on locale 1
arg= 3----------on locale 1
PROGRAM END ============================= 

--------------(SIGUSR2_handler) 3 RECEIVED SIGNAL SIGUSR2 - setting amIalive var 
--------------(SIGUSR2_handler) 2 RECEIVED SIGNAL SIGUSR2 - setting amIalive var 
(COMM_LAYER) 1 In AM_timeout : setting timeout flag ******
(COMM_LAYER) 1 In AM_timeout : setting timeout flag ******
(COMM LAYER) 0 :: FAILED NODES=========================-- 
-- ID: 0  -- ALIVE 0 -- 
-- ID: 1  -- ALIVE 0 -- 
-- ID: 2  -- ALIVE 1 -- 
-- ID: 3  -- ALIVE 1 -- 
---(PID) NODE 2 PID 9178 
---(PID) NODE 1 PID 9005 
---(PID) NODE 3 PID 32640 
---(PID) NODE 0 PID 17411 
MasterLocale: bwlf32   

arg= 1----------on locale 1
arg= 2----------on locale 1
arg= 3----------on locale 1
PROGRAM END ============================= 

--------------(SIGUSR2_handler) 3 RECEIVED SIGNAL SIGUSR2 - setting amIalive var 
--------------(SIGUSR2_handler) 2 RECEIVED SIGNAL SIGUSR2 - setting amIalive var 
(COMM LAYER) 0 :: FAILED NODES=========================-- 
-- ID: 0  -- ALIVE 0 -- 
-- ID: 1  -- ALIVE 0 -- 
-- ID: 2  -- ALIVE 1 -- 
-- ID: 3  -- ALIVE 1 -- 
(COMM_LAYER) 1 In AM_timeout : setting timeout flag ******
(COMM_LAYER) 1 In AM_timeout : setting timeout flag ******
---(PID) NODE 1 PID 9040 
---(PID) NODE 2 PID 32673 
---(PID) NODE 3 PID 9211 
---(PID) NODE 0 PID 17448 
MasterLocale: bwlf32   

arg= 1----------on locale 1
arg= 2----------on locale 2
arg= 3----------on locale 2
PROGRAM END ============================= 

(COMM_LAYER) 2 In AM_timeout : setting timeout flag ******
--------------(SIGUSR2_handler) 3 RECEIVED SIGNAL SIGUSR2 - setting amIalive var 
(COMM LAYER) 0 :: FAILED NODES=========================-- 
-- ID: 0  -- ALIVE 0 -- 
-- ID: 1  -- ALIVE 0 -- 
-- ID: 2  -- ALIVE 0 -- 
-- ID: 3  -- ALIVE 1 -- 
---(PID) NODE 2 PID 17485 
---(PID) NODE 1 PID 32706 
---(PID) NODE 3 PID 9244 
---(PID) NODE 0 PID 9073 
MasterLocale: bwlf31   

(COMM_LAYER) 0 In AM_timeout : setting timeout flag ******
arg= 1----------on locale 0
(COMM_LAYER) 0 In AM_timeout : setting timeout flag ******
arg= 2----------on locale 0
arg= 3----------on locale 3
PROGRAM END ============================= 

--------------(SIGUSR2_handler) 1 RECEIVED SIGNAL SIGUSR2 - setting amIalive var 
--------------(SIGUSR2_handler) 2 RECEIVED SIGNAL SIGUSR2 - setting amIalive var 
(COMM LAYER) 0 :: FAILED NODES=========================-- 
-- ID: 0  -- ALIVE 0 -- 
-- ID: 1  -- ALIVE 1 -- 
-- ID: 2  -- ALIVE 1 -- 
-- ID: 3  -- ALIVE 0 -- 
---(PID) NODE 1 PID 9106 
---(PID) NODE 2 PID 32740 
---(PID) NODE 3 PID 9279 
---(PID) NODE 0 PID 17519 
MasterLocale: bwlf32   

arg= 1----------on locale 1
arg= 2----------on locale 2
arg= 3----------on locale 3
PROGRAM END ============================= 

(COMM LAYER) 0 :: FAILED NODES=========================-- 
-- ID: 0  -- ALIVE 0 -- 
-- ID: 1  -- ALIVE 0 -- 
-- ID: 2  -- ALIVE 0 -- 
-- ID: 3  -- ALIVE 0 -- 
---(PID) NODE 2 PID 9141 
---(PID) NODE 1 PID 9310 
---(PID) NODE 3 PID 304 
---(PID) NODE 0 PID 17556 
MasterLocale: bwlf32   

arg= 1----------on locale 1
arg= 2----------on locale 2
arg= 3----------on locale 3
PROGRAM END ============================= 

(COMM LAYER) 0 :: FAILED NODES=========================-- 
-- ID: 0  -- ALIVE 0 -- 
-- ID: 1  -- ALIVE 0 -- 
-- ID: 2  -- ALIVE 0 -- 
-- ID: 3  -- ALIVE 0 -- 
---(PID) NODE 3 PID 9174 
---(PID) NODE 1 PID 9344 
---(PID) NODE 2 PID 337 
---(PID) NODE 0 PID 17593 
MasterLocale: bwlf32   

(COMM_LAYER) 0 In AM_timeout : setting timeout flag ******
arg= 1----------on locale 0
arg= 2----------on locale 2
arg= 3----------on locale 2
PROGRAM END ============================= 

--------------(SIGUSR2_handler) 1 RECEIVED SIGNAL SIGUSR2 - setting amIalive var 
(COMM_LAYER) 2 In AM_timeout : setting timeout flag ******
--------------(SIGUSR2_handler) 3 RECEIVED SIGNAL SIGUSR2 - setting amIalive var 
(COMM LAYER) 0 :: FAILED NODES=========================-- 
-- ID: 0  -- ALIVE 0 -- 
-- ID: 1  -- ALIVE 1 -- 
-- ID: 2  -- ALIVE 0 -- 
-- ID: 3  -- ALIVE 1 -- 
---(PID) NODE 2 PID 17629 
---(PID) NODE 1 PID 9378 
---(PID) NODE 3 PID 372 
---(PID) NODE 0 PID 9207 
MasterLocale: bwlf31   

arg= 1----------on locale 1
arg= 2----------on locale 2
arg= 3----------on locale 2
PROGRAM END ============================= 

--------------(SIGUSR2_handler) 3 RECEIVED SIGNAL SIGUSR2 - setting amIalive var 
(COMM LAYER) 0 :: FAILED NODES=========================-- 
-- ID: 0  -- ALIVE 0 -- 
-- ID: 1  -- ALIVE 0 -- 
-- ID: 2  -- ALIVE 0 -- 
-- ID: 3  -- ALIVE 1 -- 
(COMM_LAYER) 2 In AM_timeout : setting timeout flag ******
---(PID) NODE 2 PID 9244 
---(PID) NODE 1 PID 9411 
---(PID) NODE 3 PID 406 
---(PID) NODE 0 PID 17662 
MasterLocale: bwlf32   

arg= 1----------on locale 1
arg= 2----------on locale 2
arg= 3----------on locale 2
PROGRAM END ============================= 

(COMM LAYER) 0 :: FAILED NODES=========================-- 
-- ID: 0  -- ALIVE 0 -- 
-- ID: 1  -- ALIVE 0 -- 
-- ID: 2  -- ALIVE 0 -- 
-- ID: 3  -- ALIVE 1 -- 
(COMM_LAYER) 2 In AM_timeout : setting timeout flag ******
--------------(SIGUSR2_handler) 3 RECEIVED SIGNAL SIGUSR2 - setting amIalive var 
---(PID) NODE 3 PID 440 
---(PID) NODE 1 PID 17700 
---(PID) NODE 2 PID 9443 
---(PID) NODE 0 PID 9277 
MasterLocale: bwlf31   

(COMM_LAYER) 0 In AM_timeout : setting timeout flag ******
arg= 1----------on locale 0
(COMM_LAYER) 0 In AM_timeout : setting timeout flag ******
arg= 2----------on locale 0
arg= 3----------on locale 3
PROGRAM END ============================= 

--------------(SIGUSR2_handler) 1 RECEIVED SIGNAL SIGUSR2 - setting amIalive var 
--------------(SIGUSR2_handler) 2 RECEIVED SIGNAL SIGUSR2 - setting amIalive var 
(COMM LAYER) 0 :: FAILED NODES=========================-- 
-- ID: 0  -- ALIVE 0 -- 
-- ID: 1  -- ALIVE 1 -- 
-- ID: 2  -- ALIVE 1 -- 
-- ID: 3  -- ALIVE 0 -- 
---(PID) NODE 2 PID 9479 
---(PID) NODE 1 PID 17735 
---(PID) NODE 3 PID 476 
---(PID) NODE 0 PID 9316 
MasterLocale: bwlf31   

(COMM_LAYER) 0 In AM_timeout : setting timeout flag ******
arg= 1----------on locale 0
arg= 2----------on locale 2
arg= 3----------on locale 2
PROGRAM END ============================= 

(COMM_LAYER) 2 In AM_timeout : setting timeout flag ******
--------------(SIGUSR2_handler) 3 RECEIVED SIGNAL SIGUSR2 - setting amIalive var 
--------------(SIGUSR2_handler) 1 RECEIVED SIGNAL SIGUSR2 - setting amIalive var 
(COMM LAYER) 0 :: FAILED NODES=========================-- 
-- ID: 0  -- ALIVE 0 -- 
-- ID: 1  -- ALIVE 1 -- 
-- ID: 2  -- ALIVE 0 -- 
-- ID: 3  -- ALIVE 1 -- 
---(PID) NODE 2 PID 9512 
---(PID) NODE 1 PID 17768 
---(PID) NODE 3 PID 510 
---(PID) NODE 0 PID 9351 
MasterLocale: bwlf31   

(COMM_LAYER) 0 In AM_timeout : setting timeout flag ******
arg= 1----------on locale 0
arg= 2----------on locale 2
arg= 3----------on locale 3
PROGRAM END ============================= 

--------------(SIGUSR2_handler) 1 RECEIVED SIGNAL SIGUSR2 - setting amIalive var 
(COMM LAYER) 0 :: FAILED NODES=========================-- 
-- ID: 0  -- ALIVE 0 -- 
-- ID: 1  -- ALIVE 1 -- 
-- ID: 2  -- ALIVE 0 -- 
-- ID: 3  -- ALIVE 0 -- 
---(PID) NODE 2 PID 9547 
---(PID) NODE 1 PID 17802 
---(PID) NODE 3 PID 544 
---(PID) NODE 0 PID 9386 
MasterLocale: bwlf31   

(COMM_LAYER) 0 In AM_timeout : setting timeout flag ******
arg= 1----------on locale 0
arg= 2----------on locale 2
arg= 3----------on locale 3
PROGRAM END ============================= 

--------------(SIGUSR2_handler) 1 RECEIVED SIGNAL SIGUSR2 - setting amIalive var 
(COMM LAYER) 0 :: FAILED NODES=========================-- 
-- ID: 0  -- ALIVE 0 -- 
-- ID: 1  -- ALIVE 1 -- 
-- ID: 2  -- ALIVE 0 -- 
-- ID: 3  -- ALIVE 0 -- 
