---(PID) NODE 2 PID 31429 
---(PID) NODE 1 PID 7783 
---(PID) NODE 3 PID 7967 
---(PID) NODE 0 PID 16166 
MasterLocale: bwlf32   

(COMM_LAYER) 0 In AM_timeout : setting timeout flag ******
arg= 1----------on locale 0
(COMM_LAYER) 0 In AM_timeout : setting timeout flag ******
arg= 2----------on locale 0
(COMM_LAYER) 0 In AM_timeout : setting timeout flag ******
arg= 3----------on locale 0
PROGRAM END ============================= 

--------------(SIGUSR2_handler) 3 RECEIVED SIGNAL SIGUSR2 - setting amIalive var 
--------------(SIGUSR2_handler) 2 RECEIVED SIGNAL SIGUSR2 - setting amIalive var 
--------------(SIGUSR2_handler) 1 RECEIVED SIGNAL SIGUSR2 - setting amIalive var 
(COMM LAYER) 0 :: FAILED NODES=========================-- 
-- ID: 0  -- ALIVE 0 -- 
-- ID: 1  -- ALIVE 1 -- 
-- ID: 2  -- ALIVE 1 -- 
-- ID: 3  -- ALIVE 1 -- 
---(PID) NODE 1 PID 8004 
---(PID) NODE 2 PID 7820 
---(PID) NODE 3 PID 31466 
---(PID) NODE 0 PID 16203 
MasterLocale: bwlf32   

(COMM_LAYER) 0 In AM_timeout : setting timeout flag ******
arg= 1----------on locale 0
(COMM_LAYER) 0 In AM_timeout : setting timeout flag ******
arg= 2----------on locale 0
(COMM_LAYER) 0 In AM_timeout : setting timeout flag ******
arg= 3----------on locale 0
PROGRAM END ============================= 

(COMM LAYER) 0 :: FAILED NODES=========================-- 
-- ID: 0  -- ALIVE 0 -- 
-- ID: 1  -- ALIVE 1 -- 
-- ID: 2  -- ALIVE 1 -- 
-- ID: 3  -- ALIVE 1 -- 
--------------(SIGUSR2_handler) 1 RECEIVED SIGNAL SIGUSR2 - setting amIalive var 
--------------(SIGUSR2_handler) 2 RECEIVED SIGNAL SIGUSR2 - setting amIalive var 
--------------(SIGUSR2_handler) 3 RECEIVED SIGNAL SIGUSR2 - setting amIalive var 
---(PID) NODE 2 PID 8038 
---(PID) NODE 1 PID 7854 
---(PID) NODE 3 PID 31500 
---(PID) NODE 0 PID 16238 
MasterLocale: bwlf32   

(COMM_LAYER) 0 In AM_timeout : setting timeout flag ******
arg= 1----------on locale 0
(COMM_LAYER) 0 In AM_timeout : setting timeout flag ******
arg= 2----------on locale 0
(COMM_LAYER) 0 In AM_timeout : setting timeout flag ******
arg= 3----------on locale 0
PROGRAM END ============================= 

--------------(SIGUSR2_handler) 3 RECEIVED SIGNAL SIGUSR2 - setting amIalive var 
--------------(SIGUSR2_handler) 1 RECEIVED SIGNAL SIGUSR2 - setting amIalive var 
--------------(SIGUSR2_handler) 2 RECEIVED SIGNAL SIGUSR2 - setting amIalive var 
(COMM LAYER) 0 :: FAILED NODES=========================-- 
-- ID: 0  -- ALIVE 0 -- 
-- ID: 1  -- ALIVE 1 -- 
-- ID: 2  -- ALIVE 1 -- 
-- ID: 3  -- ALIVE 1 -- 
---(PID) NODE 2 PID 7887 
---(PID) NODE 1 PID 8072 
---(PID) NODE 3 PID 31534 
---(PID) NODE 0 PID 16274 
MasterLocale: bwlf32   

(COMM_LAYER) 0 In AM_timeout : setting timeout flag ******
arg= 1----------on locale 0
(COMM_LAYER) 0 In AM_timeout : setting timeout flag ******
arg= 2----------on locale 0
(COMM_LAYER) 0 In AM_timeout : setting timeout flag ******
arg= 3----------on locale 0
PROGRAM END ============================= 

--------------(SIGUSR2_handler) 3 RECEIVED SIGNAL SIGUSR2 - setting amIalive var 
--------------(SIGUSR2_handler) 1 RECEIVED SIGNAL SIGUSR2 - setting amIalive var 
--------------(SIGUSR2_handler) 2 RECEIVED SIGNAL SIGUSR2 - setting amIalive var 
(COMM LAYER) 0 :: FAILED NODES=========================-- 
-- ID: 0  -- ALIVE 0 -- 
-- ID: 1  -- ALIVE 1 -- 
-- ID: 2  -- ALIVE 1 -- 
-- ID: 3  -- ALIVE 1 -- 
---(PID) NODE 1 PID 8106 
---(PID) NODE 2 PID 31568 
---(PID) NODE 3 PID 7923 
---(PID) NODE 0 PID 16310 
MasterLocale: bwlf32   

(COMM_LAYER) 0 In AM_timeout : setting timeout flag ******
arg= 1----------on locale 0
(COMM_LAYER) 0 In AM_timeout : setting timeout flag ******
arg= 2----------on locale 0
(COMM_LAYER) 0 In AM_timeout : setting timeout flag ******
arg= 3----------on locale 0
PROGRAM END ============================= 

--------------(SIGUSR2_handler) 3 RECEIVED SIGNAL SIGUSR2 - setting amIalive var 
--------------(SIGUSR2_handler) 2 RECEIVED SIGNAL SIGUSR2 - setting amIalive var 
--------------(SIGUSR2_handler) 1 RECEIVED SIGNAL SIGUSR2 - setting amIalive var 
(COMM LAYER) 0 :: FAILED NODES=========================-- 
-- ID: 0  -- ALIVE 0 -- 
-- ID: 1  -- ALIVE 1 -- 
-- ID: 2  -- ALIVE 1 -- 
-- ID: 3  -- ALIVE 1 -- 
---(PID) NODE 1 PID 7957 
---(PID) NODE 2 PID 8141 
---(PID) NODE 3 PID 31602 
---(PID) NODE 0 PID 16344 
MasterLocale: bwlf32   

(COMM_LAYER) 0 In AM_timeout : setting timeout flag ******
arg= 1----------on locale 0
(COMM_LAYER) 0 In AM_timeout : setting timeout flag ******
arg= 2----------on locale 0
(COMM_LAYER) 0 In AM_timeout : setting timeout flag ******
arg= 3----------on locale 0
PROGRAM END ============================= 

--------------(SIGUSR2_handler) 1 RECEIVED SIGNAL SIGUSR2 - setting amIalive var 
--------------(SIGUSR2_handler) 2 RECEIVED SIGNAL SIGUSR2 - setting amIalive var 
(COMM LAYER) 0 :: FAILED NODES=========================-- 
-- ID: 0  -- ALIVE 0 -- 
-- ID: 1  -- ALIVE 1 -- 
-- ID: 2  -- ALIVE 1 -- 
-- ID: 3  -- ALIVE 1 -- 
--------------(SIGUSR2_handler) 3 RECEIVED SIGNAL SIGUSR2 - setting amIalive var 
---(PID) NODE 1 PID 16380 
---(PID) NODE 2 PID 31638 
---(PID) NODE 3 PID 8176 
---(PID) NODE 0 PID 7990 
MasterLocale: bwlf31   

(COMM_LAYER) 0 In AM_timeout : setting timeout flag ******
arg= 1----------on locale 0
(COMM_LAYER) 0 In AM_timeout : setting timeout flag ******
arg= 2----------on locale 0
(COMM_LAYER) 0 In AM_timeout : setting timeout flag ******
arg= 3----------on locale 0
PROGRAM END ============================= 

--------------(SIGUSR2_handler) 2 RECEIVED SIGNAL SIGUSR2 - setting amIalive var 
--------------(SIGUSR2_handler) 3 RECEIVED SIGNAL SIGUSR2 - setting amIalive var 
--------------(SIGUSR2_handler) 1 RECEIVED SIGNAL SIGUSR2 - setting amIalive var 
(COMM LAYER) 0 :: FAILED NODES=========================-- 
-- ID: 0  -- ALIVE 0 -- 
-- ID: 1  -- ALIVE 1 -- 
-- ID: 2  -- ALIVE 1 -- 
-- ID: 3  -- ALIVE 1 -- 
---(PID) NODE 1 PID 8026 
---(PID) NODE 2 PID 8208 
---(PID) NODE 3 PID 31670 
---(PID) NODE 0 PID 16414 
MasterLocale: bwlf32   

(COMM_LAYER) 0 In AM_timeout : setting timeout flag ******
arg= 1----------on locale 0
(COMM_LAYER) 0 In AM_timeout : setting timeout flag ******
arg= 2----------on locale 0
(COMM_LAYER) 0 In AM_timeout : setting timeout flag ******
arg= 3----------on locale 0
PROGRAM END ============================= 

--------------(SIGUSR2_handler) 1 RECEIVED SIGNAL SIGUSR2 - setting amIalive var 
--------------(SIGUSR2_handler) 2 RECEIVED SIGNAL SIGUSR2 - setting amIalive var 
--------------(SIGUSR2_handler) 3 RECEIVED SIGNAL SIGUSR2 - setting amIalive var 
(COMM LAYER) 0 :: FAILED NODES=========================-- 
-- ID: 0  -- ALIVE 0 -- 
-- ID: 1  -- ALIVE 1 -- 
-- ID: 2  -- ALIVE 1 -- 
-- ID: 3  -- ALIVE 1 -- 
---(PID) NODE 1 PID 8060 
---(PID) NODE 3 PID 31705 
---(PID) NODE 2 PID 8243 
---(PID) NODE 0 PID 16449 
MasterLocale: bwlf32   

(COMM_LAYER) 0 In AM_timeout : setting timeout flag ******
arg= 1----------on locale 0
(COMM_LAYER) 0 In AM_timeout : setting timeout flag ******
arg= 2----------on locale 0
(COMM_LAYER) 0 In AM_timeout : setting timeout flag ******
arg= 3----------on locale 0
PROGRAM END ============================= 

--------------(SIGUSR2_handler) 1 RECEIVED SIGNAL SIGUSR2 - setting amIalive var 
--------------(SIGUSR2_handler) 3 RECEIVED SIGNAL SIGUSR2 - setting amIalive var 
--------------(SIGUSR2_handler) 2 RECEIVED SIGNAL SIGUSR2 - setting amIalive var 
(COMM LAYER) 0 :: FAILED NODES=========================-- 
-- ID: 0  -- ALIVE 0 -- 
-- ID: 1  -- ALIVE 1 -- 
-- ID: 2  -- ALIVE 1 -- 
-- ID: 3  -- ALIVE 1 -- 
---(PID) NODE 2 PID 8278 
---(PID) NODE 1 PID 8094 
---(PID) NODE 3 PID 31740 
---(PID) NODE 0 PID 16484 
MasterLocale: bwlf32   

(COMM_LAYER) 0 In AM_timeout : setting timeout flag ******
arg= 1----------on locale 0
(COMM_LAYER) 0 In AM_timeout : setting timeout flag ******
arg= 2----------on locale 0
(COMM_LAYER) 0 In AM_timeout : setting timeout flag ******
arg= 3----------on locale 0
PROGRAM END ============================= 

--------------(SIGUSR2_handler) 2 RECEIVED SIGNAL SIGUSR2 - setting amIalive var 
--------------(SIGUSR2_handler) 3 RECEIVED SIGNAL SIGUSR2 - setting amIalive var 
--------------(SIGUSR2_handler) 1 RECEIVED SIGNAL SIGUSR2 - setting amIalive var 
(COMM LAYER) 0 :: FAILED NODES=========================-- 
-- ID: 0  -- ALIVE 0 -- 
-- ID: 1  -- ALIVE 1 -- 
-- ID: 2  -- ALIVE 1 -- 
-- ID: 3  -- ALIVE 1 -- 
---(PID) NODE 1 PID 8312 
---(PID) NODE 2 PID 8129 
---(PID) NODE 3 PID 31774 
---(PID) NODE 0 PID 16519 
MasterLocale: bwlf32   

(COMM_LAYER) 0 In AM_timeout : setting timeout flag ******
arg= 1----------on locale 0
(COMM_LAYER) 0 In AM_timeout : setting timeout flag ******
arg= 2----------on locale 0
(COMM_LAYER) 0 In AM_timeout : setting timeout flag ******
arg= 3----------on locale 0
PROGRAM END ============================= 

--------------(SIGUSR2_handler) 1 RECEIVED SIGNAL SIGUSR2 - setting amIalive var 
--------------(SIGUSR2_handler) 2 RECEIVED SIGNAL SIGUSR2 - setting amIalive var 
(COMM LAYER) 0 :: FAILED NODES=========================-- 
-- ID: 0  -- ALIVE 0 -- 
-- ID: 1  -- ALIVE 1 -- 
-- ID: 2  -- ALIVE 1 -- 
-- ID: 3  -- ALIVE 1 -- 
--------------(SIGUSR2_handler) 3 RECEIVED SIGNAL SIGUSR2 - setting amIalive var 
---(PID) NODE 2 PID 31807 
---(PID) NODE 1 PID 8162 
---(PID) NODE 3 PID 8345 
---(PID) NODE 0 PID 16555 
MasterLocale: bwlf32   

(COMM_LAYER) 0 In AM_timeout : setting timeout flag ******
arg= 1----------on locale 0
(COMM_LAYER) 0 In AM_timeout : setting timeout flag ******
arg= 2----------on locale 0
(COMM_LAYER) 0 In AM_timeout : setting timeout flag ******
arg= 3----------on locale 0
PROGRAM END ============================= 

--------------(SIGUSR2_handler) 2 RECEIVED SIGNAL SIGUSR2 - setting amIalive var 
--------------(SIGUSR2_handler) 1 RECEIVED SIGNAL SIGUSR2 - setting amIalive var 
(COMM LAYER) 0 :: FAILED NODES=========================-- 
-- ID: 0  -- ALIVE 0 -- 
-- ID: 1  -- ALIVE 1 -- 
-- ID: 2  -- ALIVE 1 -- 
-- ID: 3  -- ALIVE 1 -- 
--------------(SIGUSR2_handler) 3 RECEIVED SIGNAL SIGUSR2 - setting amIalive var 
---(PID) NODE 2 PID 8382 
---(PID) NODE 1 PID 8200 
---(PID) NODE 3 PID 31844 
---(PID) NODE 0 PID 16592 
MasterLocale: bwlf32   

(COMM_LAYER) 0 In AM_timeout : setting timeout flag ******
arg= 1----------on locale 0
(COMM_LAYER) 0 In AM_timeout : setting timeout flag ******
arg= 2----------on locale 0
(COMM_LAYER) 0 In AM_timeout : setting timeout flag ******
arg= 3----------on locale 0
PROGRAM END ============================= 

(COMM LAYER) 0 :: FAILED NODES=========================-- 
-- ID: 0  -- ALIVE 0 -- 
-- ID: 1  -- ALIVE 1 -- 
-- ID: 2  -- ALIVE 1 -- 
-- ID: 3  -- ALIVE 1 -- 
--------------(SIGUSR2_handler) 3 RECEIVED SIGNAL SIGUSR2 - setting amIalive var 
--------------(SIGUSR2_handler) 2 RECEIVED SIGNAL SIGUSR2 - setting amIalive var 
--------------(SIGUSR2_handler) 1 RECEIVED SIGNAL SIGUSR2 - setting amIalive var 
---(PID) NODE 2 PID 8416 
---(PID) NODE 1 PID 8233 
---(PID) NODE 3 PID 31878 
---(PID) NODE 0 PID 16627 
MasterLocale: bwlf32   

(COMM_LAYER) 0 In AM_timeout : setting timeout flag ******
arg= 1----------on locale 0
(COMM_LAYER) 0 In AM_timeout : setting timeout flag ******
arg= 2----------on locale 0
(COMM_LAYER) 0 In AM_timeout : setting timeout flag ******
arg= 3----------on locale 0
PROGRAM END ============================= 

--------------(SIGUSR2_handler) 3 RECEIVED SIGNAL SIGUSR2 - setting amIalive var 
(COMM LAYER) 0 :: FAILED NODES=========================-- 
-- ID: 0  -- ALIVE 0 -- 
-- ID: 1  -- ALIVE 1 -- 
-- ID: 2  -- ALIVE 1 -- 
-- ID: 3  -- ALIVE 1 -- 
--------------(SIGUSR2_handler) 1 RECEIVED SIGNAL SIGUSR2 - setting amIalive var 
--------------(SIGUSR2_handler) 2 RECEIVED SIGNAL SIGUSR2 - setting amIalive var 
---(PID) NODE 1 PID 16663 
---(PID) NODE 2 PID 8452 
---(PID) NODE 3 PID 31912 
---(PID) NODE 0 PID 8266 
MasterLocale: bwlf31   

(COMM_LAYER) 0 In AM_timeout : setting timeout flag ******
arg= 1----------on locale 0
(COMM_LAYER) 0 In AM_timeout : setting timeout flag ******
arg= 2----------on locale 0
(COMM_LAYER) 0 In AM_timeout : setting timeout flag ******
arg= 3----------on locale 0
PROGRAM END ============================= 

--------------(SIGUSR2_handler) 3 RECEIVED SIGNAL SIGUSR2 - setting amIalive var 
--------------(SIGUSR2_handler) 1 RECEIVED SIGNAL SIGUSR2 - setting amIalive var 
(COMM LAYER) 0 :: FAILED NODES=========================-- 
-- ID: 0  -- ALIVE 0 -- 
-- ID: 1  -- ALIVE 1 -- 
-- ID: 2  -- ALIVE 1 -- 
-- ID: 3  -- ALIVE 1 -- 
--------------(SIGUSR2_handler) 2 RECEIVED SIGNAL SIGUSR2 - setting amIalive var 
---(PID) NODE 1 PID 16701 
---(PID) NODE 2 PID 31950 
---(PID) NODE 3 PID 8488 
---(PID) NODE 0 PID 8307 
MasterLocale: bwlf31   

(COMM_LAYER) 0 In AM_timeout : setting timeout flag ******
arg= 1----------on locale 0
(COMM_LAYER) 0 In AM_timeout : setting timeout flag ******
arg= 2----------on locale 0
(COMM_LAYER) 0 In AM_timeout : setting timeout flag ******
arg= 3----------on locale 0
PROGRAM END ============================= 

--------------(SIGUSR2_handler) 1 RECEIVED SIGNAL SIGUSR2 - setting amIalive var 
(COMM LAYER) 0 :: FAILED NODES=========================-- 
-- ID: 0  -- ALIVE 0 -- 
-- ID: 1  -- ALIVE 1 -- 
-- ID: 2  -- ALIVE 1 -- 
-- ID: 3  -- ALIVE 1 -- 
--------------(SIGUSR2_handler) 2 RECEIVED SIGNAL SIGUSR2 - setting amIalive var 
--------------(SIGUSR2_handler) 3 RECEIVED SIGNAL SIGUSR2 - setting amIalive var 
---(PID) NODE 2 PID 8342 
---(PID) NODE 3 PID 31984 
---(PID) NODE 1 PID 8523 
---(PID) NODE 0 PID 16735 
MasterLocale: bwlf32   

(COMM_LAYER) 0 In AM_timeout : setting timeout flag ******
arg= 1----------on locale 0
(COMM_LAYER) 0 In AM_timeout : setting timeout flag ******
arg= 2----------on locale 0
(COMM_LAYER) 0 In AM_timeout : setting timeout flag ******
arg= 3----------on locale 0
PROGRAM END ============================= 

--------------(SIGUSR2_handler) 2 RECEIVED SIGNAL SIGUSR2 - setting amIalive var 
--------------(SIGUSR2_handler) 3 RECEIVED SIGNAL SIGUSR2 - setting amIalive var 
--------------(SIGUSR2_handler) 1 RECEIVED SIGNAL SIGUSR2 - setting amIalive var 
(COMM LAYER) 0 :: FAILED NODES=========================-- 
-- ID: 0  -- ALIVE 0 -- 
-- ID: 1  -- ALIVE 1 -- 
-- ID: 2  -- ALIVE 1 -- 
-- ID: 3  -- ALIVE 1 -- 
---(PID) NODE 2 PID 32020 
---(PID) NODE 3 PID 8558 
---(PID) NODE 1 PID 8375 
---(PID) NODE 0 PID 16770 
MasterLocale: bwlf32   

(COMM_LAYER) 0 In AM_timeout : setting timeout flag ******
arg= 1----------on locale 0
(COMM_LAYER) 0 In AM_timeout : setting timeout flag ******
arg= 2----------on locale 0
(COMM_LAYER) 0 In AM_timeout : setting timeout flag ******
arg= 3----------on locale 0
PROGRAM END ============================= 

--------------(SIGUSR2_handler) 1 RECEIVED SIGNAL SIGUSR2 - setting amIalive var 
--------------(SIGUSR2_handler) 2 RECEIVED SIGNAL SIGUSR2 - setting amIalive var 
--------------(SIGUSR2_handler) 3 RECEIVED SIGNAL SIGUSR2 - setting amIalive var 
(COMM LAYER) 0 :: FAILED NODES=========================-- 
-- ID: 0  -- ALIVE 0 -- 
-- ID: 1  -- ALIVE 1 -- 
-- ID: 2  -- ALIVE 1 -- 
-- ID: 3  -- ALIVE 1 -- 
---(PID) NODE 1 PID 16833 
---(PID) NODE 2 PID 8621 
---(PID) NODE 3 PID 32082 
---(PID) NODE 0 PID 8438 
MasterLocale: bwlf31   

(COMM_LAYER) 0 In AM_timeout : setting timeout flag ******
arg= 1----------on locale 0
(COMM_LAYER) 0 In AM_timeout : setting timeout flag ******
arg= 2----------on locale 0
(COMM_LAYER) 0 In AM_timeout : setting timeout flag ******
arg= 3----------on locale 0
PROGRAM END ============================= 

--------------(SIGUSR2_handler) 3 RECEIVED SIGNAL SIGUSR2 - setting amIalive var 
--------------(SIGUSR2_handler) 1 RECEIVED SIGNAL SIGUSR2 - setting amIalive var 
(COMM LAYER) 0 :: FAILED NODES=========================-- 
-- ID: 0  -- ALIVE 0 -- 
-- ID: 1  -- ALIVE 1 -- 
-- ID: 2  -- ALIVE 1 -- 
-- ID: 3  -- ALIVE 1 -- 
--------------(SIGUSR2_handler) 2 RECEIVED SIGNAL SIGUSR2 - setting amIalive var 
---(PID) NODE 3 PID 32117 
---(PID) NODE 1 PID 8655 
---(PID) NODE 2 PID 8473 
---(PID) NODE 0 PID 16868 
MasterLocale: bwlf32   

(COMM_LAYER) 0 In AM_timeout : setting timeout flag ******
arg= 1----------on locale 0
(COMM_LAYER) 0 In AM_timeout : setting timeout flag ******
arg= 2----------on locale 0
(COMM_LAYER) 0 In AM_timeout : setting timeout flag ******
arg= 3----------on locale 0
PROGRAM END ============================= 

--------------(SIGUSR2_handler) 3 RECEIVED SIGNAL SIGUSR2 - setting amIalive var 
--------------(SIGUSR2_handler) 2 RECEIVED SIGNAL SIGUSR2 - setting amIalive var 
--------------(SIGUSR2_handler) 1 RECEIVED SIGNAL SIGUSR2 - setting amIalive var 
(COMM LAYER) 0 :: FAILED NODES=========================-- 
-- ID: 0  -- ALIVE 0 -- 
-- ID: 1  -- ALIVE 1 -- 
-- ID: 2  -- ALIVE 1 -- 
-- ID: 3  -- ALIVE 1 -- 
