---(PID) NODE 1 PID 17279 
---(PID) NODE 2 PID 22510 
---(PID) NODE 0 PID 17827 
MasterLocale: bwlf03   

 pi = 3.14173 ----------on locale 0
 pi = 3.14173 ----------on locale 0
--------------(SIGUSR2_handler) 1 RECEIVED SIGNAL SIGUSR2 - setting amIalive var 
(COMM LAYER) 0 :: FAILED NODES=========================-- 
-- ID: 0  -- ALIVE 0 -- 
-- ID: 1  -- ALIVE 1 -- 
-- ID: 2  -- ALIVE 1 -- 
--------------(SIGUSR2_handler) 2 RECEIVED SIGNAL SIGUSR2 - setting amIalive var 
---(PID) NODE 2 PID 17867 
---(PID) NODE 1 PID 17328 
---(PID) NODE 0 PID 22558 
MasterLocale: bwlf32   

 pi = 3.14173 ----------on locale 0
 pi = 3.14173 ----------on locale 0
--------------(SIGUSR2_handler) 2 RECEIVED SIGNAL SIGUSR2 - setting amIalive var 
--------------(SIGUSR2_handler) 1 RECEIVED SIGNAL SIGUSR2 - setting amIalive var 
(COMM LAYER) 0 :: FAILED NODES=========================-- 
-- ID: 0  -- ALIVE 0 -- 
-- ID: 1  -- ALIVE 1 -- 
-- ID: 2  -- ALIVE 1 -- 
---(PID) NODE 1 PID 22616 
---(PID) NODE 2 PID 17377 
---(PID) NODE 0 PID 17907 
MasterLocale: bwlf03   

 pi = 3.14173 ----------on locale 0
 pi = 3.14173 ----------on locale 0
--------------(SIGUSR2_handler) 1 RECEIVED SIGNAL SIGUSR2 - setting amIalive var 
--------------(SIGUSR2_handler) 2 RECEIVED SIGNAL SIGUSR2 - setting amIalive var 
(COMM LAYER) 0 :: FAILED NODES=========================-- 
-- ID: 0  -- ALIVE 0 -- 
-- ID: 1  -- ALIVE 1 -- 
-- ID: 2  -- ALIVE 1 -- 
---(PID) NODE 1 PID 17433 
---(PID) NODE 2 PID 22667 
---(PID) NODE 0 PID 17964 
MasterLocale: bwlf03   

 pi = 3.14173 ----------on locale 0
 pi = 3.14173 ----------on locale 0
(COMM LAYER) 0 :: FAILED NODES=========================-- 
-- ID: 0  -- ALIVE 0 -- 
-- ID: 1  -- ALIVE 1 -- 
-- ID: 2  -- ALIVE 1 -- 
--------------(SIGUSR2_handler) 1 RECEIVED SIGNAL SIGUSR2 - setting amIalive var 
--------------(SIGUSR2_handler) 2 RECEIVED SIGNAL SIGUSR2 - setting amIalive var 
---(PID) NODE 2 PID 18004 
---(PID) NODE 1 PID 17480 
---(PID) NODE 0 PID 22714 
MasterLocale: bwlf32   

 pi = 3.14173 ----------on locale 0
 pi = 3.14173 ----------on locale 0
--------------(SIGUSR2_handler) 2 RECEIVED SIGNAL SIGUSR2 - setting amIalive var 
(COMM LAYER) 0 :: FAILED NODES=========================-- 
-- ID: 0  -- ALIVE 0 -- 
-- ID: 1  -- ALIVE 1 -- 
-- ID: 2  -- ALIVE 1 -- 
--------------(SIGUSR2_handler) 1 RECEIVED SIGNAL SIGUSR2 - setting amIalive var 
---(PID) NODE 2 PID 18042 
---(PID) NODE 1 PID 17532 
---(PID) NODE 0 PID 22762 
MasterLocale: bwlf32   

 pi = 3.14173 ----------on locale 0
 pi = 3.14173 ----------on locale 0
--------------(SIGUSR2_handler) 2 RECEIVED SIGNAL SIGUSR2 - setting amIalive var 
--------------(SIGUSR2_handler) 1 RECEIVED SIGNAL SIGUSR2 - setting amIalive var 
(COMM LAYER) 0 :: FAILED NODES=========================-- 
-- ID: 0  -- ALIVE 0 -- 
-- ID: 1  -- ALIVE 1 -- 
-- ID: 2  -- ALIVE 1 -- 
---(PID) NODE 1 PID 18080 
---(PID) NODE 2 PID 22809 
---(PID) NODE 0 PID 17578 
MasterLocale: bwlf31   

 pi = 3.14173 ----------on locale 0
 pi = 3.14173 ----------on locale 0
--------------(SIGUSR2_handler) 2 RECEIVED SIGNAL SIGUSR2 - setting amIalive var 
--------------(SIGUSR2_handler) 1 RECEIVED SIGNAL SIGUSR2 - setting amIalive var 
(COMM LAYER) 0 :: FAILED NODES=========================-- 
-- ID: 0  -- ALIVE 0 -- 
-- ID: 1  -- ALIVE 1 -- 
-- ID: 2  -- ALIVE 1 -- 
---(PID) NODE 1 PID 18127 
---(PID) NODE 2 PID 17627 
---(PID) NODE 0 PID 22856 
MasterLocale: bwlf32   

 pi = 3.14173 ----------on locale 0
 pi = 3.14173 ----------on locale 0
--------------(SIGUSR2_handler) 2 RECEIVED SIGNAL SIGUSR2 - setting amIalive var 
(COMM LAYER) 0 :: FAILED NODES=========================-- 
-- ID: 0  -- ALIVE 0 -- 
-- ID: 1  -- ALIVE 1 -- 
-- ID: 2  -- ALIVE 1 -- 
--------------(SIGUSR2_handler) 1 RECEIVED SIGNAL SIGUSR2 - setting amIalive var 
bash: line 1: 17680 User defined signal 2   './simpleons_real' '__AMUDP_SLAVE_PROCESS__' 'amaterasu:40329' '-nl' '3'
bash: line 1: 22909 User defined signal 2   './simpleons_real' '__AMUDP_SLAVE_PROCESS__' 'amaterasu:40329' '-nl' '3'
bash: line 1: 18171 User defined signal 2   './simpleons_real' '__AMUDP_SLAVE_PROCESS__' 'amaterasu:40329' '-nl' '3'
---(PID) NODE 1 PID 18197 
---(PID) NODE 2 PID 22934 
---(PID) NODE 0 PID 17705 
MasterLocale: bwlf31   

 pi = 3.14173 ----------on locale 0
 pi = 3.14173 ----------on locale 0
(COMM LAYER) 0 :: FAILED NODES=========================-- 
-- ID: 0  -- ALIVE 0 -- 
-- ID: 1  -- ALIVE 1 -- 
-- ID: 2  -- ALIVE 1 -- 
--------------(SIGUSR2_handler) 1 RECEIVED SIGNAL SIGUSR2 - setting amIalive var 
--------------(SIGUSR2_handler) 2 RECEIVED SIGNAL SIGUSR2 - setting amIalive var 
---(PID) NODE 2 PID 22980 
---(PID) NODE 1 PID 18236 
---(PID) NODE 0 PID 17755 
MasterLocale: bwlf31   

 pi = 3.14173 ----------on locale 0
 pi = 3.14173 ----------on locale 0
(COMM LAYER) 0 :: FAILED NODES=========================-- 
-- ID: 0  -- ALIVE 0 -- 
-- ID: 1  -- ALIVE 1 -- 
-- ID: 2  -- ALIVE 1 -- 
--------------(SIGUSR2_handler) 1 RECEIVED SIGNAL SIGUSR2 - setting amIalive var 
--------------(SIGUSR2_handler) 2 RECEIVED SIGNAL SIGUSR2 - setting amIalive var 
---(PID) NODE 1 PID 17801 
---(PID) NODE 2 PID 23037 
---(PID) NODE 0 PID 18288 
MasterLocale: bwlf03   

 pi = 3.14173 ----------on locale 0
 pi = 3.14173 ----------on locale 0
--------------(SIGUSR2_handler) 1 RECEIVED SIGNAL SIGUSR2 - setting amIalive var 
--------------(SIGUSR2_handler) 2 RECEIVED SIGNAL SIGUSR2 - setting amIalive var 
(COMM LAYER) 0 :: FAILED NODES=========================-- 
-- ID: 0  -- ALIVE 0 -- 
-- ID: 1  -- ALIVE 1 -- 
-- ID: 2  -- ALIVE 1 -- 
---(PID) NODE 2 PID 17854 
---(PID) NODE 1 PID 23085 
---(PID) NODE 0 PID 18326 
MasterLocale: bwlf03   

 pi = 3.14173 ----------on locale 0
 pi = 3.14173 ----------on locale 0
--------------(SIGUSR2_handler) 2 RECEIVED SIGNAL SIGUSR2 - setting amIalive var 
--------------(SIGUSR2_handler) 1 RECEIVED SIGNAL SIGUSR2 - setting amIalive var 
(COMM LAYER) 0 :: FAILED NODES=========================-- 
-- ID: 0  -- ALIVE 0 -- 
-- ID: 1  -- ALIVE 1 -- 
-- ID: 2  -- ALIVE 1 -- 
---(PID) NODE 2 PID 18375 
---(PID) NODE 1 PID 17910 
---(PID) NODE 0 PID 23132 
MasterLocale: bwlf32   

 pi = 3.14173 ----------on locale 0
 pi = 3.14173 ----------on locale 0
(COMM LAYER) 0 :: FAILED NODES=========================-- 
-- ID: 0  -- ALIVE 0 -- 
-- ID: 1  -- ALIVE 1 -- 
-- ID: 2  -- ALIVE 1 -- 
--------------(SIGUSR2_handler) 2 RECEIVED SIGNAL SIGUSR2 - setting amIalive var 
--------------(SIGUSR2_handler) 1 RECEIVED SIGNAL SIGUSR2 - setting amIalive var 
---(PID) NODE 1 PID 18411 
---(PID) NODE 2 PID 23178 
---(PID) NODE 0 PID 17951 
MasterLocale: bwlf31   

 pi = 3.14173 ----------on locale 0
 pi = 3.14173 ----------on locale 0
--------------(SIGUSR2_handler) 2 RECEIVED SIGNAL SIGUSR2 - setting amIalive var 
--------------(SIGUSR2_handler) 1 RECEIVED SIGNAL SIGUSR2 - setting amIalive var 
(COMM LAYER) 0 :: FAILED NODES=========================-- 
-- ID: 0  -- ALIVE 0 -- 
-- ID: 1  -- ALIVE 1 -- 
-- ID: 2  -- ALIVE 1 -- 
---(PID) NODE 2 PID 23232 
---(PID) NODE 1 PID 18455 
---(PID) NODE 0 PID 18003 
MasterLocale: bwlf31   

 pi = 3.14173 ----------on locale 0
 pi = 3.14173 ----------on locale 0
--------------(SIGUSR2_handler) 1 RECEIVED SIGNAL SIGUSR2 - setting amIalive var 
--------------(SIGUSR2_handler) 2 RECEIVED SIGNAL SIGUSR2 - setting amIalive var 
(COMM LAYER) 0 :: FAILED NODES=========================-- 
-- ID: 0  -- ALIVE 0 -- 
-- ID: 1  -- ALIVE 1 -- 
-- ID: 2  -- ALIVE 1 -- 
---(PID) NODE 2 PID 18054 
---(PID) NODE 1 PID 18502 
---(PID) NODE 0 PID 23278 
MasterLocale: bwlf32   

 pi = 3.14173 ----------on locale 0
 pi = 3.14173 ----------on locale 0
--------------(SIGUSR2_handler) 1 RECEIVED SIGNAL SIGUSR2 - setting amIalive var 
--------------(SIGUSR2_handler) 2 RECEIVED SIGNAL SIGUSR2 - setting amIalive var 
(COMM LAYER) 0 :: FAILED NODES=========================-- 
-- ID: 0  -- ALIVE 0 -- 
-- ID: 1  -- ALIVE 1 -- 
-- ID: 2  -- ALIVE 1 -- 
---(PID) NODE 2 PID 18100 
---(PID) NODE 1 PID 18540 
---(PID) NODE 0 PID 23325 
MasterLocale: bwlf32   

 pi = 3.14173 ----------on locale 0
 pi = 3.14173 ----------on locale 0
--------------(SIGUSR2_handler) 1 RECEIVED SIGNAL SIGUSR2 - setting amIalive var 
--------------(SIGUSR2_handler) 2 RECEIVED SIGNAL SIGUSR2 - setting amIalive var 
(COMM LAYER) 0 :: FAILED NODES=========================-- 
-- ID: 0  -- ALIVE 0 -- 
-- ID: 1  -- ALIVE 1 -- 
-- ID: 2  -- ALIVE 1 -- 
---(PID) NODE 2 PID 18579 
---(PID) NODE 1 PID 18152 
---(PID) NODE 0 PID 23374 
MasterLocale: bwlf32   

 pi = 3.14173 ----------on locale 0
 pi = 3.14173 ----------on locale 0
--------------(SIGUSR2_handler) 2 RECEIVED SIGNAL SIGUSR2 - setting amIalive var 
--------------(SIGUSR2_handler) 1 RECEIVED SIGNAL SIGUSR2 - setting amIalive var 
(COMM LAYER) 0 :: FAILED NODES=========================-- 
-- ID: 0  -- ALIVE 0 -- 
-- ID: 1  -- ALIVE 1 -- 
-- ID: 2  -- ALIVE 1 -- 
---(PID) NODE 1 PID 18626 
---(PID) NODE 2 PID 18199 
---(PID) NODE 0 PID 23430 
MasterLocale: bwlf32   

 pi = 3.14173 ----------on locale 0
 pi = 3.14173 ----------on locale 0
(COMM LAYER) 0 :: FAILED NODES=========================-- 
-- ID: 0  -- ALIVE 0 -- 
-- ID: 1  -- ALIVE 1 -- 
-- ID: 2  -- ALIVE 1 -- 
--------------(SIGUSR2_handler) 2 RECEIVED SIGNAL SIGUSR2 - setting amIalive var 
--------------(SIGUSR2_handler) 1 RECEIVED SIGNAL SIGUSR2 - setting amIalive var 
