---(PID) NODE 1 PID 10967 
---(PID) NODE 2 PID 2201 
---(PID) NODE 0 PID 15193 
MasterLocale: bwlf32   

 pi = 3.14173 ----------on locale 0
 pi = 3.14173 ----------on locale 2
(COMM LAYER) 0 :: FAILED NODES=========================-- 
-- ID: 0  -- ALIVE 0 -- 
-- ID: 1  -- ALIVE 1 -- 
-- ID: 2  -- ALIVE 0 -- 
--------------(SIGUSR2_handler) 1 RECEIVED SIGNAL SIGUSR2 - setting amIalive var 
---(PID) NODE 2 PID 2259 
---(PID) NODE 1 PID 11034 
---(PID) NODE 0 PID 15270 
MasterLocale: bwlf32   

 pi = 3.14173 ----------on locale 0
 pi = 3.14173 ----------on locale 2
--------------(SIGUSR2_handler) 1 RECEIVED SIGNAL SIGUSR2 - setting amIalive var 
(COMM LAYER) 0 :: FAILED NODES=========================-- 
-- ID: 0  -- ALIVE 0 -- 
-- ID: 1  -- ALIVE 1 -- 
-- ID: 2  -- ALIVE 0 -- 
---(PID) NODE 1 PID 2298 
---(PID) NODE 2 PID 15320 
---(PID) NODE 0 PID 11084 
MasterLocale: bwlf31   

 pi = 3.14173 ----------on locale 1
 pi = 3.14173 ----------on locale 0
(COMM LAYER) 0 :: FAILED NODES=========================-- 
-- ID: 0  -- ALIVE 0 -- 
-- ID: 1  -- ALIVE 0 -- 
-- ID: 2  -- ALIVE 1 -- 
--------------(SIGUSR2_handler) 2 RECEIVED SIGNAL SIGUSR2 - setting amIalive var 
---(PID) NODE 2 PID 11134 
---(PID) NODE 1 PID 2337 
---(PID) NODE 0 PID 15376 
MasterLocale: bwlf32   

 pi = 3.14173 ----------on locale 1
 pi = 3.14173 ----------on locale 0
--------------(SIGUSR2_handler) 2 RECEIVED SIGNAL SIGUSR2 - setting amIalive var 
(COMM LAYER) 0 :: FAILED NODES=========================-- 
-- ID: 0  -- ALIVE 0 -- 
-- ID: 1  -- ALIVE 0 -- 
-- ID: 2  -- ALIVE 1 -- 
---(PID) NODE 2 PID 15418 
---(PID) NODE 1 PID 2380 
---(PID) NODE 0 PID 11185 
MasterLocale: bwlf31   

 pi = 3.14173 ----------on locale 1
 pi = 3.14173 ----------on locale 2
(COMM LAYER) 0 :: FAILED NODES=========================-- 
-- ID: 0  -- ALIVE 0 -- 
-- ID: 1  -- ALIVE 0 -- 
-- ID: 2  -- ALIVE 0 -- 
---(PID) NODE 1 PID 11239 
---(PID) NODE 2 PID 2425 
---(PID) NODE 0 PID 15466 
MasterLocale: bwlf32   

 pi = 3.14173 ----------on locale 0
 pi = 3.14173 ----------on locale 2
(COMM LAYER) 0 :: FAILED NODES=========================-- 
-- ID: 0  -- ALIVE 0 -- 
-- ID: 1  -- ALIVE 1 -- 
-- ID: 2  -- ALIVE 0 -- 
--------------(SIGUSR2_handler) 1 RECEIVED SIGNAL SIGUSR2 - setting amIalive var 
---(PID) NODE 1 PID 15514 
---(PID) NODE 2 PID 2467 
---(PID) NODE 0 PID 11295 
MasterLocale: bwlf31   

 pi = 3.14173 ----------on locale 0
 pi = 3.14173 ----------on locale 2
(COMM LAYER) 0 :: FAILED NODES=========================-- 
-- ID: 0  -- ALIVE 0 -- 
-- ID: 1  -- ALIVE 1 -- 
-- ID: 2  -- ALIVE 0 -- 
--------------(SIGUSR2_handler) 1 RECEIVED SIGNAL SIGUSR2 - setting amIalive var 
---(PID) NODE 2 PID 11346 
---(PID) NODE 1 PID 2504 
---(PID) NODE 0 PID 15561 
MasterLocale: bwlf32   

 pi = 3.14173 ----------on locale 1
 pi = 3.14173 ----------on locale 0
--------------(SIGUSR2_handler) 2 RECEIVED SIGNAL SIGUSR2 - setting amIalive var 
(COMM LAYER) 0 :: FAILED NODES=========================-- 
-- ID: 0  -- ALIVE 0 -- 
-- ID: 1  -- ALIVE 0 -- 
-- ID: 2  -- ALIVE 1 -- 
---(PID) NODE 2 PID 11395 
---(PID) NODE 1 PID 2549 
---(PID) NODE 0 PID 15620 
MasterLocale: bwlf32   

 pi = 3.14173 ----------on locale 1
 pi = 3.14173 ----------on locale 0
(COMM LAYER) 0 :: FAILED NODES=========================-- 
-- ID: 0  -- ALIVE 0 -- 
-- ID: 1  -- ALIVE 0 -- 
-- ID: 2  -- ALIVE 1 -- 
--------------(SIGUSR2_handler) 2 RECEIVED SIGNAL SIGUSR2 - setting amIalive var 
---(PID) NODE 2 PID 2592 
---(PID) NODE 1 PID 11450 
---(PID) NODE 0 PID 15663 
MasterLocale: bwlf32   

 pi = 3.14173 ----------on locale 0
 pi = 3.14173 ----------on locale 2
(COMM LAYER) 0 :: FAILED NODES=========================-- 
-- ID: 0  -- ALIVE 0 -- 
-- ID: 1  -- ALIVE 1 -- 
-- ID: 2  -- ALIVE 0 -- 
--------------(SIGUSR2_handler) 1 RECEIVED SIGNAL SIGUSR2 - setting amIalive var 
---(PID) NODE 1 PID 15720 
---(PID) NODE 2 PID 2631 
---(PID) NODE 0 PID 11497 
MasterLocale: bwlf31   

 pi = 3.14173 ----------on locale 1
 pi = 3.14173 ----------on locale 2
(COMM LAYER) 0 :: FAILED NODES=========================-- 
-- ID: 0  -- ALIVE 0 -- 
-- ID: 1  -- ALIVE 0 -- 
-- ID: 2  -- ALIVE 0 -- 
---(PID) NODE 1 PID 15759 
---(PID) NODE 2 PID 2672 
---(PID) NODE 0 PID 11552 
MasterLocale: bwlf31   

 pi = 3.14173 ----------on locale 0
 pi = 3.14173 ----------on locale 2
--------------(SIGUSR2_handler) 1 RECEIVED SIGNAL SIGUSR2 - setting amIalive var 
(COMM LAYER) 0 :: FAILED NODES=========================-- 
-- ID: 0  -- ALIVE 0 -- 
-- ID: 1  -- ALIVE 1 -- 
-- ID: 2  -- ALIVE 0 -- 
---(PID) NODE 2 PID 2719 
---(PID) NODE 1 PID 11599 
---(PID) NODE 0 PID 15807 
MasterLocale: bwlf32   

 pi = 3.14173 ----------on locale 0
 pi = 3.14173 ----------on locale 2
--------------(SIGUSR2_handler) 1 RECEIVED SIGNAL SIGUSR2 - setting amIalive var 
(COMM LAYER) 0 :: FAILED NODES=========================-- 
-- ID: 0  -- ALIVE 0 -- 
-- ID: 1  -- ALIVE 1 -- 
-- ID: 2  -- ALIVE 0 -- 
---(PID) NODE 2 PID 15891 
---(PID) NODE 1 PID 11678 
---(PID) NODE 0 PID 2785 
MasterLocale: bwlf03   

 pi = 3.14173 ----------on locale 0
 pi = 3.14173 ----------on locale 0
--------------(SIGUSR2_handler) 1 RECEIVED SIGNAL SIGUSR2 - setting amIalive var 
(COMM LAYER) 0 :: FAILED NODES=========================-- 
-- ID: 0  -- ALIVE 0 -- 
-- ID: 1  -- ALIVE 1 -- 
-- ID: 2  -- ALIVE 1 -- 
--------------(SIGUSR2_handler) 2 RECEIVED SIGNAL SIGUSR2 - setting amIalive var 
---(PID) NODE 2 PID 15945 
---(PID) NODE 1 PID 2832 
---(PID) NODE 0 PID 11730 
MasterLocale: bwlf31   

 pi = 3.14173 ----------on locale 1
 pi = 3.14173 ----------on locale 2
(COMM LAYER) 0 :: FAILED NODES=========================-- 
-- ID: 0  -- ALIVE 0 -- 
-- ID: 1  -- ALIVE 0 -- 
-- ID: 2  -- ALIVE 0 -- 
---(PID) NODE 2 PID 2886 
---(PID) NODE 1 PID 16008 
---(PID) NODE 0 PID 11810 
MasterLocale: bwlf31   

 pi = 3.14173 ----------on locale 1
 pi = 3.14173 ----------on locale 2
(COMM LAYER) 0 :: FAILED NODES=========================-- 
-- ID: 0  -- ALIVE 0 -- 
-- ID: 1  -- ALIVE 0 -- 
-- ID: 2  -- ALIVE 0 -- 
---(PID) NODE 2 PID 16046 
---(PID) NODE 1 PID 2927 
---(PID) NODE 0 PID 11858 
MasterLocale: bwlf31   

 pi = 3.14173 ----------on locale 1
 pi = 3.14173 ----------on locale 0
(COMM LAYER) 0 :: FAILED NODES=========================-- 
-- ID: 0  -- ALIVE 0 -- 
-- ID: 1  -- ALIVE 0 -- 
-- ID: 2  -- ALIVE 1 -- 
--------------(SIGUSR2_handler) 2 RECEIVED SIGNAL SIGUSR2 - setting amIalive var 
---(PID) NODE 1 PID 2966 
---(PID) NODE 2 PID 16094 
---(PID) NODE 0 PID 11912 
MasterLocale: bwlf31   

 pi = 3.14173 ----------on locale 1
 pi = 3.14173 ----------on locale 2
(COMM LAYER) 0 :: FAILED NODES=========================-- 
-- ID: 0  -- ALIVE 0 -- 
-- ID: 1  -- ALIVE 0 -- 
-- ID: 2  -- ALIVE 0 -- 
---(PID) NODE 2 PID 3006 
---(PID) NODE 1 PID 16142 
---(PID) NODE 0 PID 11961 
MasterLocale: bwlf31   

 pi = 3.14173 ----------on locale 0
 pi = 3.14173 ----------on locale 2
(COMM LAYER) 0 :: FAILED NODES=========================-- 
-- ID: 0  -- ALIVE 0 -- 
-- ID: 1  -- ALIVE 1 -- 
-- ID: 2  -- ALIVE 0 -- 
--------------(SIGUSR2_handler) 1 RECEIVED SIGNAL SIGUSR2 - setting amIalive var 
---(PID) NODE 1 PID 3043 
---(PID) NODE 2 PID 16187 
---(PID) NODE 0 PID 12012 
MasterLocale: bwlf31   

 pi = 3.14173 ----------on locale 1
 pi = 3.14173 ----------on locale 2
(COMM LAYER) 0 :: FAILED NODES=========================-- 
-- ID: 0  -- ALIVE 0 -- 
-- ID: 1  -- ALIVE 0 -- 
-- ID: 2  -- ALIVE 0 -- 
