---(PID) NODE 2 PID 15202 
---(PID) NODE 1 PID 26611 
---(PID) NODE 0 PID 19522 
MasterLocale: bwlf32   

 pi = 3.14173 ----------on locale 0
 pi = 3.14173 ----------on locale 0
(COMM LAYER) 0 :: FAILED NODES=========================-- 
-- ID: 0  -- ALIVE 0 -- 
-- ID: 1  -- ALIVE 1 -- 
-- ID: 2  -- ALIVE 1 -- 
---(PID) NODE 1 PID 26629 
---(PID) NODE 2 PID 15253 
---(PID) NODE 0 PID 19546 
MasterLocale: bwlf32   

 pi = 3.14173 ----------on locale 0
 pi = 3.14173 ----------on locale 0
(COMM LAYER) 0 :: FAILED NODES=========================-- 
-- ID: 0  -- ALIVE 0 -- 
-- ID: 1  -- ALIVE 1 -- 
-- ID: 2  -- ALIVE 1 -- 
---(PID) NODE 2 PID 15285 
---(PID) NODE 1 PID 26648 
---(PID) NODE 0 PID 19564 
MasterLocale: bwlf32   

 pi = 3.14173 ----------on locale 0
 pi = 3.14173 ----------on locale 0
(COMM LAYER) 0 :: FAILED NODES=========================-- 
-- ID: 0  -- ALIVE 0 -- 
-- ID: 1  -- ALIVE 1 -- 
-- ID: 2  -- ALIVE 1 -- 
---(PID) NODE 1 PID 19588 
---(PID) NODE 2 PID 26680 
---(PID) NODE 0 PID 15325 
MasterLocale: bwlf31   

 pi = 3.14173 ----------on locale 0
 pi = 3.14173 ----------on locale 0
(COMM LAYER) 0 :: FAILED NODES=========================-- 
-- ID: 0  -- ALIVE 0 -- 
-- ID: 1  -- ALIVE 1 -- 
-- ID: 2  -- ALIVE 1 -- 
---(PID) NODE 1 PID 19606 
---(PID) NODE 2 PID 26698 
---(PID) NODE 0 PID 15361 
MasterLocale: bwlf31   

 pi = 3.14173 ----------on locale 0
 pi = 3.14173 ----------on locale 0
(COMM LAYER) 0 :: FAILED NODES=========================-- 
-- ID: 0  -- ALIVE 0 -- 
-- ID: 1  -- ALIVE 1 -- 
-- ID: 2  -- ALIVE 1 -- 
---(PID) NODE 1 PID 15387 
---(PID) NODE 2 PID 26711 
---(PID) NODE 0 PID 19621 
MasterLocale: bwlf32   

 pi = 3.14173 ----------on locale 0
 pi = 3.14173 ----------on locale 0
(COMM LAYER) 0 :: FAILED NODES=========================-- 
-- ID: 0  -- ALIVE 0 -- 
-- ID: 1  -- ALIVE 1 -- 
-- ID: 2  -- ALIVE 1 -- 
---(PID) NODE 2 PID 15422 
---(PID) NODE 1 PID 26724 
---(PID) NODE 0 PID 19637 
MasterLocale: bwlf32   

 pi = 3.14173 ----------on locale 0
 pi = 3.14173 ----------on locale 0
(COMM LAYER) 0 :: FAILED NODES=========================-- 
-- ID: 0  -- ALIVE 0 -- 
-- ID: 1  -- ALIVE 1 -- 
-- ID: 2  -- ALIVE 1 -- 
---(PID) NODE 1 PID 26740 
---(PID) NODE 2 PID 15456 
---(PID) NODE 0 PID 19656 
MasterLocale: bwlf32   

 pi = 3.14173 ----------on locale 0
 pi = 3.14173 ----------on locale 0
(COMM LAYER) 0 :: FAILED NODES=========================-- 
-- ID: 0  -- ALIVE 0 -- 
-- ID: 1  -- ALIVE 1 -- 
-- ID: 2  -- ALIVE 1 -- 
---(PID) NODE 2 PID 26756 
---(PID) NODE 1 PID 19673 
---(PID) NODE 0 PID 15487 
MasterLocale: bwlf31   

 pi = 3.14173 ----------on locale 0
 pi = 3.14173 ----------on locale 0
(COMM LAYER) 0 :: FAILED NODES=========================-- 
-- ID: 0  -- ALIVE 0 -- 
-- ID: 1  -- ALIVE 1 -- 
-- ID: 2  -- ALIVE 1 -- 
---(PID) NODE 1 PID 26773 
---(PID) NODE 2 PID 15522 
---(PID) NODE 0 PID 19688 
MasterLocale: bwlf32   

 pi = 3.14173 ----------on locale 0
 pi = 3.14173 ----------on locale 0
(COMM LAYER) 0 :: FAILED NODES=========================-- 
-- ID: 0  -- ALIVE 0 -- 
-- ID: 1  -- ALIVE 1 -- 
-- ID: 2  -- ALIVE 1 -- 
---(PID) NODE 1 PID 26802 
---(PID) NODE 2 PID 19709 
---(PID) NODE 0 PID 15559 
MasterLocale: bwlf31   

 pi = 3.14173 ----------on locale 0
 pi = 3.14173 ----------on locale 0
(COMM LAYER) 0 :: FAILED NODES=========================-- 
-- ID: 0  -- ALIVE 0 -- 
-- ID: 1  -- ALIVE 1 -- 
-- ID: 2  -- ALIVE 1 -- 
---(PID) NODE 1 PID 26815 
---(PID) NODE 2 PID 19724 
---(PID) NODE 0 PID 15596 
MasterLocale: bwlf31   

 pi = 3.14173 ----------on locale 0
 pi = 3.14173 ----------on locale 0
(COMM LAYER) 0 :: FAILED NODES=========================-- 
-- ID: 0  -- ALIVE 0 -- 
-- ID: 1  -- ALIVE 1 -- 
-- ID: 2  -- ALIVE 1 -- 
---(PID) NODE 2 PID 15622 
---(PID) NODE 1 PID 19741 
---(PID) NODE 0 PID 26831 
MasterLocale: bwlf03   

 pi = 3.14173 ----------on locale 0
 pi = 3.14173 ----------on locale 0
(COMM LAYER) 0 :: FAILED NODES=========================-- 
-- ID: 0  -- ALIVE 0 -- 
-- ID: 1  -- ALIVE 1 -- 
-- ID: 2  -- ALIVE 1 -- 
---(PID) NODE 2 PID 15658 
---(PID) NODE 1 PID 19760 
---(PID) NODE 0 PID 26853 
MasterLocale: bwlf03   

 pi = 3.14173 ----------on locale 0
 pi = 3.14173 ----------on locale 0
(COMM LAYER) 0 :: FAILED NODES=========================-- 
-- ID: 0  -- ALIVE 0 -- 
-- ID: 1  -- ALIVE 1 -- 
-- ID: 2  -- ALIVE 1 -- 
---(PID) NODE 1 PID 26869 
---(PID) NODE 2 PID 15682 
---(PID) NODE 0 PID 19775 
MasterLocale: bwlf32   

 pi = 3.14173 ----------on locale 0
 pi = 3.14173 ----------on locale 0
(COMM LAYER) 0 :: FAILED NODES=========================-- 
-- ID: 0  -- ALIVE 0 -- 
-- ID: 1  -- ALIVE 1 -- 
-- ID: 2  -- ALIVE 1 -- 
---(PID) NODE 1 PID 15718 
---(PID) NODE 2 PID 26887 
---(PID) NODE 0 PID 19792 
MasterLocale: bwlf32   

 pi = 3.14173 ----------on locale 0
 pi = 3.14173 ----------on locale 0
(COMM LAYER) 0 :: FAILED NODES=========================-- 
-- ID: 0  -- ALIVE 0 -- 
-- ID: 1  -- ALIVE 1 -- 
-- ID: 2  -- ALIVE 1 -- 
---(PID) NODE 1 PID 26914 
---(PID) NODE 2 PID 19813 
---(PID) NODE 0 PID 15744 
MasterLocale: bwlf31   

 pi = 3.14173 ----------on locale 0
 pi = 3.14173 ----------on locale 0
(COMM LAYER) 0 :: FAILED NODES=========================-- 
-- ID: 0  -- ALIVE 0 -- 
-- ID: 1  -- ALIVE 1 -- 
-- ID: 2  -- ALIVE 1 -- 
---(PID) NODE 1 PID 26930 
---(PID) NODE 2 PID 19829 
---(PID) NODE 0 PID 15777 
MasterLocale: bwlf31   

 pi = 3.14173 ----------on locale 0
 pi = 3.14173 ----------on locale 0
(COMM LAYER) 0 :: FAILED NODES=========================-- 
-- ID: 0  -- ALIVE 0 -- 
-- ID: 1  -- ALIVE 1 -- 
-- ID: 2  -- ALIVE 1 -- 
---(PID) NODE 1 PID 19843 
---(PID) NODE 2 PID 26944 
---(PID) NODE 0 PID 15803 
MasterLocale: bwlf31   

 pi = 3.14173 ----------on locale 0
 pi = 3.14173 ----------on locale 0
(COMM LAYER) 0 :: FAILED NODES=========================-- 
-- ID: 0  -- ALIVE 0 -- 
-- ID: 1  -- ALIVE 1 -- 
-- ID: 2  -- ALIVE 1 -- 
---(PID) NODE 2 PID 15840 
---(PID) NODE 1 PID 26957 
---(PID) NODE 0 PID 19857 
MasterLocale: bwlf32   

 pi = 3.14173 ----------on locale 0
 pi = 3.14173 ----------on locale 0
(COMM LAYER) 0 :: FAILED NODES=========================-- 
-- ID: 0  -- ALIVE 0 -- 
-- ID: 1  -- ALIVE 1 -- 
-- ID: 2  -- ALIVE 1 -- 
